2020-11-24 00:00:13.630 [main] INFO  com.aiolos.news.AdminApplication - The following profiles are active: dev
2020-11-24 00:00:14.626 [main] INFO  o.s.d.r.c.RepositoryConfigurationDelegate - Multiple Spring Data modules found, entering strict repository configuration mode!
2020-11-24 00:00:14.629 [main] INFO  o.s.d.r.c.RepositoryConfigurationDelegate - Bootstrapping Spring Data Redis repositories in DEFAULT mode.
2020-11-24 00:00:14.668 [main] INFO  o.s.d.r.c.RepositoryConfigurationDelegate - Finished Spring Data repository scanning in 20ms. Found 0 Redis repository interfaces.
2020-11-24 00:00:14.823 [main] WARN  o.m.s.mapper.ClassPathMapperScanner - Skipping MapperFactoryBean with name 'adminUserDao' and 'com.aiolos.news.dao.AdminUserDao' mapperInterface. Bean already defined with the same name!
2020-11-24 00:00:14.823 [main] WARN  o.m.s.mapper.ClassPathMapperScanner - No MyBatis mapper was found in '[com.aiolos.news.dao]' package. Please check your configuration.
2020-11-24 00:00:14.927 [main] INFO  o.s.cloud.context.scope.GenericScope - BeanFactory id=7125a132-00f7-3e36-87d1-35a0c5437842
2020-11-24 00:00:15.814 [main] INFO  o.s.b.w.e.tomcat.TomcatWebServer - Tomcat initialized with port(s): 8005 (http)
2020-11-24 00:00:15.826 [main] INFO  o.a.coyote.http11.Http11NioProtocol - Initializing ProtocolHandler ["http-nio-8005"]
2020-11-24 00:00:15.826 [main] INFO  o.a.catalina.core.StandardService - Starting service [Tomcat]
2020-11-24 00:00:15.826 [main] INFO  o.a.catalina.core.StandardEngine - Starting Servlet engine: [Apache Tomcat/9.0.31]
2020-11-24 00:00:15.949 [main] INFO  o.a.c.c.C.[.[.[/news/admin] - Initializing Spring embedded WebApplicationContext
2020-11-24 00:00:15.950 [main] INFO  o.s.web.context.ContextLoader - Root WebApplicationContext: initialization completed in 2297 ms
2020-11-24 00:00:16.040 [main] INFO  c.a.d.s.b.a.DruidDataSourceAutoConfigure - Init DruidDataSource
2020-11-24 00:00:16.178 [main] INFO  c.alibaba.druid.pool.DruidDataSource - {dataSource-1} inited
2020-11-24 00:00:42.360 [main] INFO  s.d.s.w.PropertySourcedRequestMappingHandlerMapping - Mapped URL path [/v2/api-docs] onto method [springfox.documentation.swagger2.web.Swagger2Controller#getDocumentation(String, HttpServletRequest)]
2020-11-24 00:00:42.386 [main] WARN  c.n.c.sources.URLConfigurationSource - No URLs will be polled as dynamic configuration sources.
2020-11-24 00:00:42.386 [main] INFO  c.n.c.sources.URLConfigurationSource - To enable URLs as dynamic configuration sources, define System property archaius.configurationSource.additionalUrls or make config.properties available on classpath.
2020-11-24 00:00:42.391 [main] WARN  c.n.c.sources.URLConfigurationSource - No URLs will be polled as dynamic configuration sources.
2020-11-24 00:00:42.391 [main] INFO  c.n.c.sources.URLConfigurationSource - To enable URLs as dynamic configuration sources, define System property archaius.configurationSource.additionalUrls or make config.properties available on classpath.
2020-11-24 00:00:42.575 [main] INFO  o.s.s.c.ThreadPoolTaskExecutor - Initializing ExecutorService 'applicationTaskExecutor'
2020-11-24 00:00:42.748 [main] INFO  t.m.m.a.MapperCacheDisabler - Clear tk.mybatis.mapper.util.MsUtil CLASS_CACHE cache.
2020-11-24 00:00:42.749 [main] INFO  t.m.m.a.MapperCacheDisabler - Clear tk.mybatis.mapper.genid.GenIdUtil CACHE cache.
2020-11-24 00:00:42.750 [main] INFO  t.m.m.a.MapperCacheDisabler - Clear tk.mybatis.mapper.version.VersionUtil CACHE cache.
2020-11-24 00:00:42.751 [main] INFO  t.m.m.a.MapperCacheDisabler - Clear EntityHelper entityTableMap cache.
2020-11-24 00:00:43.238 [main] INFO  s.d.s.w.p.DocumentationPluginsBootstrapper - Context refreshed
2020-11-24 00:00:43.258 [main] INFO  s.d.s.w.p.DocumentationPluginsBootstrapper - Found 1 custom documentation plugin(s)
2020-11-24 00:00:43.304 [main] INFO  s.d.s.w.s.ApiListingReferenceScanner - Scanning for api listing references
2020-11-24 00:00:43.520 [main] INFO  o.a.coyote.http11.Http11NioProtocol - Starting ProtocolHandler ["http-nio-8005"]
2020-11-24 00:00:43.568 [main] INFO  o.s.b.w.e.tomcat.TomcatWebServer - Tomcat started on port(s): 8005 (http) with context path '/news/admin'
2020-11-24 00:00:43.575 [main] INFO  com.aiolos.news.AdminApplication - Started AdminApplication in 51.915 seconds (JVM running for 58.184)
2020-11-24 00:07:19.847 [SpringContextShutdownHook] INFO  o.s.s.c.ThreadPoolTaskExecutor - Shutting down ExecutorService 'applicationTaskExecutor'
2020-11-24 00:07:19.911 [SpringContextShutdownHook] INFO  c.alibaba.druid.pool.DruidDataSource - {dataSource-1} closed
2020-11-24 00:12:21.743 [main] INFO  com.aiolos.news.AdminApplication - The following profiles are active: dev
2020-11-24 00:12:22.546 [main] INFO  o.s.d.r.c.RepositoryConfigurationDelegate - Multiple Spring Data modules found, entering strict repository configuration mode!
2020-11-24 00:12:22.548 [main] INFO  o.s.d.r.c.RepositoryConfigurationDelegate - Bootstrapping Spring Data Redis repositories in DEFAULT mode.
2020-11-24 00:12:22.577 [main] INFO  o.s.d.r.c.RepositoryConfigurationDelegate - Finished Spring Data repository scanning in 16ms. Found 0 Redis repository interfaces.
2020-11-24 00:12:22.719 [main] WARN  o.m.s.mapper.ClassPathMapperScanner - Skipping MapperFactoryBean with name 'adminUserDao' and 'com.aiolos.news.dao.AdminUserDao' mapperInterface. Bean already defined with the same name!
2020-11-24 00:12:22.719 [main] WARN  o.m.s.mapper.ClassPathMapperScanner - No MyBatis mapper was found in '[com.aiolos.news.dao]' package. Please check your configuration.
2020-11-24 00:12:22.813 [main] INFO  o.s.cloud.context.scope.GenericScope - BeanFactory id=046256ce-14d0-36fb-97eb-38faf37f71da
2020-11-24 00:12:23.492 [main] INFO  o.s.b.w.e.tomcat.TomcatWebServer - Tomcat initialized with port(s): 8005 (http)
2020-11-24 00:12:23.507 [main] INFO  o.a.coyote.http11.Http11NioProtocol - Initializing ProtocolHandler ["http-nio-8005"]
2020-11-24 00:12:23.508 [main] INFO  o.a.catalina.core.StandardService - Starting service [Tomcat]
2020-11-24 00:12:23.508 [main] INFO  o.a.catalina.core.StandardEngine - Starting Servlet engine: [Apache Tomcat/9.0.31]
2020-11-24 00:12:23.623 [main] INFO  o.a.c.c.C.[.[.[/news/admin] - Initializing Spring embedded WebApplicationContext
2020-11-24 00:12:23.623 [main] INFO  o.s.web.context.ContextLoader - Root WebApplicationContext: initialization completed in 1859 ms
2020-11-24 00:12:23.721 [main] INFO  c.a.d.s.b.a.DruidDataSourceAutoConfigure - Init DruidDataSource
2020-11-24 00:12:23.844 [main] INFO  c.alibaba.druid.pool.DruidDataSource - {dataSource-1} inited
2020-11-24 00:12:49.920 [main] INFO  s.d.s.w.PropertySourcedRequestMappingHandlerMapping - Mapped URL path [/v2/api-docs] onto method [springfox.documentation.swagger2.web.Swagger2Controller#getDocumentation(String, HttpServletRequest)]
2020-11-24 00:12:49.942 [main] WARN  c.n.c.sources.URLConfigurationSource - No URLs will be polled as dynamic configuration sources.
2020-11-24 00:12:49.942 [main] INFO  c.n.c.sources.URLConfigurationSource - To enable URLs as dynamic configuration sources, define System property archaius.configurationSource.additionalUrls or make config.properties available on classpath.
2020-11-24 00:12:49.945 [main] WARN  c.n.c.sources.URLConfigurationSource - No URLs will be polled as dynamic configuration sources.
2020-11-24 00:12:49.946 [main] INFO  c.n.c.sources.URLConfigurationSource - To enable URLs as dynamic configuration sources, define System property archaius.configurationSource.additionalUrls or make config.properties available on classpath.
2020-11-24 00:12:50.087 [main] INFO  o.s.s.c.ThreadPoolTaskExecutor - Initializing ExecutorService 'applicationTaskExecutor'
2020-11-24 00:12:50.602 [main] INFO  t.m.m.a.MapperCacheDisabler - Clear tk.mybatis.mapper.util.MsUtil CLASS_CACHE cache.
2020-11-24 00:12:50.603 [main] INFO  t.m.m.a.MapperCacheDisabler - Clear tk.mybatis.mapper.genid.GenIdUtil CACHE cache.
2020-11-24 00:12:50.603 [main] INFO  t.m.m.a.MapperCacheDisabler - Clear tk.mybatis.mapper.version.VersionUtil CACHE cache.
2020-11-24 00:12:50.605 [main] INFO  t.m.m.a.MapperCacheDisabler - Clear EntityHelper entityTableMap cache.
2020-11-24 00:12:50.675 [main] INFO  s.d.s.w.p.DocumentationPluginsBootstrapper - Context refreshed
2020-11-24 00:12:50.693 [main] INFO  s.d.s.w.p.DocumentationPluginsBootstrapper - Found 1 custom documentation plugin(s)
2020-11-24 00:12:50.740 [main] INFO  s.d.s.w.s.ApiListingReferenceScanner - Scanning for api listing references
2020-11-24 00:12:50.953 [main] INFO  o.a.coyote.http11.Http11NioProtocol - Starting ProtocolHandler ["http-nio-8005"]
2020-11-24 00:12:50.989 [main] INFO  o.s.b.w.e.tomcat.TomcatWebServer - Tomcat started on port(s): 8005 (http) with context path '/news/admin'
2020-11-24 00:12:50.994 [main] INFO  com.aiolos.news.AdminApplication - Started AdminApplication in 51.157 seconds (JVM running for 56.997)
2020-11-24 00:13:09.298 [http-nio-8005-exec-1] INFO  o.a.c.c.C.[.[.[/news/admin] - Initializing Spring DispatcherServlet 'dispatcherServlet'
2020-11-24 00:13:09.299 [http-nio-8005-exec-1] INFO  o.s.web.servlet.DispatcherServlet - Initializing Servlet 'dispatcherServlet'
2020-11-24 00:13:09.311 [http-nio-8005-exec-1] INFO  o.s.web.servlet.DispatcherServlet - Completed initialization in 11 ms
2020-11-24 00:13:10.181 [http-nio-8005-exec-9] WARN  i.s.m.p.AbstractSerializableParameter - Illegal DefaultValue null for parameter type integer
java.lang.NumberFormatException: For input string: ""
	at java.lang.NumberFormatException.forInputString(NumberFormatException.java:65)
	at java.lang.Long.parseLong(Long.java:601)
	at java.lang.Long.valueOf(Long.java:803)
	at io.swagger.models.parameters.AbstractSerializableParameter.getExample(AbstractSerializableParameter.java:412)
	at sun.reflect.NativeMethodAccessorImpl.invoke0(Native Method)
	at sun.reflect.NativeMethodAccessorImpl.invoke(NativeMethodAccessorImpl.java:62)
	at sun.reflect.DelegatingMethodAccessorImpl.invoke(DelegatingMethodAccessorImpl.java:43)
	at java.lang.reflect.Method.invoke(Method.java:498)
	at com.fasterxml.jackson.databind.ser.BeanPropertyWriter.serializeAsField(BeanPropertyWriter.java:688)
	at com.fasterxml.jackson.databind.ser.std.BeanSerializerBase.serializeFields(BeanSerializerBase.java:722)
	at com.fasterxml.jackson.databind.ser.BeanSerializer.serialize(BeanSerializer.java:166)
	at com.fasterxml.jackson.databind.ser.impl.IndexedListSerializer.serializeContents(IndexedListSerializer.java:119)
	at com.fasterxml.jackson.databind.ser.impl.IndexedListSerializer.serialize(IndexedListSerializer.java:79)
	at com.fasterxml.jackson.databind.ser.impl.IndexedListSerializer.serialize(IndexedListSerializer.java:18)
	at com.fasterxml.jackson.databind.ser.BeanPropertyWriter.serializeAsField(BeanPropertyWriter.java:727)
	at com.fasterxml.jackson.databind.ser.std.BeanSerializerBase.serializeFields(BeanSerializerBase.java:722)
	at com.fasterxml.jackson.databind.ser.BeanSerializer.serialize(BeanSerializer.java:166)
	at com.fasterxml.jackson.databind.ser.BeanPropertyWriter.serializeAsField(BeanPropertyWriter.java:727)
	at com.fasterxml.jackson.databind.ser.std.BeanSerializerBase.serializeFields(BeanSerializerBase.java:722)
	at com.fasterxml.jackson.databind.ser.BeanSerializer.serialize(BeanSerializer.java:166)
	at com.fasterxml.jackson.databind.ser.std.MapSerializer.serializeFields(MapSerializer.java:722)
	at com.fasterxml.jackson.databind.ser.std.MapSerializer.serialize(MapSerializer.java:643)
	at com.fasterxml.jackson.databind.ser.std.MapSerializer.serialize(MapSerializer.java:33)
	at com.fasterxml.jackson.databind.ser.BeanPropertyWriter.serializeAsField(BeanPropertyWriter.java:727)
	at com.fasterxml.jackson.databind.ser.std.BeanSerializerBase.serializeFields(BeanSerializerBase.java:722)
	at com.fasterxml.jackson.databind.ser.BeanSerializer.serialize(BeanSerializer.java:166)
	at com.fasterxml.jackson.databind.ser.DefaultSerializerProvider._serialize(DefaultSerializerProvider.java:480)
	at com.fasterxml.jackson.databind.ser.DefaultSerializerProvider.serializeValue(DefaultSerializerProvider.java:319)
	at com.fasterxml.jackson.databind.ObjectMapper._configAndWriteValue(ObjectMapper.java:4094)
	at com.fasterxml.jackson.databind.ObjectMapper.writeValueAsString(ObjectMapper.java:3404)
	at springfox.documentation.spring.web.json.JsonSerializer.toJson(JsonSerializer.java:38)
	at springfox.documentation.swagger2.web.Swagger2Controller.getDocumentation(Swagger2Controller.java:105)
	at sun.reflect.NativeMethodAccessorImpl.invoke0(Native Method)
	at sun.reflect.NativeMethodAccessorImpl.invoke(NativeMethodAccessorImpl.java:62)
	at sun.reflect.DelegatingMethodAccessorImpl.invoke(DelegatingMethodAccessorImpl.java:43)
	at java.lang.reflect.Method.invoke(Method.java:498)
	at org.springframework.web.method.support.InvocableHandlerMethod.doInvoke(InvocableHandlerMethod.java:190)
	at org.springframework.web.method.support.InvocableHandlerMethod.invokeForRequest(InvocableHandlerMethod.java:138)
	at org.springframework.web.servlet.mvc.method.annotation.ServletInvocableHandlerMethod.invokeAndHandle(ServletInvocableHandlerMethod.java:106)
	at org.springframework.web.servlet.mvc.method.annotation.RequestMappingHandlerAdapter.invokeHandlerMethod(RequestMappingHandlerAdapter.java:879)
	at org.springframework.web.servlet.mvc.method.annotation.RequestMappingHandlerAdapter.handleInternal(RequestMappingHandlerAdapter.java:793)
	at org.springframework.web.servlet.mvc.method.AbstractHandlerMethodAdapter.handle(AbstractHandlerMethodAdapter.java:87)
	at org.springframework.web.servlet.DispatcherServlet.doDispatch(DispatcherServlet.java:1040)
	at org.springframework.web.servlet.DispatcherServlet.doService(DispatcherServlet.java:943)
	at org.springframework.web.servlet.FrameworkServlet.processRequest(FrameworkServlet.java:1006)
	at org.springframework.web.servlet.FrameworkServlet.doGet(FrameworkServlet.java:898)
	at javax.servlet.http.HttpServlet.service(HttpServlet.java:634)
	at org.springframework.web.servlet.FrameworkServlet.service(FrameworkServlet.java:883)
	at javax.servlet.http.HttpServlet.service(HttpServlet.java:741)
	at org.apache.catalina.core.ApplicationFilterChain.internalDoFilter(ApplicationFilterChain.java:231)
	at org.apache.catalina.core.ApplicationFilterChain.doFilter(ApplicationFilterChain.java:166)
	at org.apache.tomcat.websocket.server.WsFilter.doFilter(WsFilter.java:53)
	at org.apache.catalina.core.ApplicationFilterChain.internalDoFilter(ApplicationFilterChain.java:193)
	at org.apache.catalina.core.ApplicationFilterChain.doFilter(ApplicationFilterChain.java:166)
	at org.springframework.web.filter.CorsFilter.doFilterInternal(CorsFilter.java:92)
	at org.springframework.web.filter.OncePerRequestFilter.doFilter(OncePerRequestFilter.java:119)
	at org.apache.catalina.core.ApplicationFilterChain.internalDoFilter(ApplicationFilterChain.java:193)
	at org.apache.catalina.core.ApplicationFilterChain.doFilter(ApplicationFilterChain.java:166)
	at org.springframework.web.filter.RequestContextFilter.doFilterInternal(RequestContextFilter.java:100)
	at org.springframework.web.filter.OncePerRequestFilter.doFilter(OncePerRequestFilter.java:119)
	at org.apache.catalina.core.ApplicationFilterChain.internalDoFilter(ApplicationFilterChain.java:193)
	at org.apache.catalina.core.ApplicationFilterChain.doFilter(ApplicationFilterChain.java:166)
	at org.springframework.web.filter.FormContentFilter.doFilterInternal(FormContentFilter.java:93)
	at org.springframework.web.filter.OncePerRequestFilter.doFilter(OncePerRequestFilter.java:119)
	at org.apache.catalina.core.ApplicationFilterChain.internalDoFilter(ApplicationFilterChain.java:193)
	at org.apache.catalina.core.ApplicationFilterChain.doFilter(ApplicationFilterChain.java:166)
	at org.springframework.web.filter.CharacterEncodingFilter.doFilterInternal(CharacterEncodingFilter.java:201)
	at org.springframework.web.filter.OncePerRequestFilter.doFilter(OncePerRequestFilter.java:119)
	at org.apache.catalina.core.ApplicationFilterChain.internalDoFilter(ApplicationFilterChain.java:193)
	at org.apache.catalina.core.ApplicationFilterChain.doFilter(ApplicationFilterChain.java:166)
	at org.apache.catalina.core.StandardWrapperValve.invoke(StandardWrapperValve.java:202)
	at org.apache.catalina.core.StandardContextValve.invoke(StandardContextValve.java:96)
	at org.apache.catalina.authenticator.AuthenticatorBase.invoke(AuthenticatorBase.java:541)
	at org.apache.catalina.core.StandardHostValve.invoke(StandardHostValve.java:139)
	at org.apache.catalina.valves.ErrorReportValve.invoke(ErrorReportValve.java:92)
	at org.apache.catalina.core.StandardEngineValve.invoke(StandardEngineValve.java:74)
	at org.apache.catalina.connector.CoyoteAdapter.service(CoyoteAdapter.java:343)
	at org.apache.coyote.http11.Http11Processor.service(Http11Processor.java:367)
	at org.apache.coyote.AbstractProcessorLight.process(AbstractProcessorLight.java:65)
	at org.apache.coyote.AbstractProtocol$ConnectionHandler.process(AbstractProtocol.java:868)
	at org.apache.tomcat.util.net.NioEndpoint$SocketProcessor.doRun(NioEndpoint.java:1639)
	at org.apache.tomcat.util.net.SocketProcessorBase.run(SocketProcessorBase.java:49)
	at java.util.concurrent.ThreadPoolExecutor.runWorker(ThreadPoolExecutor.java:1149)
	at java.util.concurrent.ThreadPoolExecutor$Worker.run(ThreadPoolExecutor.java:624)
	at org.apache.tomcat.util.threads.TaskThread$WrappingRunnable.run(TaskThread.java:61)
	at java.lang.Thread.run(Thread.java:748)
2020-11-24 00:13:10.183 [http-nio-8005-exec-9] WARN  i.s.m.p.AbstractSerializableParameter - Illegal DefaultValue null for parameter type integer
java.lang.NumberFormatException: For input string: ""
	at java.lang.NumberFormatException.forInputString(NumberFormatException.java:65)
	at java.lang.Long.parseLong(Long.java:601)
	at java.lang.Long.valueOf(Long.java:803)
	at io.swagger.models.parameters.AbstractSerializableParameter.getExample(AbstractSerializableParameter.java:412)
	at sun.reflect.NativeMethodAccessorImpl.invoke0(Native Method)
	at sun.reflect.NativeMethodAccessorImpl.invoke(NativeMethodAccessorImpl.java:62)
	at sun.reflect.DelegatingMethodAccessorImpl.invoke(DelegatingMethodAccessorImpl.java:43)
	at java.lang.reflect.Method.invoke(Method.java:498)
	at com.fasterxml.jackson.databind.ser.BeanPropertyWriter.serializeAsField(BeanPropertyWriter.java:688)
	at com.fasterxml.jackson.databind.ser.std.BeanSerializerBase.serializeFields(BeanSerializerBase.java:722)
	at com.fasterxml.jackson.databind.ser.BeanSerializer.serialize(BeanSerializer.java:166)
	at com.fasterxml.jackson.databind.ser.impl.IndexedListSerializer.serializeContents(IndexedListSerializer.java:119)
	at com.fasterxml.jackson.databind.ser.impl.IndexedListSerializer.serialize(IndexedListSerializer.java:79)
	at com.fasterxml.jackson.databind.ser.impl.IndexedListSerializer.serialize(IndexedListSerializer.java:18)
	at com.fasterxml.jackson.databind.ser.BeanPropertyWriter.serializeAsField(BeanPropertyWriter.java:727)
	at com.fasterxml.jackson.databind.ser.std.BeanSerializerBase.serializeFields(BeanSerializerBase.java:722)
	at com.fasterxml.jackson.databind.ser.BeanSerializer.serialize(BeanSerializer.java:166)
	at com.fasterxml.jackson.databind.ser.BeanPropertyWriter.serializeAsField(BeanPropertyWriter.java:727)
	at com.fasterxml.jackson.databind.ser.std.BeanSerializerBase.serializeFields(BeanSerializerBase.java:722)
	at com.fasterxml.jackson.databind.ser.BeanSerializer.serialize(BeanSerializer.java:166)
	at com.fasterxml.jackson.databind.ser.std.MapSerializer.serializeFields(MapSerializer.java:722)
	at com.fasterxml.jackson.databind.ser.std.MapSerializer.serialize(MapSerializer.java:643)
	at com.fasterxml.jackson.databind.ser.std.MapSerializer.serialize(MapSerializer.java:33)
	at com.fasterxml.jackson.databind.ser.BeanPropertyWriter.serializeAsField(BeanPropertyWriter.java:727)
	at com.fasterxml.jackson.databind.ser.std.BeanSerializerBase.serializeFields(BeanSerializerBase.java:722)
	at com.fasterxml.jackson.databind.ser.BeanSerializer.serialize(BeanSerializer.java:166)
	at com.fasterxml.jackson.databind.ser.DefaultSerializerProvider._serialize(DefaultSerializerProvider.java:480)
	at com.fasterxml.jackson.databind.ser.DefaultSerializerProvider.serializeValue(DefaultSerializerProvider.java:319)
	at com.fasterxml.jackson.databind.ObjectMapper._configAndWriteValue(ObjectMapper.java:4094)
	at com.fasterxml.jackson.databind.ObjectMapper.writeValueAsString(ObjectMapper.java:3404)
	at springfox.documentation.spring.web.json.JsonSerializer.toJson(JsonSerializer.java:38)
	at springfox.documentation.swagger2.web.Swagger2Controller.getDocumentation(Swagger2Controller.java:105)
	at sun.reflect.NativeMethodAccessorImpl.invoke0(Native Method)
	at sun.reflect.NativeMethodAccessorImpl.invoke(NativeMethodAccessorImpl.java:62)
	at sun.reflect.DelegatingMethodAccessorImpl.invoke(DelegatingMethodAccessorImpl.java:43)
	at java.lang.reflect.Method.invoke(Method.java:498)
	at org.springframework.web.method.support.InvocableHandlerMethod.doInvoke(InvocableHandlerMethod.java:190)
	at org.springframework.web.method.support.InvocableHandlerMethod.invokeForRequest(InvocableHandlerMethod.java:138)
	at org.springframework.web.servlet.mvc.method.annotation.ServletInvocableHandlerMethod.invokeAndHandle(ServletInvocableHandlerMethod.java:106)
	at org.springframework.web.servlet.mvc.method.annotation.RequestMappingHandlerAdapter.invokeHandlerMethod(RequestMappingHandlerAdapter.java:879)
	at org.springframework.web.servlet.mvc.method.annotation.RequestMappingHandlerAdapter.handleInternal(RequestMappingHandlerAdapter.java:793)
	at org.springframework.web.servlet.mvc.method.AbstractHandlerMethodAdapter.handle(AbstractHandlerMethodAdapter.java:87)
	at org.springframework.web.servlet.DispatcherServlet.doDispatch(DispatcherServlet.java:1040)
	at org.springframework.web.servlet.DispatcherServlet.doService(DispatcherServlet.java:943)
	at org.springframework.web.servlet.FrameworkServlet.processRequest(FrameworkServlet.java:1006)
	at org.springframework.web.servlet.FrameworkServlet.doGet(FrameworkServlet.java:898)
	at javax.servlet.http.HttpServlet.service(HttpServlet.java:634)
	at org.springframework.web.servlet.FrameworkServlet.service(FrameworkServlet.java:883)
	at javax.servlet.http.HttpServlet.service(HttpServlet.java:741)
	at org.apache.catalina.core.ApplicationFilterChain.internalDoFilter(ApplicationFilterChain.java:231)
	at org.apache.catalina.core.ApplicationFilterChain.doFilter(ApplicationFilterChain.java:166)
	at org.apache.tomcat.websocket.server.WsFilter.doFilter(WsFilter.java:53)
	at org.apache.catalina.core.ApplicationFilterChain.internalDoFilter(ApplicationFilterChain.java:193)
	at org.apache.catalina.core.ApplicationFilterChain.doFilter(ApplicationFilterChain.java:166)
	at org.springframework.web.filter.CorsFilter.doFilterInternal(CorsFilter.java:92)
	at org.springframework.web.filter.OncePerRequestFilter.doFilter(OncePerRequestFilter.java:119)
	at org.apache.catalina.core.ApplicationFilterChain.internalDoFilter(ApplicationFilterChain.java:193)
	at org.apache.catalina.core.ApplicationFilterChain.doFilter(ApplicationFilterChain.java:166)
	at org.springframework.web.filter.RequestContextFilter.doFilterInternal(RequestContextFilter.java:100)
	at org.springframework.web.filter.OncePerRequestFilter.doFilter(OncePerRequestFilter.java:119)
	at org.apache.catalina.core.ApplicationFilterChain.internalDoFilter(ApplicationFilterChain.java:193)
	at org.apache.catalina.core.ApplicationFilterChain.doFilter(ApplicationFilterChain.java:166)
	at org.springframework.web.filter.FormContentFilter.doFilterInternal(FormContentFilter.java:93)
	at org.springframework.web.filter.OncePerRequestFilter.doFilter(OncePerRequestFilter.java:119)
	at org.apache.catalina.core.ApplicationFilterChain.internalDoFilter(ApplicationFilterChain.java:193)
	at org.apache.catalina.core.ApplicationFilterChain.doFilter(ApplicationFilterChain.java:166)
	at org.springframework.web.filter.CharacterEncodingFilter.doFilterInternal(CharacterEncodingFilter.java:201)
	at org.springframework.web.filter.OncePerRequestFilter.doFilter(OncePerRequestFilter.java:119)
	at org.apache.catalina.core.ApplicationFilterChain.internalDoFilter(ApplicationFilterChain.java:193)
	at org.apache.catalina.core.ApplicationFilterChain.doFilter(ApplicationFilterChain.java:166)
	at org.apache.catalina.core.StandardWrapperValve.invoke(StandardWrapperValve.java:202)
	at org.apache.catalina.core.StandardContextValve.invoke(StandardContextValve.java:96)
	at org.apache.catalina.authenticator.AuthenticatorBase.invoke(AuthenticatorBase.java:541)
	at org.apache.catalina.core.StandardHostValve.invoke(StandardHostValve.java:139)
	at org.apache.catalina.valves.ErrorReportValve.invoke(ErrorReportValve.java:92)
	at org.apache.catalina.core.StandardEngineValve.invoke(StandardEngineValve.java:74)
	at org.apache.catalina.connector.CoyoteAdapter.service(CoyoteAdapter.java:343)
	at org.apache.coyote.http11.Http11Processor.service(Http11Processor.java:367)
	at org.apache.coyote.AbstractProcessorLight.process(AbstractProcessorLight.java:65)
	at org.apache.coyote.AbstractProtocol$ConnectionHandler.process(AbstractProtocol.java:868)
	at org.apache.tomcat.util.net.NioEndpoint$SocketProcessor.doRun(NioEndpoint.java:1639)
	at org.apache.tomcat.util.net.SocketProcessorBase.run(SocketProcessorBase.java:49)
	at java.util.concurrent.ThreadPoolExecutor.runWorker(ThreadPoolExecutor.java:1149)
	at java.util.concurrent.ThreadPoolExecutor$Worker.run(ThreadPoolExecutor.java:624)
	at org.apache.tomcat.util.threads.TaskThread$WrappingRunnable.run(TaskThread.java:61)
	at java.lang.Thread.run(Thread.java:748)
2020-11-24 00:13:48.190 [http-nio-8005-exec-2] INFO  c.a.news.aspect.ServiceLogAspect - ============ 开始执行 class com.aiolos.news.service.impl.AdminUserServiceImpl.queryAdminList ============
2020-11-24 00:13:49.073 [http-nio-8005-exec-2] INFO  c.a.n.c.advice.GlobalExceptionAdvice - 
### Error querying database.  Cause: java.sql.SQLSyntaxErrorException: Unknown column 'createdTime' in 'order clause'
### The error may exist in com/aiolos/news/dao/AdminUserDao.java (best guess)
### The error may involve defaultParameterMap
### The error occurred while setting parameters
### SQL: SELECT  id,username,password,face_id,admin_name,created_time,updated_time  FROM admin_user           ORDER BY createdTime DESC LIMIT ?
### Cause: java.sql.SQLSyntaxErrorException: Unknown column 'createdTime' in 'order clause'
; bad SQL grammar []; nested exception is java.sql.SQLSyntaxErrorException: Unknown column 'createdTime' in 'order clause'
2020-11-24 00:14:25.666 [http-nio-8005-exec-10] INFO  c.a.news.aspect.ServiceLogAspect - ============ 开始执行 class com.aiolos.news.service.impl.AdminUserServiceImpl.queryAdminList ============
2020-11-24 00:18:43.873 [http-nio-8005-exec-10] INFO  c.a.n.c.advice.GlobalExceptionAdvice - 
### Error querying database.  Cause: java.sql.SQLSyntaxErrorException: Unknown column 'createdTime' in 'order clause'
### The error may exist in com/aiolos/news/dao/AdminUserDao.java (best guess)
### The error may involve defaultParameterMap
### The error occurred while setting parameters
### SQL: SELECT  id,username,password,face_id,admin_name,created_time,updated_time  FROM admin_user           ORDER BY createdTime DESC LIMIT ?
### Cause: java.sql.SQLSyntaxErrorException: Unknown column 'createdTime' in 'order clause'
; bad SQL grammar []; nested exception is java.sql.SQLSyntaxErrorException: Unknown column 'createdTime' in 'order clause'
2020-11-24 00:19:04.564 [SpringContextShutdownHook] INFO  o.s.s.c.ThreadPoolTaskExecutor - Shutting down ExecutorService 'applicationTaskExecutor'
2020-11-24 00:19:04.601 [SpringContextShutdownHook] INFO  c.alibaba.druid.pool.DruidDataSource - {dataSource-1} closed
2020-11-24 00:19:41.403 [main] INFO  com.aiolos.news.AdminApplication - The following profiles are active: dev
2020-11-24 00:19:42.316 [main] INFO  o.s.d.r.c.RepositoryConfigurationDelegate - Multiple Spring Data modules found, entering strict repository configuration mode!
2020-11-24 00:19:42.318 [main] INFO  o.s.d.r.c.RepositoryConfigurationDelegate - Bootstrapping Spring Data Redis repositories in DEFAULT mode.
2020-11-24 00:19:42.350 [main] INFO  o.s.d.r.c.RepositoryConfigurationDelegate - Finished Spring Data repository scanning in 18ms. Found 0 Redis repository interfaces.
2020-11-24 00:19:42.496 [main] WARN  o.m.s.mapper.ClassPathMapperScanner - Skipping MapperFactoryBean with name 'adminUserDao' and 'com.aiolos.news.dao.AdminUserDao' mapperInterface. Bean already defined with the same name!
2020-11-24 00:19:42.497 [main] WARN  o.m.s.mapper.ClassPathMapperScanner - No MyBatis mapper was found in '[com.aiolos.news.dao]' package. Please check your configuration.
2020-11-24 00:19:42.590 [main] INFO  o.s.cloud.context.scope.GenericScope - BeanFactory id=046256ce-14d0-36fb-97eb-38faf37f71da
2020-11-24 00:19:43.331 [main] INFO  o.s.b.w.e.tomcat.TomcatWebServer - Tomcat initialized with port(s): 8005 (http)
2020-11-24 00:19:43.343 [main] INFO  o.a.coyote.http11.Http11NioProtocol - Initializing ProtocolHandler ["http-nio-8005"]
2020-11-24 00:19:43.344 [main] INFO  o.a.catalina.core.StandardService - Starting service [Tomcat]
2020-11-24 00:19:43.344 [main] INFO  o.a.catalina.core.StandardEngine - Starting Servlet engine: [Apache Tomcat/9.0.31]
2020-11-24 00:19:43.455 [main] INFO  o.a.c.c.C.[.[.[/news/admin] - Initializing Spring embedded WebApplicationContext
2020-11-24 00:19:43.455 [main] INFO  o.s.web.context.ContextLoader - Root WebApplicationContext: initialization completed in 2031 ms
2020-11-24 00:19:43.550 [main] INFO  c.a.d.s.b.a.DruidDataSourceAutoConfigure - Init DruidDataSource
2020-11-24 00:19:43.660 [main] INFO  c.alibaba.druid.pool.DruidDataSource - {dataSource-1} inited
2020-11-24 00:20:09.704 [main] INFO  s.d.s.w.PropertySourcedRequestMappingHandlerMapping - Mapped URL path [/v2/api-docs] onto method [springfox.documentation.swagger2.web.Swagger2Controller#getDocumentation(String, HttpServletRequest)]
2020-11-24 00:20:09.725 [main] WARN  c.n.c.sources.URLConfigurationSource - No URLs will be polled as dynamic configuration sources.
2020-11-24 00:20:09.725 [main] INFO  c.n.c.sources.URLConfigurationSource - To enable URLs as dynamic configuration sources, define System property archaius.configurationSource.additionalUrls or make config.properties available on classpath.
2020-11-24 00:20:09.729 [main] WARN  c.n.c.sources.URLConfigurationSource - No URLs will be polled as dynamic configuration sources.
2020-11-24 00:20:09.729 [main] INFO  c.n.c.sources.URLConfigurationSource - To enable URLs as dynamic configuration sources, define System property archaius.configurationSource.additionalUrls or make config.properties available on classpath.
2020-11-24 00:20:09.867 [main] INFO  o.s.s.c.ThreadPoolTaskExecutor - Initializing ExecutorService 'applicationTaskExecutor'
2020-11-24 00:20:10.361 [main] INFO  t.m.m.a.MapperCacheDisabler - Clear tk.mybatis.mapper.util.MsUtil CLASS_CACHE cache.
2020-11-24 00:20:10.361 [main] INFO  t.m.m.a.MapperCacheDisabler - Clear tk.mybatis.mapper.genid.GenIdUtil CACHE cache.
2020-11-24 00:20:10.362 [main] INFO  t.m.m.a.MapperCacheDisabler - Clear tk.mybatis.mapper.version.VersionUtil CACHE cache.
2020-11-24 00:20:10.363 [main] INFO  t.m.m.a.MapperCacheDisabler - Clear EntityHelper entityTableMap cache.
2020-11-24 00:20:10.435 [main] INFO  s.d.s.w.p.DocumentationPluginsBootstrapper - Context refreshed
2020-11-24 00:20:10.452 [main] INFO  s.d.s.w.p.DocumentationPluginsBootstrapper - Found 1 custom documentation plugin(s)
2020-11-24 00:20:10.499 [main] INFO  s.d.s.w.s.ApiListingReferenceScanner - Scanning for api listing references
2020-11-24 00:20:10.714 [main] INFO  o.a.coyote.http11.Http11NioProtocol - Starting ProtocolHandler ["http-nio-8005"]
2020-11-24 00:20:10.748 [main] INFO  o.s.b.w.e.tomcat.TomcatWebServer - Tomcat started on port(s): 8005 (http) with context path '/news/admin'
2020-11-24 00:20:10.754 [main] INFO  com.aiolos.news.AdminApplication - Started AdminApplication in 51.341 seconds (JVM running for 57.108)
2020-11-24 00:20:27.873 [http-nio-8005-exec-1] INFO  o.a.c.c.C.[.[.[/news/admin] - Initializing Spring DispatcherServlet 'dispatcherServlet'
2020-11-24 00:20:27.874 [http-nio-8005-exec-1] INFO  o.s.web.servlet.DispatcherServlet - Initializing Servlet 'dispatcherServlet'
2020-11-24 00:20:27.885 [http-nio-8005-exec-1] INFO  o.s.web.servlet.DispatcherServlet - Completed initialization in 10 ms
2020-11-24 00:20:27.920 [http-nio-8005-exec-1] INFO  c.a.news.controller.AdminController - Enter function getAdminList, parameter page: null, pageSize: null
2020-11-24 00:20:27.925 [http-nio-8005-exec-1] INFO  c.a.news.aspect.ServiceLogAspect - ============ 开始执行 class com.aiolos.news.service.impl.AdminUserServiceImpl.queryAdminList ============
2020-11-24 00:20:52.363 [http-nio-8005-exec-1] ERROR c.a.news.aspect.ServiceLogAspect - 当前执行耗时：24438
2020-11-24 00:21:06.411 [http-nio-8005-exec-2] INFO  c.a.news.controller.AdminController - Enter function getAdminList, parameter page: null, pageSize: null
2020-11-24 00:21:06.413 [http-nio-8005-exec-2] INFO  c.a.news.aspect.ServiceLogAspect - ============ 开始执行 class com.aiolos.news.service.impl.AdminUserServiceImpl.queryAdminList ============
2020-11-24 00:21:06.423 [http-nio-8005-exec-2] INFO  c.a.news.aspect.ServiceLogAspect - 当前执行耗时：10
2020-11-24 03:01:08.072 [SpringContextShutdownHook] INFO  o.s.s.c.ThreadPoolTaskExecutor - Shutting down ExecutorService 'applicationTaskExecutor'
2020-11-24 03:01:08.223 [SpringContextShutdownHook] INFO  c.alibaba.druid.pool.DruidDataSource - {dataSource-1} closed
2020-11-24 03:01:47.523 [main] INFO  com.aiolos.news.AdminApplication - The following profiles are active: dev
2020-11-24 03:01:48.508 [main] INFO  o.s.d.r.c.RepositoryConfigurationDelegate - Multiple Spring Data modules found, entering strict repository configuration mode!
2020-11-24 03:01:48.511 [main] INFO  o.s.d.r.c.RepositoryConfigurationDelegate - Bootstrapping Spring Data Redis repositories in DEFAULT mode.
2020-11-24 03:01:48.550 [main] INFO  o.s.d.r.c.RepositoryConfigurationDelegate - Finished Spring Data repository scanning in 21ms. Found 0 Redis repository interfaces.
2020-11-24 03:01:48.702 [main] WARN  o.m.s.mapper.ClassPathMapperScanner - Skipping MapperFactoryBean with name 'adminUserDao' and 'com.aiolos.news.dao.AdminUserDao' mapperInterface. Bean already defined with the same name!
2020-11-24 03:01:48.703 [main] WARN  o.m.s.mapper.ClassPathMapperScanner - No MyBatis mapper was found in '[com.aiolos.news.dao]' package. Please check your configuration.
2020-11-24 03:01:48.805 [main] INFO  o.s.cloud.context.scope.GenericScope - BeanFactory id=046256ce-14d0-36fb-97eb-38faf37f71da
2020-11-24 03:01:49.466 [main] INFO  o.s.b.w.e.tomcat.TomcatWebServer - Tomcat initialized with port(s): 8005 (http)
2020-11-24 03:01:49.479 [main] INFO  o.a.coyote.http11.Http11NioProtocol - Initializing ProtocolHandler ["http-nio-8005"]
2020-11-24 03:01:49.480 [main] INFO  o.a.catalina.core.StandardService - Starting service [Tomcat]
2020-11-24 03:01:49.480 [main] INFO  o.a.catalina.core.StandardEngine - Starting Servlet engine: [Apache Tomcat/9.0.31]
2020-11-24 03:01:49.591 [main] INFO  o.a.c.c.C.[.[.[/news/admin] - Initializing Spring embedded WebApplicationContext
2020-11-24 03:01:49.591 [main] INFO  o.s.web.context.ContextLoader - Root WebApplicationContext: initialization completed in 2043 ms
2020-11-24 03:01:49.677 [main] INFO  c.a.d.s.b.a.DruidDataSourceAutoConfigure - Init DruidDataSource
2020-11-24 03:01:49.819 [main] INFO  c.alibaba.druid.pool.DruidDataSource - {dataSource-1} inited
2020-11-24 03:02:16.054 [main] INFO  s.d.s.w.PropertySourcedRequestMappingHandlerMapping - Mapped URL path [/v2/api-docs] onto method [springfox.documentation.swagger2.web.Swagger2Controller#getDocumentation(String, HttpServletRequest)]
2020-11-24 03:02:16.080 [main] WARN  c.n.c.sources.URLConfigurationSource - No URLs will be polled as dynamic configuration sources.
2020-11-24 03:02:16.080 [main] INFO  c.n.c.sources.URLConfigurationSource - To enable URLs as dynamic configuration sources, define System property archaius.configurationSource.additionalUrls or make config.properties available on classpath.
2020-11-24 03:02:16.085 [main] WARN  c.n.c.sources.URLConfigurationSource - No URLs will be polled as dynamic configuration sources.
2020-11-24 03:02:16.085 [main] INFO  c.n.c.sources.URLConfigurationSource - To enable URLs as dynamic configuration sources, define System property archaius.configurationSource.additionalUrls or make config.properties available on classpath.
2020-11-24 03:02:16.242 [main] INFO  o.s.s.c.ThreadPoolTaskExecutor - Initializing ExecutorService 'applicationTaskExecutor'
2020-11-24 03:02:16.804 [main] INFO  t.m.m.a.MapperCacheDisabler - Clear tk.mybatis.mapper.util.MsUtil CLASS_CACHE cache.
2020-11-24 03:02:16.806 [main] INFO  t.m.m.a.MapperCacheDisabler - Clear tk.mybatis.mapper.genid.GenIdUtil CACHE cache.
2020-11-24 03:02:16.806 [main] INFO  t.m.m.a.MapperCacheDisabler - Clear tk.mybatis.mapper.version.VersionUtil CACHE cache.
2020-11-24 03:02:16.809 [main] INFO  t.m.m.a.MapperCacheDisabler - Clear EntityHelper entityTableMap cache.
2020-11-24 03:02:16.937 [main] INFO  s.d.s.w.p.DocumentationPluginsBootstrapper - Context refreshed
2020-11-24 03:02:16.961 [main] INFO  s.d.s.w.p.DocumentationPluginsBootstrapper - Found 1 custom documentation plugin(s)
2020-11-24 03:02:17.021 [main] INFO  s.d.s.w.s.ApiListingReferenceScanner - Scanning for api listing references
2020-11-24 03:02:17.245 [main] INFO  o.a.coyote.http11.Http11NioProtocol - Starting ProtocolHandler ["http-nio-8005"]
2020-11-24 03:02:17.285 [main] INFO  o.s.b.w.e.tomcat.TomcatWebServer - Tomcat started on port(s): 8005 (http) with context path '/news/admin'
2020-11-24 03:02:17.290 [main] INFO  com.aiolos.news.AdminApplication - Started AdminApplication in 51.745 seconds (JVM running for 57.799)
2020-11-24 03:05:00.654 [http-nio-8005-exec-1] INFO  o.a.c.c.C.[.[.[/news/admin] - Initializing Spring DispatcherServlet 'dispatcherServlet'
2020-11-24 03:05:00.658 [http-nio-8005-exec-1] INFO  o.s.web.servlet.DispatcherServlet - Initializing Servlet 'dispatcherServlet'
2020-11-24 03:05:00.687 [http-nio-8005-exec-1] INFO  o.s.web.servlet.DispatcherServlet - Completed initialization in 29 ms
2020-11-24 03:11:29.393 [http-nio-8005-exec-4] INFO  c.a.news.controller.AdminController - Enter function adminLogin, parameter adminLoginBO: AdminLoginBO(username=admin, password=aiolosADMIN1204., img64=null)
2020-11-24 03:11:29.402 [http-nio-8005-exec-4] INFO  c.a.news.aspect.ServiceLogAspect - ============ 开始执行 class com.aiolos.news.service.impl.AdminUserServiceImpl.queryAdminByUsername ============
2020-11-24 03:11:30.173 [http-nio-8005-exec-4] INFO  c.a.news.aspect.ServiceLogAspect - 当前执行耗时：770
2020-11-24 03:11:30.643 [http-nio-8005-exec-4] INFO  io.lettuce.core.EpollProvider - Starting without optional epoll library
2020-11-24 03:11:30.645 [http-nio-8005-exec-4] INFO  io.lettuce.core.KqueueProvider - Starting without optional kqueue library
2020-11-24 03:32:02.630 [http-nio-8005-exec-8] INFO  c.a.news.controller.AdminController - Enter function getAdminList, parameter page: null, pageSize: 10
2020-11-24 03:32:02.633 [http-nio-8005-exec-8] INFO  c.a.news.aspect.ServiceLogAspect - ============ 开始执行 class com.aiolos.news.service.impl.AdminUserServiceImpl.queryAdminList ============
2020-11-24 03:32:02.770 [http-nio-8005-exec-8] INFO  c.a.news.aspect.ServiceLogAspect - 当前执行耗时：137
2020-11-24 03:32:53.593 [http-nio-8005-exec-10] INFO  c.a.news.controller.AdminController - Enter function getAdminList, parameter page: null, pageSize: 10
2020-11-24 03:32:53.594 [http-nio-8005-exec-10] INFO  c.a.news.aspect.ServiceLogAspect - ============ 开始执行 class com.aiolos.news.service.impl.AdminUserServiceImpl.queryAdminList ============
2020-11-24 03:32:53.607 [http-nio-8005-exec-10] INFO  c.a.news.aspect.ServiceLogAspect - 当前执行耗时：13
2020-11-24 03:33:38.056 [http-nio-8005-exec-2] INFO  c.a.news.controller.AdminController - Enter function getAdminList, parameter page: null, pageSize: 10
2020-11-24 03:33:48.856 [http-nio-8005-exec-2] INFO  c.a.news.aspect.ServiceLogAspect - ============ 开始执行 class com.aiolos.news.service.impl.AdminUserServiceImpl.queryAdminList ============
2020-11-24 03:33:48.964 [http-nio-8005-exec-2] INFO  c.a.news.aspect.ServiceLogAspect - 当前执行耗时：107
2020-11-24 03:34:06.227 [SpringContextShutdownHook] INFO  o.s.s.c.ThreadPoolTaskExecutor - Shutting down ExecutorService 'applicationTaskExecutor'
2020-11-24 03:34:06.381 [SpringContextShutdownHook] INFO  c.alibaba.druid.pool.DruidDataSource - {dataSource-1} closed
2020-11-24 03:34:55.556 [main] INFO  com.aiolos.news.AdminApplication - The following profiles are active: dev
2020-11-24 03:34:56.540 [main] INFO  o.s.d.r.c.RepositoryConfigurationDelegate - Multiple Spring Data modules found, entering strict repository configuration mode!
2020-11-24 03:34:56.544 [main] INFO  o.s.d.r.c.RepositoryConfigurationDelegate - Bootstrapping Spring Data Redis repositories in DEFAULT mode.
2020-11-24 03:34:56.587 [main] INFO  o.s.d.r.c.RepositoryConfigurationDelegate - Finished Spring Data repository scanning in 19ms. Found 0 Redis repository interfaces.
2020-11-24 03:34:56.758 [main] WARN  o.m.s.mapper.ClassPathMapperScanner - Skipping MapperFactoryBean with name 'adminUserDao' and 'com.aiolos.news.dao.AdminUserDao' mapperInterface. Bean already defined with the same name!
2020-11-24 03:34:56.758 [main] WARN  o.m.s.mapper.ClassPathMapperScanner - No MyBatis mapper was found in '[com.aiolos.news.dao]' package. Please check your configuration.
2020-11-24 03:34:56.859 [main] INFO  o.s.cloud.context.scope.GenericScope - BeanFactory id=046256ce-14d0-36fb-97eb-38faf37f71da
2020-11-24 03:34:57.545 [main] INFO  o.s.b.w.e.tomcat.TomcatWebServer - Tomcat initialized with port(s): 8005 (http)
2020-11-24 03:34:57.558 [main] INFO  o.a.coyote.http11.Http11NioProtocol - Initializing ProtocolHandler ["http-nio-8005"]
2020-11-24 03:34:57.558 [main] INFO  o.a.catalina.core.StandardService - Starting service [Tomcat]
2020-11-24 03:34:57.558 [main] INFO  o.a.catalina.core.StandardEngine - Starting Servlet engine: [Apache Tomcat/9.0.31]
2020-11-24 03:34:57.679 [main] INFO  o.a.c.c.C.[.[.[/news/admin] - Initializing Spring embedded WebApplicationContext
2020-11-24 03:34:57.680 [main] INFO  o.s.web.context.ContextLoader - Root WebApplicationContext: initialization completed in 2101 ms
2020-11-24 03:34:57.772 [main] INFO  c.a.d.s.b.a.DruidDataSourceAutoConfigure - Init DruidDataSource
2020-11-24 03:34:57.907 [main] INFO  c.alibaba.druid.pool.DruidDataSource - {dataSource-1} inited
2020-11-24 03:35:24.163 [main] INFO  s.d.s.w.PropertySourcedRequestMappingHandlerMapping - Mapped URL path [/v2/api-docs] onto method [springfox.documentation.swagger2.web.Swagger2Controller#getDocumentation(String, HttpServletRequest)]
2020-11-24 03:35:24.188 [main] WARN  c.n.c.sources.URLConfigurationSource - No URLs will be polled as dynamic configuration sources.
2020-11-24 03:35:24.189 [main] INFO  c.n.c.sources.URLConfigurationSource - To enable URLs as dynamic configuration sources, define System property archaius.configurationSource.additionalUrls or make config.properties available on classpath.
2020-11-24 03:35:24.194 [main] WARN  c.n.c.sources.URLConfigurationSource - No URLs will be polled as dynamic configuration sources.
2020-11-24 03:35:24.194 [main] INFO  c.n.c.sources.URLConfigurationSource - To enable URLs as dynamic configuration sources, define System property archaius.configurationSource.additionalUrls or make config.properties available on classpath.
2020-11-24 03:35:24.387 [main] INFO  o.s.s.c.ThreadPoolTaskExecutor - Initializing ExecutorService 'applicationTaskExecutor'
2020-11-24 03:35:25.057 [main] INFO  t.m.m.a.MapperCacheDisabler - Clear tk.mybatis.mapper.util.MsUtil CLASS_CACHE cache.
2020-11-24 03:35:25.059 [main] INFO  t.m.m.a.MapperCacheDisabler - Clear tk.mybatis.mapper.genid.GenIdUtil CACHE cache.
2020-11-24 03:35:25.059 [main] INFO  t.m.m.a.MapperCacheDisabler - Clear tk.mybatis.mapper.version.VersionUtil CACHE cache.
2020-11-24 03:35:25.062 [main] INFO  t.m.m.a.MapperCacheDisabler - Clear EntityHelper entityTableMap cache.
2020-11-24 03:35:25.143 [main] INFO  s.d.s.w.p.DocumentationPluginsBootstrapper - Context refreshed
2020-11-24 03:35:25.164 [main] INFO  s.d.s.w.p.DocumentationPluginsBootstrapper - Found 1 custom documentation plugin(s)
2020-11-24 03:35:25.216 [main] INFO  s.d.s.w.s.ApiListingReferenceScanner - Scanning for api listing references
2020-11-24 03:35:25.446 [main] INFO  o.a.coyote.http11.Http11NioProtocol - Starting ProtocolHandler ["http-nio-8005"]
2020-11-24 03:35:25.483 [main] INFO  o.s.b.w.e.tomcat.TomcatWebServer - Tomcat started on port(s): 8005 (http) with context path '/news/admin'
2020-11-24 03:35:25.488 [main] INFO  com.aiolos.news.AdminApplication - Started AdminApplication in 51.926 seconds (JVM running for 57.732)
2020-11-24 03:37:50.047 [http-nio-8005-exec-1] INFO  o.a.c.c.C.[.[.[/news/admin] - Initializing Spring DispatcherServlet 'dispatcherServlet'
2020-11-24 03:37:50.048 [http-nio-8005-exec-1] INFO  o.s.web.servlet.DispatcherServlet - Initializing Servlet 'dispatcherServlet'
2020-11-24 03:37:50.060 [http-nio-8005-exec-1] INFO  o.s.web.servlet.DispatcherServlet - Completed initialization in 12 ms
2020-11-24 03:37:50.230 [http-nio-8005-exec-2] INFO  io.lettuce.core.EpollProvider - Starting without optional epoll library
2020-11-24 03:37:50.231 [http-nio-8005-exec-2] INFO  io.lettuce.core.KqueueProvider - Starting without optional kqueue library
2020-11-24 03:37:55.539 [http-nio-8005-exec-2] INFO  c.a.news.controller.AdminController - Enter function getAdminList, parameter page: null, pageSize: 10
2020-11-24 03:37:55.545 [http-nio-8005-exec-2] INFO  c.a.news.aspect.ServiceLogAspect - ============ 开始执行 class com.aiolos.news.service.impl.AdminUserServiceImpl.queryAdminList ============
2020-11-24 03:37:56.055 [http-nio-8005-exec-2] INFO  c.a.news.aspect.ServiceLogAspect - 当前执行耗时：510
2020-11-24 03:39:14.018 [http-nio-8005-exec-6] INFO  c.a.news.controller.AdminController - Enter function adminIsExist, parameter username: t
2020-11-24 03:39:14.019 [http-nio-8005-exec-6] INFO  c.a.news.aspect.ServiceLogAspect - ============ 开始执行 class com.aiolos.news.service.impl.AdminUserServiceImpl.queryAdminByUsername ============
2020-11-24 03:39:14.043 [http-nio-8005-exec-6] INFO  c.a.news.aspect.ServiceLogAspect - 当前执行耗时：24
2020-11-24 03:39:14.211 [http-nio-8005-exec-8] INFO  c.a.news.controller.AdminController - Enter function adminIsExist, parameter username: tes
2020-11-24 03:39:14.211 [http-nio-8005-exec-8] INFO  c.a.news.aspect.ServiceLogAspect - ============ 开始执行 class com.aiolos.news.service.impl.AdminUserServiceImpl.queryAdminByUsername ============
2020-11-24 03:39:14.214 [http-nio-8005-exec-8] INFO  c.a.news.aspect.ServiceLogAspect - 当前执行耗时：3
2020-11-24 03:39:14.385 [http-nio-8005-exec-9] INFO  c.a.news.controller.AdminController - Enter function adminIsExist, parameter username: tes
2020-11-24 03:39:14.385 [http-nio-8005-exec-9] INFO  c.a.news.aspect.ServiceLogAspect - ============ 开始执行 class com.aiolos.news.service.impl.AdminUserServiceImpl.queryAdminByUsername ============
2020-11-24 03:39:14.390 [http-nio-8005-exec-9] INFO  c.a.news.aspect.ServiceLogAspect - 当前执行耗时：5
2020-11-24 03:39:14.508 [http-nio-8005-exec-1] INFO  c.a.news.controller.AdminController - Enter function adminIsExist, parameter username: test
2020-11-24 03:39:14.508 [http-nio-8005-exec-1] INFO  c.a.news.aspect.ServiceLogAspect - ============ 开始执行 class com.aiolos.news.service.impl.AdminUserServiceImpl.queryAdminByUsername ============
2020-11-24 03:39:14.511 [http-nio-8005-exec-1] INFO  c.a.news.aspect.ServiceLogAspect - 当前执行耗时：3
2020-11-24 03:39:21.756 [http-nio-8005-exec-3] INFO  c.a.news.controller.AdminController - Enter function addNewAdmin, parameter newAdminBO: NewAdminBO(username=test, adminName=test, password=test, confirmPassword=test, img64=null, faceId=null)
2020-11-24 03:39:21.757 [http-nio-8005-exec-3] INFO  c.a.news.aspect.ServiceLogAspect - ============ 开始执行 class com.aiolos.news.service.impl.AdminUserServiceImpl.queryAdminByUsername ============
2020-11-24 03:39:21.760 [http-nio-8005-exec-3] INFO  c.a.news.aspect.ServiceLogAspect - 当前执行耗时：3
2020-11-24 03:39:21.768 [http-nio-8005-exec-3] INFO  c.a.news.aspect.ServiceLogAspect - ============ 开始执行 class com.aiolos.news.service.impl.AdminUserServiceImpl.createAdminUser ============
2020-11-24 03:39:22.149 [http-nio-8005-exec-3] INFO  c.a.news.aspect.ServiceLogAspect - 当前执行耗时：381
2020-11-24 03:39:22.219 [http-nio-8005-exec-5] INFO  c.a.news.controller.AdminController - Enter function getAdminList, parameter page: null, pageSize: 10
2020-11-24 03:39:22.219 [http-nio-8005-exec-5] INFO  c.a.news.aspect.ServiceLogAspect - ============ 开始执行 class com.aiolos.news.service.impl.AdminUserServiceImpl.queryAdminList ============
2020-11-24 03:39:22.227 [http-nio-8005-exec-5] INFO  c.a.news.aspect.ServiceLogAspect - 当前执行耗时：8
2020-11-24 03:39:35.043 [SpringContextShutdownHook] INFO  o.s.s.c.ThreadPoolTaskExecutor - Shutting down ExecutorService 'applicationTaskExecutor'
2020-11-24 03:39:35.183 [SpringContextShutdownHook] INFO  c.alibaba.druid.pool.DruidDataSource - {dataSource-1} closed
