2020-12-08 11:44:03.125 [main] INFO  com.aiolos.news.ArticleApplication - The following profiles are active: dev
2020-12-08 11:44:04.080 [main] INFO  o.s.d.r.c.RepositoryConfigurationDelegate - Multiple Spring Data modules found, entering strict repository configuration mode!
2020-12-08 11:44:04.081 [main] INFO  o.s.d.r.c.RepositoryConfigurationDelegate - Bootstrapping Spring Data MongoDB repositories in DEFAULT mode.
2020-12-08 11:44:04.106 [main] INFO  o.s.d.r.c.RepositoryConfigurationDelegate - Finished Spring Data repository scanning in 19ms. Found 0 MongoDB repository interfaces.
2020-12-08 11:44:04.121 [main] INFO  o.s.d.r.c.RepositoryConfigurationDelegate - Multiple Spring Data modules found, entering strict repository configuration mode!
2020-12-08 11:44:04.122 [main] INFO  o.s.d.r.c.RepositoryConfigurationDelegate - Bootstrapping Spring Data Redis repositories in DEFAULT mode.
2020-12-08 11:44:04.138 [main] INFO  o.s.d.r.c.RepositoryConfigurationDelegate - Finished Spring Data repository scanning in 6ms. Found 0 Redis repository interfaces.
2020-12-08 11:44:04.318 [main] WARN  o.m.s.mapper.ClassPathMapperScanner - Skipping MapperFactoryBean with name 'articleDao' and 'com.aiolos.news.dao.ArticleDao' mapperInterface. Bean already defined with the same name!
2020-12-08 11:44:04.318 [main] WARN  o.m.s.mapper.ClassPathMapperScanner - Skipping MapperFactoryBean with name 'commentsDao' and 'com.aiolos.news.dao.CommentsDao' mapperInterface. Bean already defined with the same name!
2020-12-08 11:44:04.318 [main] WARN  o.m.s.mapper.ClassPathMapperScanner - No MyBatis mapper was found in '[com.aiolos.news.dao]' package. Please check your configuration.
2020-12-08 11:44:04.420 [main] INFO  o.s.cloud.context.scope.GenericScope - BeanFactory id=cb4f32d5-532f-3306-b33c-622c9a234ebd
2020-12-08 11:44:05.104 [main] INFO  o.s.b.w.e.tomcat.TomcatWebServer - Tomcat initialized with port(s): 8001 (http)
2020-12-08 11:44:05.113 [main] INFO  o.a.coyote.http11.Http11NioProtocol - Initializing ProtocolHandler ["http-nio-8001"]
2020-12-08 11:44:05.114 [main] INFO  o.a.catalina.core.StandardService - Starting service [Tomcat]
2020-12-08 11:44:05.114 [main] INFO  o.a.catalina.core.StandardEngine - Starting Servlet engine: [Apache Tomcat/9.0.31]
2020-12-08 11:44:05.233 [main] INFO  o.a.c.c.C.[.[.[/news/article] - Initializing Spring embedded WebApplicationContext
2020-12-08 11:44:05.233 [main] INFO  o.s.web.context.ContextLoader - Root WebApplicationContext: initialization completed in 2087 ms
2020-12-08 11:44:05.320 [main] INFO  c.a.d.s.b.a.DruidDataSourceAutoConfigure - Init DruidDataSource
2020-12-08 11:44:05.443 [main] INFO  c.alibaba.druid.pool.DruidDataSource - {dataSource-1} inited
2020-12-08 11:44:31.472 [main] WARN  o.s.b.a.w.f.WebConversionService - Auto-configuration of Joda-Time formatters is deprecated in favor of using java.time (JSR-310).
2020-12-08 11:44:31.611 [main] INFO  s.d.s.w.PropertySourcedRequestMappingHandlerMapping - Mapped URL path [/v2/api-docs] onto method [springfox.documentation.swagger2.web.Swagger2Controller#getDocumentation(String, HttpServletRequest)]
2020-12-08 11:44:31.663 [main] WARN  c.n.c.sources.URLConfigurationSource - No URLs will be polled as dynamic configuration sources.
2020-12-08 11:44:31.664 [main] INFO  c.n.c.sources.URLConfigurationSource - To enable URLs as dynamic configuration sources, define System property archaius.configurationSource.additionalUrls or make config.properties available on classpath.
2020-12-08 11:44:31.671 [main] WARN  c.n.c.sources.URLConfigurationSource - No URLs will be polled as dynamic configuration sources.
2020-12-08 11:44:31.671 [main] INFO  c.n.c.sources.URLConfigurationSource - To enable URLs as dynamic configuration sources, define System property archaius.configurationSource.additionalUrls or make config.properties available on classpath.
2020-12-08 11:44:31.905 [main] INFO  o.s.s.c.ThreadPoolTaskExecutor - Initializing ExecutorService 'applicationTaskExecutor'
2020-12-08 11:44:32.287 [main] INFO  org.mongodb.driver.cluster - Cluster created with settings {hosts=[localhost:27017], mode=SINGLE, requiredClusterType=UNKNOWN, serverSelectionTimeout='30000 ms', maxWaitQueueSize=500}
2020-12-08 11:44:32.362 [cluster-ClusterId{value='5fcef6a0025ba2631208fce7', description='null'}-localhost:27017] INFO  org.mongodb.driver.connection - Opened connection [connectionId{localValue:1, serverValue:42}] to localhost:27017
2020-12-08 11:44:32.368 [cluster-ClusterId{value='5fcef6a0025ba2631208fce7', description='null'}-localhost:27017] INFO  org.mongodb.driver.cluster - Monitor thread successfully connected to server with description ServerDescription{address=localhost:27017, type=STANDALONE, state=CONNECTED, ok=true, version=ServerVersion{versionList=[4, 4, 2]}, minWireVersion=0, maxWireVersion=9, maxDocumentSize=16777216, logicalSessionTimeoutMinutes=30, roundTripTimeNanos=3347791}
2020-12-08 11:44:32.886 [main] WARN  o.s.b.a.f.FreeMarkerAutoConfiguration - Cannot find template location(s): [classpath:/templates/] (please add some templates, check your FreeMarker configuration, or set spring.freemarker.checkTemplateLocation=false)
2020-12-08 11:44:33.207 [main] INFO  t.m.m.a.MapperCacheDisabler - Clear tk.mybatis.mapper.util.MsUtil CLASS_CACHE cache.
2020-12-08 11:44:33.208 [main] INFO  t.m.m.a.MapperCacheDisabler - Clear tk.mybatis.mapper.genid.GenIdUtil CACHE cache.
2020-12-08 11:44:33.208 [main] INFO  t.m.m.a.MapperCacheDisabler - Clear tk.mybatis.mapper.version.VersionUtil CACHE cache.
2020-12-08 11:44:33.210 [main] INFO  t.m.m.a.MapperCacheDisabler - Clear EntityHelper entityTableMap cache.
2020-12-08 11:44:33.281 [main] INFO  s.d.s.w.p.DocumentationPluginsBootstrapper - Context refreshed
2020-12-08 11:44:33.299 [main] INFO  s.d.s.w.p.DocumentationPluginsBootstrapper - Found 1 custom documentation plugin(s)
2020-12-08 11:44:33.340 [main] INFO  s.d.s.w.s.ApiListingReferenceScanner - Scanning for api listing references
2020-12-08 11:44:33.520 [main] INFO  o.a.coyote.http11.Http11NioProtocol - Starting ProtocolHandler ["http-nio-8001"]
2020-12-08 11:44:33.554 [main] INFO  o.s.b.w.e.tomcat.TomcatWebServer - Tomcat started on port(s): 8001 (http) with context path '/news/article'
2020-12-08 11:44:33.559 [main] INFO  com.aiolos.news.ArticleApplication - Started ArticleApplication in 52.398 seconds (JVM running for 58.162)
2020-12-08 11:52:10.175 [http-nio-8001-exec-1] INFO  o.a.c.c.C.[.[.[/news/article] - Initializing Spring DispatcherServlet 'dispatcherServlet'
2020-12-08 11:52:10.176 [http-nio-8001-exec-1] INFO  o.s.web.servlet.DispatcherServlet - Initializing Servlet 'dispatcherServlet'
2020-12-08 11:52:10.221 [http-nio-8001-exec-1] INFO  o.s.web.servlet.DispatcherServlet - Completed initialization in 44 ms
2020-12-08 11:52:10.302 [http-nio-8001-exec-1] INFO  c.a.news.aspect.ServiceLogAspect - ============ 开始执行 class com.aiolos.news.service.impl.ArticlePortalServiceImpl.queryHotList ============
2020-12-08 11:52:10.308 [http-nio-8001-exec-2] INFO  c.a.n.c.ArticlePortalController - Enter function article/portal/list, parameter keyword: , category: null, page: 1, pageSize: 15
2020-12-08 11:52:10.309 [http-nio-8001-exec-2] INFO  c.a.news.aspect.ServiceLogAspect - ============ 开始执行 class com.aiolos.news.service.impl.ArticlePortalServiceImpl.queryIndexArticleList ============
2020-12-08 11:52:11.031 [http-nio-8001-exec-1] INFO  c.a.news.aspect.ServiceLogAspect - 当前执行耗时：729
2020-12-08 11:52:18.488 [http-nio-8001-exec-4] INFO  c.a.news.aspect.ServiceLogAspect - ============ 开始执行 class com.aiolos.news.service.impl.ArticlePortalServiceImpl.queryHotList ============
2020-12-08 11:52:18.492 [http-nio-8001-exec-3] INFO  c.a.n.c.ArticlePortalController - Enter function article/portal/list, parameter keyword: , category: null, page: 1, pageSize: 15
2020-12-08 11:52:18.492 [http-nio-8001-exec-3] INFO  c.a.news.aspect.ServiceLogAspect - ============ 开始执行 class com.aiolos.news.service.impl.ArticlePortalServiceImpl.queryIndexArticleList ============
2020-12-08 11:52:18.520 [http-nio-8001-exec-4] INFO  c.a.news.aspect.ServiceLogAspect - 当前执行耗时：30
2020-12-08 11:52:18.535 [http-nio-8001-exec-2] ERROR c.a.news.aspect.ServiceLogAspect - 当前执行耗时：8225
2020-12-08 11:52:18.549 [http-nio-8001-exec-3] INFO  c.a.news.aspect.ServiceLogAspect - 当前执行耗时：56
2020-12-08 11:52:18.552 [http-nio-8001-exec-2] INFO  c.a.n.c.advice.GlobalExceptionAdvice - java.io.IOException: Broken pipe
2020-12-08 11:52:18.562 [http-nio-8001-exec-2] WARN  o.s.w.s.m.m.a.ExceptionHandlerExceptionResolver - Failure in @ExceptionHandler com.aiolos.news.common.advice.GlobalExceptionAdvice#handlerCustomizeException(HttpServletRequest, HttpServletResponse, Exception)
org.apache.catalina.connector.ClientAbortException: java.io.IOException: Broken pipe
	at org.apache.catalina.connector.OutputBuffer.realWriteBytes(OutputBuffer.java:351)
	at org.apache.catalina.connector.OutputBuffer.flushByteBuffer(OutputBuffer.java:776)
	at org.apache.catalina.connector.OutputBuffer.append(OutputBuffer.java:681)
	at org.apache.catalina.connector.OutputBuffer.writeBytes(OutputBuffer.java:386)
	at org.apache.catalina.connector.OutputBuffer.write(OutputBuffer.java:364)
	at org.apache.catalina.connector.CoyoteOutputStream.write(CoyoteOutputStream.java:96)
	at com.fasterxml.jackson.core.json.UTF8JsonGenerator._flushBuffer(UTF8JsonGenerator.java:2137)
	at com.fasterxml.jackson.core.json.UTF8JsonGenerator.flush(UTF8JsonGenerator.java:1150)
	at com.fasterxml.jackson.databind.ObjectWriter.writeValue(ObjectWriter.java:923)
	at org.springframework.http.converter.json.AbstractJackson2HttpMessageConverter.writeInternal(AbstractJackson2HttpMessageConverter.java:294)
	at org.springframework.http.converter.AbstractGenericHttpMessageConverter.write(AbstractGenericHttpMessageConverter.java:104)
	at org.springframework.web.servlet.mvc.method.annotation.AbstractMessageConverterMethodProcessor.writeWithMessageConverters(AbstractMessageConverterMethodProcessor.java:287)
	at org.springframework.web.servlet.mvc.method.annotation.RequestResponseBodyMethodProcessor.handleReturnValue(RequestResponseBodyMethodProcessor.java:181)
	at org.springframework.web.method.support.HandlerMethodReturnValueHandlerComposite.handleReturnValue(HandlerMethodReturnValueHandlerComposite.java:82)
	at org.springframework.web.servlet.mvc.method.annotation.ServletInvocableHandlerMethod.invokeAndHandle(ServletInvocableHandlerMethod.java:124)
	at org.springframework.web.servlet.mvc.method.annotation.ExceptionHandlerExceptionResolver.doResolveHandlerMethodException(ExceptionHandlerExceptionResolver.java:403)
	at org.springframework.web.servlet.handler.AbstractHandlerMethodExceptionResolver.doResolveException(AbstractHandlerMethodExceptionResolver.java:61)
	at org.springframework.web.servlet.handler.AbstractHandlerExceptionResolver.resolveException(AbstractHandlerExceptionResolver.java:141)
	at org.springframework.web.servlet.handler.HandlerExceptionResolverComposite.resolveException(HandlerExceptionResolverComposite.java:80)
	at org.springframework.web.servlet.DispatcherServlet.processHandlerException(DispatcherServlet.java:1300)
	at org.springframework.web.servlet.DispatcherServlet.processDispatchResult(DispatcherServlet.java:1111)
	at org.springframework.web.servlet.DispatcherServlet.doDispatch(DispatcherServlet.java:1057)
	at org.springframework.web.servlet.DispatcherServlet.doService(DispatcherServlet.java:943)
	at org.springframework.web.servlet.FrameworkServlet.processRequest(FrameworkServlet.java:1006)
	at org.springframework.web.servlet.FrameworkServlet.doGet(FrameworkServlet.java:898)
	at javax.servlet.http.HttpServlet.service(HttpServlet.java:634)
	at org.springframework.web.servlet.FrameworkServlet.service(FrameworkServlet.java:883)
	at javax.servlet.http.HttpServlet.service(HttpServlet.java:741)
	at org.apache.catalina.core.ApplicationFilterChain.internalDoFilter(ApplicationFilterChain.java:231)
	at org.apache.catalina.core.ApplicationFilterChain.doFilter(ApplicationFilterChain.java:166)
	at org.apache.tomcat.websocket.server.WsFilter.doFilter(WsFilter.java:53)
	at org.apache.catalina.core.ApplicationFilterChain.internalDoFilter(ApplicationFilterChain.java:193)
	at org.apache.catalina.core.ApplicationFilterChain.doFilter(ApplicationFilterChain.java:166)
	at org.springframework.web.filter.CorsFilter.doFilterInternal(CorsFilter.java:92)
	at org.springframework.web.filter.OncePerRequestFilter.doFilter(OncePerRequestFilter.java:119)
	at org.apache.catalina.core.ApplicationFilterChain.internalDoFilter(ApplicationFilterChain.java:193)
	at org.apache.catalina.core.ApplicationFilterChain.doFilter(ApplicationFilterChain.java:166)
	at org.springframework.web.filter.RequestContextFilter.doFilterInternal(RequestContextFilter.java:100)
	at org.springframework.web.filter.OncePerRequestFilter.doFilter(OncePerRequestFilter.java:119)
	at org.apache.catalina.core.ApplicationFilterChain.internalDoFilter(ApplicationFilterChain.java:193)
	at org.apache.catalina.core.ApplicationFilterChain.doFilter(ApplicationFilterChain.java:166)
	at org.springframework.web.filter.FormContentFilter.doFilterInternal(FormContentFilter.java:93)
	at org.springframework.web.filter.OncePerRequestFilter.doFilter(OncePerRequestFilter.java:119)
	at org.apache.catalina.core.ApplicationFilterChain.internalDoFilter(ApplicationFilterChain.java:193)
	at org.apache.catalina.core.ApplicationFilterChain.doFilter(ApplicationFilterChain.java:166)
	at org.springframework.web.filter.CharacterEncodingFilter.doFilterInternal(CharacterEncodingFilter.java:201)
	at org.springframework.web.filter.OncePerRequestFilter.doFilter(OncePerRequestFilter.java:119)
	at org.apache.catalina.core.ApplicationFilterChain.internalDoFilter(ApplicationFilterChain.java:193)
	at org.apache.catalina.core.ApplicationFilterChain.doFilter(ApplicationFilterChain.java:166)
	at org.apache.catalina.core.StandardWrapperValve.invoke(StandardWrapperValve.java:202)
	at org.apache.catalina.core.StandardContextValve.invoke(StandardContextValve.java:96)
	at org.apache.catalina.authenticator.AuthenticatorBase.invoke(AuthenticatorBase.java:541)
	at org.apache.catalina.core.StandardHostValve.invoke(StandardHostValve.java:139)
	at org.apache.catalina.valves.ErrorReportValve.invoke(ErrorReportValve.java:92)
	at org.apache.catalina.core.StandardEngineValve.invoke(StandardEngineValve.java:74)
	at org.apache.catalina.connector.CoyoteAdapter.service(CoyoteAdapter.java:343)
	at org.apache.coyote.http11.Http11Processor.service(Http11Processor.java:367)
	at org.apache.coyote.AbstractProcessorLight.process(AbstractProcessorLight.java:65)
	at org.apache.coyote.AbstractProtocol$ConnectionHandler.process(AbstractProtocol.java:868)
	at org.apache.tomcat.util.net.NioEndpoint$SocketProcessor.doRun(NioEndpoint.java:1639)
	at org.apache.tomcat.util.net.SocketProcessorBase.run(SocketProcessorBase.java:49)
	at java.util.concurrent.ThreadPoolExecutor.runWorker(ThreadPoolExecutor.java:1149)
	at java.util.concurrent.ThreadPoolExecutor$Worker.run(ThreadPoolExecutor.java:624)
	at org.apache.tomcat.util.threads.TaskThread$WrappingRunnable.run(TaskThread.java:61)
	at java.lang.Thread.run(Thread.java:748)
Caused by: java.io.IOException: Broken pipe
	at sun.nio.ch.FileDispatcherImpl.write0(Native Method)
	at sun.nio.ch.SocketDispatcher.write(SocketDispatcher.java:47)
	at sun.nio.ch.IOUtil.writeFromNativeBuffer(IOUtil.java:93)
	at sun.nio.ch.IOUtil.write(IOUtil.java:65)
	at sun.nio.ch.SocketChannelImpl.write(SocketChannelImpl.java:471)
	at org.apache.tomcat.util.net.NioChannel.write(NioChannel.java:138)
	at org.apache.tomcat.util.net.NioEndpoint$NioSocketWrapper.doWrite(NioEndpoint.java:1279)
	at org.apache.tomcat.util.net.SocketWrapperBase.doWrite(SocketWrapperBase.java:741)
	at org.apache.tomcat.util.net.SocketWrapperBase.writeBlocking(SocketWrapperBase.java:561)
	at org.apache.tomcat.util.net.SocketWrapperBase.write(SocketWrapperBase.java:505)
	at org.apache.coyote.http11.Http11OutputBuffer$SocketOutputBuffer.doWrite(Http11OutputBuffer.java:538)
	at org.apache.coyote.http11.filters.ChunkedOutputFilter.doWrite(ChunkedOutputFilter.java:110)
	at org.apache.coyote.http11.Http11OutputBuffer.doWrite(Http11OutputBuffer.java:190)
	at org.apache.coyote.Response.doWrite(Response.java:601)
	at org.apache.catalina.connector.OutputBuffer.realWriteBytes(OutputBuffer.java:339)
	... 64 common frames omitted
2020-12-08 11:52:42.343 [http-nio-8001-exec-5] WARN  o.s.web.servlet.PageNotFound - No mapping for GET /news/article/portal/article/detail
2020-12-08 11:52:42.345 [http-nio-8001-exec-5] INFO  c.a.n.c.advice.GlobalExceptionAdvice - No handler found for GET /news/article/portal/article/detail
2020-12-08 11:52:42.350 [http-nio-8001-exec-7] WARN  o.s.web.servlet.PageNotFound - No mapping for GET /news/article/comment/list
2020-12-08 11:52:42.350 [http-nio-8001-exec-6] WARN  o.s.web.servlet.PageNotFound - No mapping for POST /news/article/portal/article/readArticle
2020-12-08 11:52:42.350 [http-nio-8001-exec-6] INFO  c.a.n.c.advice.GlobalExceptionAdvice - No handler found for POST /news/article/portal/article/readArticle
2020-12-08 11:52:42.350 [http-nio-8001-exec-7] INFO  c.a.n.c.advice.GlobalExceptionAdvice - No handler found for GET /news/article/comment/list
2020-12-08 11:52:42.353 [http-nio-8001-exec-8] WARN  o.s.web.servlet.PageNotFound - No mapping for GET /news/article/comment/counts
2020-12-08 11:52:42.354 [http-nio-8001-exec-8] INFO  c.a.n.c.advice.GlobalExceptionAdvice - No handler found for GET /news/article/comment/counts
2020-12-08 11:54:14.385 [http-nio-8001-exec-7] WARN  o.s.web.servlet.PageNotFound - No mapping for GET /news/article/comment/counts
2020-12-08 11:54:14.386 [http-nio-8001-exec-2] WARN  o.s.web.servlet.PageNotFound - No mapping for POST /news/article/portal/article/readArticle
2020-12-08 11:54:14.385 [http-nio-8001-exec-3] WARN  o.s.web.servlet.PageNotFound - No mapping for GET /news/article/portal/article/detail
2020-12-08 11:54:14.385 [http-nio-8001-exec-5] WARN  o.s.web.servlet.PageNotFound - No mapping for GET /news/article/comment/list
2020-12-08 11:54:14.390 [http-nio-8001-exec-2] INFO  c.a.n.c.advice.GlobalExceptionAdvice - No handler found for POST /news/article/portal/article/readArticle
2020-12-08 11:54:14.392 [http-nio-8001-exec-3] INFO  c.a.n.c.advice.GlobalExceptionAdvice - No handler found for GET /news/article/portal/article/detail
2020-12-08 11:54:14.392 [http-nio-8001-exec-5] INFO  c.a.n.c.advice.GlobalExceptionAdvice - No handler found for GET /news/article/comment/list
2020-12-08 11:54:14.393 [http-nio-8001-exec-7] INFO  c.a.n.c.advice.GlobalExceptionAdvice - No handler found for GET /news/article/comment/counts
2020-12-08 11:54:38.316 [http-nio-8001-exec-6] WARN  o.s.web.servlet.PageNotFound - No mapping for GET /news/article/portal/article/detail
2020-12-08 11:54:38.317 [http-nio-8001-exec-6] INFO  c.a.n.c.advice.GlobalExceptionAdvice - No handler found for GET /news/article/portal/article/detail
2020-12-08 11:54:38.324 [http-nio-8001-exec-8] WARN  o.s.web.servlet.PageNotFound - No mapping for POST /news/article/portal/article/readArticle
2020-12-08 11:54:38.324 [http-nio-8001-exec-8] INFO  c.a.n.c.advice.GlobalExceptionAdvice - No handler found for POST /news/article/portal/article/readArticle
2020-12-08 11:54:38.325 [http-nio-8001-exec-1] WARN  o.s.web.servlet.PageNotFound - No mapping for GET /news/article/comment/list
2020-12-08 11:54:38.328 [http-nio-8001-exec-1] INFO  c.a.n.c.advice.GlobalExceptionAdvice - No handler found for GET /news/article/comment/list
2020-12-08 11:54:38.335 [http-nio-8001-exec-10] WARN  o.s.web.servlet.PageNotFound - No mapping for GET /news/article/comment/counts
2020-12-08 11:54:38.336 [http-nio-8001-exec-10] INFO  c.a.n.c.advice.GlobalExceptionAdvice - No handler found for GET /news/article/comment/counts
2020-12-08 11:55:57.331 [http-nio-8001-exec-6] WARN  o.s.web.servlet.PageNotFound - No mapping for GET /news/article/comment/counts
2020-12-08 11:55:57.331 [http-nio-8001-exec-8] WARN  o.s.web.servlet.PageNotFound - No mapping for GET /news/article/comment/list
2020-12-08 11:55:57.331 [http-nio-8001-exec-3] WARN  o.s.web.servlet.PageNotFound - No mapping for POST /news/article/portal/readArticle
2020-12-08 11:55:57.339 [http-nio-8001-exec-8] INFO  c.a.n.c.advice.GlobalExceptionAdvice - No handler found for GET /news/article/comment/list
2020-12-08 11:55:57.339 [http-nio-8001-exec-6] INFO  c.a.n.c.advice.GlobalExceptionAdvice - No handler found for GET /news/article/comment/counts
2020-12-08 11:55:57.347 [http-nio-8001-exec-3] INFO  c.a.n.c.advice.GlobalExceptionAdvice - No handler found for POST /news/article/portal/readArticle
2020-12-08 11:55:57.360 [http-nio-8001-exec-5] INFO  c.a.news.aspect.ServiceLogAspect - ============ 开始执行 class com.aiolos.news.service.impl.ArticlePortalServiceImpl.queryDetail ============
2020-12-08 11:55:57.422 [http-nio-8001-exec-5] INFO  c.a.n.c.advice.GlobalExceptionAdvice - Source must not be null
2020-12-08 11:57:25.497 [http-nio-8001-exec-2] INFO  c.a.news.aspect.ServiceLogAspect - ============ 开始执行 class com.aiolos.news.service.impl.ArticlePortalServiceImpl.queryDetail ============
2020-12-08 11:57:25.533 [http-nio-8001-exec-2] INFO  c.a.n.c.advice.GlobalExceptionAdvice - Source must not be null
2020-12-08 11:58:29.332 [http-nio-8001-exec-6] INFO  c.a.news.aspect.ServiceLogAspect - ============ 开始执行 class com.aiolos.news.service.impl.ArticlePortalServiceImpl.queryDetail ============
2020-12-08 12:00:14.363 [http-nio-8001-exec-6] INFO  c.a.n.c.advice.GlobalExceptionAdvice - Source must not be null
2020-12-08 12:02:20.560 [http-nio-8001-exec-5] INFO  c.a.news.aspect.ServiceLogAspect - ============ 开始执行 class com.aiolos.news.service.impl.ArticlePortalServiceImpl.queryHotList ============
2020-12-08 12:02:20.578 [http-nio-8001-exec-3] INFO  c.a.n.c.ArticlePortalController - Enter function article/portal/list, parameter keyword: , category: null, page: 1, pageSize: 15
2020-12-08 12:02:20.579 [http-nio-8001-exec-3] INFO  c.a.news.aspect.ServiceLogAspect - ============ 开始执行 class com.aiolos.news.service.impl.ArticlePortalServiceImpl.queryIndexArticleList ============
2020-12-08 12:02:20.644 [http-nio-8001-exec-5] INFO  c.a.news.aspect.ServiceLogAspect - 当前执行耗时：79
2020-12-08 12:02:20.703 [http-nio-8001-exec-3] INFO  c.a.news.aspect.ServiceLogAspect - 当前执行耗时：124
2020-12-08 12:02:26.293 [http-nio-8001-exec-9] INFO  c.a.n.c.ArticlePortalController - Enter function article/portal/list, parameter keyword: , category: null, page: 1, pageSize: 15
2020-12-08 12:02:26.294 [http-nio-8001-exec-9] INFO  c.a.news.aspect.ServiceLogAspect - ============ 开始执行 class com.aiolos.news.service.impl.ArticlePortalServiceImpl.queryIndexArticleList ============
2020-12-08 12:02:26.297 [http-nio-8001-exec-1] INFO  c.a.news.aspect.ServiceLogAspect - ============ 开始执行 class com.aiolos.news.service.impl.ArticlePortalServiceImpl.queryHotList ============
2020-12-08 12:02:26.324 [http-nio-8001-exec-1] INFO  c.a.news.aspect.ServiceLogAspect - 当前执行耗时：27
2020-12-08 12:02:26.347 [http-nio-8001-exec-9] INFO  c.a.news.aspect.ServiceLogAspect - 当前执行耗时：53
2020-12-08 12:05:39.133 [http-nio-8001-exec-2] INFO  c.a.n.c.ArticlePortalController - Enter function article/portal/list, parameter keyword: , category: null, page: 1, pageSize: 15
2020-12-08 12:05:39.134 [http-nio-8001-exec-2] INFO  c.a.news.aspect.ServiceLogAspect - ============ 开始执行 class com.aiolos.news.service.impl.ArticlePortalServiceImpl.queryIndexArticleList ============
2020-12-08 12:05:39.134 [http-nio-8001-exec-7] INFO  c.a.news.aspect.ServiceLogAspect - ============ 开始执行 class com.aiolos.news.service.impl.ArticlePortalServiceImpl.queryHotList ============
2020-12-08 12:05:39.174 [http-nio-8001-exec-7] INFO  c.a.news.aspect.ServiceLogAspect - 当前执行耗时：39
2020-12-08 12:05:39.188 [http-nio-8001-exec-2] INFO  c.a.news.aspect.ServiceLogAspect - 当前执行耗时：54
2020-12-08 12:05:47.475 [http-nio-8001-exec-6] INFO  c.a.n.c.ArticlePortalController - Enter function article/portal/list, parameter keyword: , category: null, page: 1, pageSize: 15
2020-12-08 12:05:47.476 [http-nio-8001-exec-6] INFO  c.a.news.aspect.ServiceLogAspect - ============ 开始执行 class com.aiolos.news.service.impl.ArticlePortalServiceImpl.queryIndexArticleList ============
2020-12-08 12:05:47.479 [http-nio-8001-exec-8] INFO  c.a.news.aspect.ServiceLogAspect - ============ 开始执行 class com.aiolos.news.service.impl.ArticlePortalServiceImpl.queryHotList ============
2020-12-08 12:05:47.514 [http-nio-8001-exec-8] INFO  c.a.news.aspect.ServiceLogAspect - 当前执行耗时：35
2020-12-08 12:05:47.531 [http-nio-8001-exec-6] INFO  c.a.news.aspect.ServiceLogAspect - 当前执行耗时：55
2020-12-08 12:05:59.421 [http-nio-8001-exec-5] INFO  c.a.news.aspect.ServiceLogAspect - ============ 开始执行 class com.aiolos.news.service.impl.ArticlePortalServiceImpl.queryDetail ============
2020-12-08 12:05:59.441 [http-nio-8001-exec-5] INFO  c.a.n.c.advice.GlobalExceptionAdvice - Source must not be null
2020-12-08 12:07:04.856 [http-nio-8001-exec-9] INFO  c.a.n.c.ArticlePortalController - Enter function article/portal/list, parameter keyword: , category: null, page: 1, pageSize: 15
2020-12-08 12:07:04.856 [http-nio-8001-exec-4] INFO  c.a.news.aspect.ServiceLogAspect - ============ 开始执行 class com.aiolos.news.service.impl.ArticlePortalServiceImpl.queryHotList ============
2020-12-08 12:07:04.857 [http-nio-8001-exec-9] INFO  c.a.news.aspect.ServiceLogAspect - ============ 开始执行 class com.aiolos.news.service.impl.ArticlePortalServiceImpl.queryIndexArticleList ============
2020-12-08 12:07:04.898 [http-nio-8001-exec-4] INFO  c.a.news.aspect.ServiceLogAspect - 当前执行耗时：41
2020-12-08 12:07:04.915 [http-nio-8001-exec-9] INFO  c.a.news.aspect.ServiceLogAspect - 当前执行耗时：58
2020-12-08 12:07:14.460 [http-nio-8001-exec-10] INFO  c.a.n.c.ArticlePortalController - Enter function article/portal/list, parameter keyword: , category: null, page: 1, pageSize: 15
2020-12-08 12:07:14.461 [http-nio-8001-exec-10] INFO  c.a.news.aspect.ServiceLogAspect - ============ 开始执行 class com.aiolos.news.service.impl.ArticlePortalServiceImpl.queryIndexArticleList ============
2020-12-08 12:07:14.462 [http-nio-8001-exec-7] INFO  c.a.news.aspect.ServiceLogAspect - ============ 开始执行 class com.aiolos.news.service.impl.ArticlePortalServiceImpl.queryHotList ============
2020-12-08 12:07:14.481 [http-nio-8001-exec-7] INFO  c.a.news.aspect.ServiceLogAspect - 当前执行耗时：18
2020-12-08 12:07:14.515 [http-nio-8001-exec-10] INFO  c.a.news.aspect.ServiceLogAspect - 当前执行耗时：54
2020-12-08 12:07:47.444 [http-nio-8001-exec-2] INFO  c.a.n.c.ArticlePortalController - Enter function article/portal/list, parameter keyword: , category: null, page: 1, pageSize: 15
2020-12-08 12:07:47.445 [http-nio-8001-exec-2] INFO  c.a.news.aspect.ServiceLogAspect - ============ 开始执行 class com.aiolos.news.service.impl.ArticlePortalServiceImpl.queryIndexArticleList ============
2020-12-08 12:07:47.447 [http-nio-8001-exec-8] INFO  c.a.news.aspect.ServiceLogAspect - ============ 开始执行 class com.aiolos.news.service.impl.ArticlePortalServiceImpl.queryHotList ============
2020-12-08 12:07:47.460 [http-nio-8001-exec-8] INFO  c.a.news.aspect.ServiceLogAspect - 当前执行耗时：13
2020-12-08 12:07:47.471 [http-nio-8001-exec-2] INFO  c.a.news.aspect.ServiceLogAspect - 当前执行耗时：26
2020-12-08 12:07:52.057 [http-nio-8001-exec-6] INFO  c.a.n.c.ArticlePortalController - Enter function article/portal/list, parameter keyword: , category: null, page: 1, pageSize: 15
2020-12-08 12:07:52.057 [http-nio-8001-exec-6] INFO  c.a.news.aspect.ServiceLogAspect - ============ 开始执行 class com.aiolos.news.service.impl.ArticlePortalServiceImpl.queryIndexArticleList ============
2020-12-08 12:07:52.062 [http-nio-8001-exec-5] INFO  c.a.news.aspect.ServiceLogAspect - ============ 开始执行 class com.aiolos.news.service.impl.ArticlePortalServiceImpl.queryHotList ============
2020-12-08 12:07:52.081 [http-nio-8001-exec-5] INFO  c.a.news.aspect.ServiceLogAspect - 当前执行耗时：18
2020-12-08 12:07:52.085 [http-nio-8001-exec-6] INFO  c.a.news.aspect.ServiceLogAspect - 当前执行耗时：28
2020-12-08 12:07:58.055 [http-nio-8001-exec-3] INFO  c.a.n.c.ArticlePortalController - Enter function article/portal/list, parameter keyword: , category: null, page: 1, pageSize: 15
2020-12-08 12:07:58.056 [http-nio-8001-exec-3] INFO  c.a.news.aspect.ServiceLogAspect - ============ 开始执行 class com.aiolos.news.service.impl.ArticlePortalServiceImpl.queryIndexArticleList ============
2020-12-08 12:07:58.056 [http-nio-8001-exec-1] INFO  c.a.news.aspect.ServiceLogAspect - ============ 开始执行 class com.aiolos.news.service.impl.ArticlePortalServiceImpl.queryHotList ============
2020-12-08 12:07:58.070 [http-nio-8001-exec-1] INFO  c.a.news.aspect.ServiceLogAspect - 当前执行耗时：13
2020-12-08 12:07:58.080 [http-nio-8001-exec-3] INFO  c.a.news.aspect.ServiceLogAspect - 当前执行耗时：24
2020-12-08 12:08:21.331 [http-nio-8001-exec-4] INFO  c.a.news.aspect.ServiceLogAspect - ============ 开始执行 class com.aiolos.news.service.impl.ArticlePortalServiceImpl.queryDetail ============
2020-12-08 12:08:21.354 [http-nio-8001-exec-4] INFO  c.a.news.aspect.ServiceLogAspect - 当前执行耗时：23
2020-12-08 12:08:22.163 [http-nio-8001-exec-4] INFO  c.a.n.c.advice.GlobalExceptionAdvice - null
2020-12-08 12:14:35.821 [http-nio-8001-exec-10] INFO  c.a.news.aspect.ServiceLogAspect - ============ 开始执行 class com.aiolos.news.service.impl.ArticlePortalServiceImpl.queryDetail ============
2020-12-08 12:14:35.873 [http-nio-8001-exec-10] INFO  c.a.news.aspect.ServiceLogAspect - 当前执行耗时：49
2020-12-08 12:14:35.915 [http-nio-8001-exec-10] INFO  c.a.n.c.advice.GlobalExceptionAdvice - null
2020-12-08 12:15:30.399 [http-nio-8001-exec-8] INFO  c.a.news.aspect.ServiceLogAspect - ============ 开始执行 class com.aiolos.news.service.impl.ArticlePortalServiceImpl.queryDetail ============
2020-12-08 12:15:30.410 [http-nio-8001-exec-8] INFO  c.a.news.aspect.ServiceLogAspect - 当前执行耗时：11
2020-12-08 12:15:51.366 [http-nio-8001-exec-8] INFO  c.a.n.c.advice.GlobalExceptionAdvice - null
2020-12-08 12:15:51.483 [SpringContextShutdownHook] INFO  o.s.s.c.ThreadPoolTaskExecutor - Shutting down ExecutorService 'applicationTaskExecutor'
2020-12-08 12:15:51.600 [SpringContextShutdownHook] INFO  c.alibaba.druid.pool.DruidDataSource - {dataSource-1} closed
2020-12-08 12:16:53.893 [main] INFO  com.aiolos.news.ArticleApplication - The following profiles are active: dev
2020-12-08 12:16:54.708 [main] INFO  o.s.d.r.c.RepositoryConfigurationDelegate - Multiple Spring Data modules found, entering strict repository configuration mode!
2020-12-08 12:16:54.709 [main] INFO  o.s.d.r.c.RepositoryConfigurationDelegate - Bootstrapping Spring Data MongoDB repositories in DEFAULT mode.
2020-12-08 12:16:54.731 [main] INFO  o.s.d.r.c.RepositoryConfigurationDelegate - Finished Spring Data repository scanning in 18ms. Found 0 MongoDB repository interfaces.
2020-12-08 12:16:54.743 [main] INFO  o.s.d.r.c.RepositoryConfigurationDelegate - Multiple Spring Data modules found, entering strict repository configuration mode!
2020-12-08 12:16:54.744 [main] INFO  o.s.d.r.c.RepositoryConfigurationDelegate - Bootstrapping Spring Data Redis repositories in DEFAULT mode.
2020-12-08 12:16:54.757 [main] INFO  o.s.d.r.c.RepositoryConfigurationDelegate - Finished Spring Data repository scanning in 6ms. Found 0 Redis repository interfaces.
2020-12-08 12:16:54.912 [main] WARN  o.m.s.mapper.ClassPathMapperScanner - Skipping MapperFactoryBean with name 'articleDao' and 'com.aiolos.news.dao.ArticleDao' mapperInterface. Bean already defined with the same name!
2020-12-08 12:16:54.912 [main] WARN  o.m.s.mapper.ClassPathMapperScanner - Skipping MapperFactoryBean with name 'commentsDao' and 'com.aiolos.news.dao.CommentsDao' mapperInterface. Bean already defined with the same name!
2020-12-08 12:16:54.912 [main] WARN  o.m.s.mapper.ClassPathMapperScanner - No MyBatis mapper was found in '[com.aiolos.news.dao]' package. Please check your configuration.
2020-12-08 12:16:55.024 [main] INFO  o.s.cloud.context.scope.GenericScope - BeanFactory id=cb4f32d5-532f-3306-b33c-622c9a234ebd
2020-12-08 12:16:55.637 [main] INFO  o.s.b.w.e.tomcat.TomcatWebServer - Tomcat initialized with port(s): 8001 (http)
2020-12-08 12:16:55.646 [main] INFO  o.a.coyote.http11.Http11NioProtocol - Initializing ProtocolHandler ["http-nio-8001"]
2020-12-08 12:16:55.646 [main] INFO  o.a.catalina.core.StandardService - Starting service [Tomcat]
2020-12-08 12:16:55.646 [main] INFO  o.a.catalina.core.StandardEngine - Starting Servlet engine: [Apache Tomcat/9.0.31]
2020-12-08 12:16:55.745 [main] INFO  o.a.c.c.C.[.[.[/news/article] - Initializing Spring embedded WebApplicationContext
2020-12-08 12:16:55.746 [main] INFO  o.s.web.context.ContextLoader - Root WebApplicationContext: initialization completed in 1831 ms
2020-12-08 12:16:55.824 [main] INFO  c.a.d.s.b.a.DruidDataSourceAutoConfigure - Init DruidDataSource
2020-12-08 12:16:55.925 [main] INFO  c.alibaba.druid.pool.DruidDataSource - {dataSource-1} inited
2020-12-08 12:17:21.935 [main] WARN  o.s.b.a.w.f.WebConversionService - Auto-configuration of Joda-Time formatters is deprecated in favor of using java.time (JSR-310).
2020-12-08 12:17:22.071 [main] INFO  s.d.s.w.PropertySourcedRequestMappingHandlerMapping - Mapped URL path [/v2/api-docs] onto method [springfox.documentation.swagger2.web.Swagger2Controller#getDocumentation(String, HttpServletRequest)]
2020-12-08 12:17:22.126 [main] WARN  c.n.c.sources.URLConfigurationSource - No URLs will be polled as dynamic configuration sources.
2020-12-08 12:17:22.127 [main] INFO  c.n.c.sources.URLConfigurationSource - To enable URLs as dynamic configuration sources, define System property archaius.configurationSource.additionalUrls or make config.properties available on classpath.
2020-12-08 12:17:22.132 [main] WARN  c.n.c.sources.URLConfigurationSource - No URLs will be polled as dynamic configuration sources.
2020-12-08 12:17:22.132 [main] INFO  c.n.c.sources.URLConfigurationSource - To enable URLs as dynamic configuration sources, define System property archaius.configurationSource.additionalUrls or make config.properties available on classpath.
2020-12-08 12:17:22.379 [main] INFO  o.s.s.c.ThreadPoolTaskExecutor - Initializing ExecutorService 'applicationTaskExecutor'
2020-12-08 12:17:22.838 [main] INFO  org.mongodb.driver.cluster - Cluster created with settings {hosts=[localhost:27017], mode=SINGLE, requiredClusterType=UNKNOWN, serverSelectionTimeout='30000 ms', maxWaitQueueSize=500}
2020-12-08 12:17:22.926 [cluster-ClusterId{value='5fcefe5294e5e17906b2ebec', description='null'}-localhost:27017] INFO  org.mongodb.driver.connection - Opened connection [connectionId{localValue:1, serverValue:47}] to localhost:27017
2020-12-08 12:17:22.932 [cluster-ClusterId{value='5fcefe5294e5e17906b2ebec', description='null'}-localhost:27017] INFO  org.mongodb.driver.cluster - Monitor thread successfully connected to server with description ServerDescription{address=localhost:27017, type=STANDALONE, state=CONNECTED, ok=true, version=ServerVersion{versionList=[4, 4, 2]}, minWireVersion=0, maxWireVersion=9, maxDocumentSize=16777216, logicalSessionTimeoutMinutes=30, roundTripTimeNanos=3455628}
2020-12-08 12:17:23.512 [main] WARN  o.s.b.a.f.FreeMarkerAutoConfiguration - Cannot find template location(s): [classpath:/templates/] (please add some templates, check your FreeMarker configuration, or set spring.freemarker.checkTemplateLocation=false)
2020-12-08 12:17:23.838 [main] INFO  t.m.m.a.MapperCacheDisabler - Clear tk.mybatis.mapper.util.MsUtil CLASS_CACHE cache.
2020-12-08 12:17:23.839 [main] INFO  t.m.m.a.MapperCacheDisabler - Clear tk.mybatis.mapper.genid.GenIdUtil CACHE cache.
2020-12-08 12:17:23.840 [main] INFO  t.m.m.a.MapperCacheDisabler - Clear tk.mybatis.mapper.version.VersionUtil CACHE cache.
2020-12-08 12:17:23.843 [main] INFO  t.m.m.a.MapperCacheDisabler - Clear EntityHelper entityTableMap cache.
2020-12-08 12:17:23.923 [main] INFO  s.d.s.w.p.DocumentationPluginsBootstrapper - Context refreshed
2020-12-08 12:17:23.938 [main] INFO  s.d.s.w.p.DocumentationPluginsBootstrapper - Found 1 custom documentation plugin(s)
2020-12-08 12:17:23.981 [main] INFO  s.d.s.w.s.ApiListingReferenceScanner - Scanning for api listing references
2020-12-08 12:17:24.180 [main] INFO  o.a.coyote.http11.Http11NioProtocol - Starting ProtocolHandler ["http-nio-8001"]
2020-12-08 12:17:24.214 [main] INFO  o.s.b.w.e.tomcat.TomcatWebServer - Tomcat started on port(s): 8001 (http) with context path '/news/article'
2020-12-08 12:17:24.219 [main] INFO  com.aiolos.news.ArticleApplication - Started ArticleApplication in 52.243 seconds (JVM running for 58.05)
2020-12-08 12:25:47.479 [http-nio-8001-exec-1] INFO  o.a.c.c.C.[.[.[/news/article] - Initializing Spring DispatcherServlet 'dispatcherServlet'
2020-12-08 12:25:47.481 [http-nio-8001-exec-1] INFO  o.s.web.servlet.DispatcherServlet - Initializing Servlet 'dispatcherServlet'
2020-12-08 12:25:47.505 [http-nio-8001-exec-1] INFO  o.s.web.servlet.DispatcherServlet - Completed initialization in 24 ms
2020-12-08 12:25:47.606 [http-nio-8001-exec-1] INFO  c.a.news.aspect.ServiceLogAspect - ============ 开始执行 class com.aiolos.news.service.impl.ArticlePortalServiceImpl.queryDetail ============
2020-12-08 12:25:48.038 [http-nio-8001-exec-1] INFO  c.a.news.aspect.ServiceLogAspect - 当前执行耗时：432
2020-12-08 12:26:26.500 [http-nio-8001-exec-3] INFO  c.a.news.aspect.ServiceLogAspect - ============ 开始执行 class com.aiolos.news.service.impl.ArticlePortalServiceImpl.queryHotList ============
2020-12-08 12:26:26.505 [http-nio-8001-exec-2] INFO  c.a.n.c.ArticlePortalController - Enter function article/portal/list, parameter keyword: , category: null, page: 1, pageSize: 15
2020-12-08 12:26:26.505 [http-nio-8001-exec-2] INFO  c.a.news.aspect.ServiceLogAspect - ============ 开始执行 class com.aiolos.news.service.impl.ArticlePortalServiceImpl.queryIndexArticleList ============
2020-12-08 12:26:26.626 [http-nio-8001-exec-3] INFO  c.a.news.aspect.ServiceLogAspect - 当前执行耗时：125
2020-12-08 12:26:26.663 [http-nio-8001-exec-2] INFO  c.a.news.aspect.ServiceLogAspect - 当前执行耗时：158
2020-12-08 12:26:47.593 [http-nio-8001-exec-4] INFO  c.a.news.aspect.ServiceLogAspect - ============ 开始执行 class com.aiolos.news.service.impl.ArticlePortalServiceImpl.queryDetail ============
2020-12-08 12:26:47.603 [http-nio-8001-exec-4] INFO  c.a.news.aspect.ServiceLogAspect - 当前执行耗时：10
2020-12-08 12:27:26.889 [http-nio-8001-exec-6] WARN  o.s.web.servlet.PageNotFound - No mapping for GET /news/article/portal/article/queryArticleListOfWriter
2020-12-08 12:27:26.897 [http-nio-8001-exec-7] WARN  o.s.web.servlet.PageNotFound - No mapping for GET /news/article/portal/article/queryGoodArticleListOfWriter
2020-12-08 12:27:26.897 [http-nio-8001-exec-7] INFO  c.a.n.c.advice.GlobalExceptionAdvice - No handler found for GET /news/article/portal/article/queryGoodArticleListOfWriter
2020-12-08 12:27:26.897 [http-nio-8001-exec-6] INFO  c.a.n.c.advice.GlobalExceptionAdvice - No handler found for GET /news/article/portal/article/queryArticleListOfWriter
2020-12-08 12:27:52.332 [http-nio-8001-exec-8] INFO  c.a.news.aspect.ServiceLogAspect - ============ 开始执行 class com.aiolos.news.service.impl.ArticlePortalServiceImpl.queryDetail ============
2020-12-08 12:27:52.352 [http-nio-8001-exec-8] INFO  c.a.news.aspect.ServiceLogAspect - 当前执行耗时：19
2020-12-08 12:28:44.774 [http-nio-8001-exec-10] INFO  c.a.n.c.ArticlePortalController - Enter function article/portal/list, parameter keyword: , category: null, page: 2, pageSize: 15
2020-12-08 12:28:44.775 [http-nio-8001-exec-10] INFO  c.a.news.aspect.ServiceLogAspect - ============ 开始执行 class com.aiolos.news.service.impl.ArticlePortalServiceImpl.queryIndexArticleList ============
2020-12-08 12:28:44.783 [http-nio-8001-exec-1] INFO  c.a.n.c.ArticlePortalController - Enter function article/portal/list, parameter keyword: , category: null, page: 3, pageSize: 15
2020-12-08 12:28:44.783 [http-nio-8001-exec-1] INFO  c.a.news.aspect.ServiceLogAspect - ============ 开始执行 class com.aiolos.news.service.impl.ArticlePortalServiceImpl.queryIndexArticleList ============
2020-12-08 12:28:44.806 [http-nio-8001-exec-10] INFO  c.a.news.aspect.ServiceLogAspect - 当前执行耗时：30
2020-12-08 12:28:44.818 [http-nio-8001-exec-1] INFO  c.a.news.aspect.ServiceLogAspect - 当前执行耗时：35
2020-12-08 12:28:46.039 [http-nio-8001-exec-3] INFO  c.a.n.c.ArticlePortalController - Enter function article/portal/list, parameter keyword: , category: null, page: 4, pageSize: 15
2020-12-08 12:28:46.039 [http-nio-8001-exec-3] INFO  c.a.news.aspect.ServiceLogAspect - ============ 开始执行 class com.aiolos.news.service.impl.ArticlePortalServiceImpl.queryIndexArticleList ============
2020-12-08 12:28:46.058 [http-nio-8001-exec-3] INFO  c.a.news.aspect.ServiceLogAspect - 当前执行耗时：18
2020-12-08 12:29:11.372 [http-nio-8001-exec-2] INFO  c.a.news.aspect.ServiceLogAspect - ============ 开始执行 class com.aiolos.news.service.impl.ArticlePortalServiceImpl.queryDetail ============
2020-12-08 12:29:11.380 [http-nio-8001-exec-2] INFO  c.a.news.aspect.ServiceLogAspect - 当前执行耗时：8
2020-12-08 12:30:13.237 [http-nio-8001-exec-7] INFO  c.a.news.aspect.ServiceLogAspect - ============ 开始执行 class com.aiolos.news.service.impl.ArticlePortalServiceImpl.queryHotList ============
2020-12-08 12:30:13.237 [http-nio-8001-exec-6] INFO  c.a.n.c.ArticlePortalController - Enter function article/portal/list, parameter keyword: , category: null, page: 1, pageSize: 15
2020-12-08 12:30:13.238 [http-nio-8001-exec-6] INFO  c.a.news.aspect.ServiceLogAspect - ============ 开始执行 class com.aiolos.news.service.impl.ArticlePortalServiceImpl.queryIndexArticleList ============
2020-12-08 12:30:13.280 [http-nio-8001-exec-7] INFO  c.a.news.aspect.ServiceLogAspect - 当前执行耗时：41
2020-12-08 12:30:13.299 [http-nio-8001-exec-6] INFO  c.a.news.aspect.ServiceLogAspect - 当前执行耗时：58
2020-12-08 12:30:35.405 [http-nio-8001-exec-8] INFO  c.a.news.aspect.ServiceLogAspect - ============ 开始执行 class com.aiolos.news.service.impl.ArticlePortalServiceImpl.queryDetail ============
2020-12-08 12:30:35.412 [http-nio-8001-exec-8] INFO  c.a.news.aspect.ServiceLogAspect - 当前执行耗时：6
2020-12-08 12:38:50.359 [http-nio-8001-exec-1] INFO  c.a.news.aspect.ServiceLogAspect - ============ 开始执行 class com.aiolos.news.service.impl.ArticlePortalServiceImpl.queryDetail ============
2020-12-08 12:38:50.407 [http-nio-8001-exec-1] INFO  c.a.news.aspect.ServiceLogAspect - 当前执行耗时：45
2020-12-08 14:27:21.357 [http-nio-8001-exec-2] INFO  c.a.news.aspect.ServiceLogAspect - ============ 开始执行 class com.aiolos.news.service.impl.ArticlePortalServiceImpl.queryDetail ============
2020-12-08 14:27:21.491 [http-nio-8001-exec-2] INFO  c.a.news.aspect.ServiceLogAspect - 当前执行耗时：130
2020-12-08 14:29:27.105 [http-nio-8001-exec-5] INFO  c.a.n.c.ArticlePortalController - Enter function article/portal/list, parameter keyword: , category: null, page: 1, pageSize: 15
2020-12-08 14:29:27.105 [http-nio-8001-exec-5] INFO  c.a.news.aspect.ServiceLogAspect - ============ 开始执行 class com.aiolos.news.service.impl.ArticlePortalServiceImpl.queryIndexArticleList ============
2020-12-08 14:29:27.131 [http-nio-8001-exec-7] INFO  c.a.news.aspect.ServiceLogAspect - ============ 开始执行 class com.aiolos.news.service.impl.ArticlePortalServiceImpl.queryHotList ============
2020-12-08 14:29:27.256 [http-nio-8001-exec-7] INFO  c.a.news.aspect.ServiceLogAspect - 当前执行耗时：124
2020-12-08 14:29:27.262 [http-nio-8001-exec-5] INFO  c.a.news.aspect.ServiceLogAspect - 当前执行耗时：156
2020-12-08 14:29:56.193 [http-nio-8001-exec-6] INFO  c.a.news.aspect.ServiceLogAspect - ============ 开始执行 class com.aiolos.news.service.impl.ArticlePortalServiceImpl.queryDetail ============
2020-12-08 14:29:56.212 [http-nio-8001-exec-6] INFO  c.a.news.aspect.ServiceLogAspect - 当前执行耗时：18
2020-12-08 14:32:14.678 [http-nio-8001-exec-10] INFO  c.a.n.c.ArticlePortalController - Enter function article/portal/list, parameter keyword: , category: null, page: 1, pageSize: 15
2020-12-08 14:32:14.678 [http-nio-8001-exec-1] INFO  c.a.news.aspect.ServiceLogAspect - ============ 开始执行 class com.aiolos.news.service.impl.ArticlePortalServiceImpl.queryHotList ============
2020-12-08 14:32:14.678 [http-nio-8001-exec-10] INFO  c.a.news.aspect.ServiceLogAspect - ============ 开始执行 class com.aiolos.news.service.impl.ArticlePortalServiceImpl.queryIndexArticleList ============
2020-12-08 14:32:14.720 [http-nio-8001-exec-1] INFO  c.a.news.aspect.ServiceLogAspect - 当前执行耗时：41
2020-12-08 14:32:14.736 [http-nio-8001-exec-10] INFO  c.a.news.aspect.ServiceLogAspect - 当前执行耗时：57
2020-12-08 14:32:33.376 [http-nio-8001-exec-3] INFO  c.a.news.aspect.ServiceLogAspect - ============ 开始执行 class com.aiolos.news.service.impl.ArticlePortalServiceImpl.queryDetail ============
2020-12-08 14:32:33.394 [http-nio-8001-exec-3] INFO  c.a.news.aspect.ServiceLogAspect - 当前执行耗时：17
2020-12-08 14:33:20.647 [http-nio-8001-exec-4] INFO  c.a.news.aspect.ServiceLogAspect - ============ 开始执行 class com.aiolos.news.service.impl.ArticlePortalServiceImpl.queryDetail ============
2020-12-08 14:33:20.660 [http-nio-8001-exec-4] INFO  c.a.news.aspect.ServiceLogAspect - 当前执行耗时：12
2020-12-08 14:33:21.209 [http-nio-8001-exec-7] INFO  c.a.n.c.ArticlePortalController - Enter function article/portal/list, parameter keyword: , category: null, page: 1, pageSize: 15
2020-12-08 14:33:21.210 [http-nio-8001-exec-7] INFO  c.a.news.aspect.ServiceLogAspect - ============ 开始执行 class com.aiolos.news.service.impl.ArticlePortalServiceImpl.queryIndexArticleList ============
2020-12-08 14:33:21.211 [http-nio-8001-exec-5] INFO  c.a.news.aspect.ServiceLogAspect - ============ 开始执行 class com.aiolos.news.service.impl.ArticlePortalServiceImpl.queryHotList ============
2020-12-08 14:33:21.227 [http-nio-8001-exec-5] INFO  c.a.news.aspect.ServiceLogAspect - 当前执行耗时：16
2020-12-08 14:33:21.261 [http-nio-8001-exec-7] INFO  c.a.news.aspect.ServiceLogAspect - 当前执行耗时：51
2020-12-08 14:33:22.315 [http-nio-8001-exec-6] INFO  c.a.news.aspect.ServiceLogAspect - ============ 开始执行 class com.aiolos.news.service.impl.ArticlePortalServiceImpl.queryDetail ============
2020-12-08 14:33:22.325 [http-nio-8001-exec-6] INFO  c.a.news.aspect.ServiceLogAspect - 当前执行耗时：8
2020-12-08 14:33:23.412 [http-nio-8001-exec-8] INFO  c.a.news.aspect.ServiceLogAspect - ============ 开始执行 class com.aiolos.news.service.impl.ArticlePortalServiceImpl.queryDetail ============
2020-12-08 14:33:23.421 [http-nio-8001-exec-8] INFO  c.a.news.aspect.ServiceLogAspect - 当前执行耗时：9
2020-12-08 14:33:29.848 [http-nio-8001-exec-9] INFO  c.a.news.aspect.ServiceLogAspect - ============ 开始执行 class com.aiolos.news.service.impl.ArticlePortalServiceImpl.queryDetail ============
2020-12-08 14:33:29.855 [http-nio-8001-exec-9] INFO  c.a.news.aspect.ServiceLogAspect - 当前执行耗时：7
2020-12-08 14:33:33.172 [http-nio-8001-exec-1] INFO  c.a.news.aspect.ServiceLogAspect - ============ 开始执行 class com.aiolos.news.service.impl.ArticlePortalServiceImpl.queryDetail ============
2020-12-08 14:33:33.188 [http-nio-8001-exec-1] INFO  c.a.news.aspect.ServiceLogAspect - 当前执行耗时：15
2020-12-08 14:34:43.031 [http-nio-8001-exec-2] INFO  c.a.n.c.ArticlePortalController - Enter function article/portal/list, parameter keyword: , category: null, page: 2, pageSize: 15
2020-12-08 14:34:43.031 [http-nio-8001-exec-2] INFO  c.a.news.aspect.ServiceLogAspect - ============ 开始执行 class com.aiolos.news.service.impl.ArticlePortalServiceImpl.queryIndexArticleList ============
2020-12-08 14:34:43.075 [http-nio-8001-exec-2] INFO  c.a.news.aspect.ServiceLogAspect - 当前执行耗时：43
2020-12-08 14:34:49.731 [http-nio-8001-exec-4] WARN  o.s.web.servlet.PageNotFound - No mapping for GET /news/article/portal/article/queryArticleListOfWriter
2020-12-08 14:34:49.731 [http-nio-8001-exec-5] WARN  o.s.web.servlet.PageNotFound - No mapping for GET /news/article/portal/article/queryGoodArticleListOfWriter
2020-12-08 14:34:49.740 [http-nio-8001-exec-5] INFO  c.a.n.c.advice.GlobalExceptionAdvice - No handler found for GET /news/article/portal/article/queryGoodArticleListOfWriter
2020-12-08 14:34:49.741 [http-nio-8001-exec-4] INFO  c.a.n.c.advice.GlobalExceptionAdvice - No handler found for GET /news/article/portal/article/queryArticleListOfWriter
2020-12-08 16:39:14.691 [SpringContextShutdownHook] INFO  o.s.s.c.ThreadPoolTaskExecutor - Shutting down ExecutorService 'applicationTaskExecutor'
2020-12-08 16:39:14.908 [SpringContextShutdownHook] INFO  c.alibaba.druid.pool.DruidDataSource - {dataSource-1} closed
2020-12-08 16:39:58.939 [main] INFO  com.aiolos.news.ArticleApplication - The following profiles are active: dev
2020-12-08 16:39:59.940 [main] INFO  o.s.d.r.c.RepositoryConfigurationDelegate - Multiple Spring Data modules found, entering strict repository configuration mode!
2020-12-08 16:39:59.941 [main] INFO  o.s.d.r.c.RepositoryConfigurationDelegate - Bootstrapping Spring Data MongoDB repositories in DEFAULT mode.
2020-12-08 16:39:59.970 [main] INFO  o.s.d.r.c.RepositoryConfigurationDelegate - Finished Spring Data repository scanning in 22ms. Found 0 MongoDB repository interfaces.
2020-12-08 16:39:59.987 [main] INFO  o.s.d.r.c.RepositoryConfigurationDelegate - Multiple Spring Data modules found, entering strict repository configuration mode!
2020-12-08 16:39:59.988 [main] INFO  o.s.d.r.c.RepositoryConfigurationDelegate - Bootstrapping Spring Data Redis repositories in DEFAULT mode.
2020-12-08 16:40:00.006 [main] INFO  o.s.d.r.c.RepositoryConfigurationDelegate - Finished Spring Data repository scanning in 7ms. Found 0 Redis repository interfaces.
2020-12-08 16:40:00.208 [main] WARN  o.m.s.mapper.ClassPathMapperScanner - Skipping MapperFactoryBean with name 'articleDao' and 'com.aiolos.news.dao.ArticleDao' mapperInterface. Bean already defined with the same name!
2020-12-08 16:40:00.208 [main] WARN  o.m.s.mapper.ClassPathMapperScanner - Skipping MapperFactoryBean with name 'commentsDao' and 'com.aiolos.news.dao.CommentsDao' mapperInterface. Bean already defined with the same name!
2020-12-08 16:40:00.208 [main] WARN  o.m.s.mapper.ClassPathMapperScanner - No MyBatis mapper was found in '[com.aiolos.news.dao]' package. Please check your configuration.
2020-12-08 16:40:00.326 [main] INFO  o.s.cloud.context.scope.GenericScope - BeanFactory id=5f9f68ab-49c5-3aa3-b97c-843c3ff83939
2020-12-08 16:40:01.365 [main] INFO  o.s.b.w.e.tomcat.TomcatWebServer - Tomcat initialized with port(s): 8001 (http)
2020-12-08 16:40:01.382 [main] INFO  o.a.coyote.http11.Http11NioProtocol - Initializing ProtocolHandler ["http-nio-8001"]
2020-12-08 16:40:01.382 [main] INFO  o.a.catalina.core.StandardService - Starting service [Tomcat]
2020-12-08 16:40:01.383 [main] INFO  o.a.catalina.core.StandardEngine - Starting Servlet engine: [Apache Tomcat/9.0.31]
2020-12-08 16:40:01.525 [main] INFO  o.a.c.c.C.[.[.[/news/article] - Initializing Spring embedded WebApplicationContext
2020-12-08 16:40:01.526 [main] INFO  o.s.web.context.ContextLoader - Root WebApplicationContext: initialization completed in 2563 ms
2020-12-08 16:40:01.628 [main] INFO  c.a.d.s.b.a.DruidDataSourceAutoConfigure - Init DruidDataSource
2020-12-08 16:40:01.784 [main] INFO  c.alibaba.druid.pool.DruidDataSource - {dataSource-1} inited
2020-12-08 16:40:27.960 [main] WARN  o.s.b.a.w.f.WebConversionService - Auto-configuration of Joda-Time formatters is deprecated in favor of using java.time (JSR-310).
2020-12-08 16:40:28.110 [main] INFO  s.d.s.w.PropertySourcedRequestMappingHandlerMapping - Mapped URL path [/v2/api-docs] onto method [springfox.documentation.swagger2.web.Swagger2Controller#getDocumentation(String, HttpServletRequest)]
2020-12-08 16:40:28.169 [main] WARN  c.n.c.sources.URLConfigurationSource - No URLs will be polled as dynamic configuration sources.
2020-12-08 16:40:28.169 [main] INFO  c.n.c.sources.URLConfigurationSource - To enable URLs as dynamic configuration sources, define System property archaius.configurationSource.additionalUrls or make config.properties available on classpath.
2020-12-08 16:40:28.175 [main] WARN  c.n.c.sources.URLConfigurationSource - No URLs will be polled as dynamic configuration sources.
2020-12-08 16:40:28.175 [main] INFO  c.n.c.sources.URLConfigurationSource - To enable URLs as dynamic configuration sources, define System property archaius.configurationSource.additionalUrls or make config.properties available on classpath.
2020-12-08 16:40:28.416 [main] INFO  o.s.s.c.ThreadPoolTaskExecutor - Initializing ExecutorService 'applicationTaskExecutor'
2020-12-08 16:40:28.878 [main] INFO  org.mongodb.driver.cluster - Cluster created with settings {hosts=[localhost:27017], mode=SINGLE, requiredClusterType=UNKNOWN, serverSelectionTimeout='30000 ms', maxWaitQueueSize=500}
2020-12-08 16:40:28.962 [cluster-ClusterId{value='5fcf3bfc13a67d4ab5620e57', description='null'}-localhost:27017] INFO  org.mongodb.driver.connection - Opened connection [connectionId{localValue:1, serverValue:49}] to localhost:27017
2020-12-08 16:40:28.970 [cluster-ClusterId{value='5fcf3bfc13a67d4ab5620e57', description='null'}-localhost:27017] INFO  org.mongodb.driver.cluster - Monitor thread successfully connected to server with description ServerDescription{address=localhost:27017, type=STANDALONE, state=CONNECTED, ok=true, version=ServerVersion{versionList=[4, 4, 2]}, minWireVersion=0, maxWireVersion=9, maxDocumentSize=16777216, logicalSessionTimeoutMinutes=30, roundTripTimeNanos=4697965}
2020-12-08 16:40:29.623 [main] WARN  o.s.b.a.f.FreeMarkerAutoConfiguration - Cannot find template location(s): [classpath:/templates/] (please add some templates, check your FreeMarker configuration, or set spring.freemarker.checkTemplateLocation=false)
2020-12-08 16:40:30.016 [main] INFO  t.m.m.a.MapperCacheDisabler - Clear tk.mybatis.mapper.util.MsUtil CLASS_CACHE cache.
2020-12-08 16:40:30.018 [main] INFO  t.m.m.a.MapperCacheDisabler - Clear tk.mybatis.mapper.genid.GenIdUtil CACHE cache.
2020-12-08 16:40:30.019 [main] INFO  t.m.m.a.MapperCacheDisabler - Clear tk.mybatis.mapper.version.VersionUtil CACHE cache.
2020-12-08 16:40:30.021 [main] INFO  t.m.m.a.MapperCacheDisabler - Clear EntityHelper entityTableMap cache.
2020-12-08 16:40:30.104 [main] INFO  s.d.s.w.p.DocumentationPluginsBootstrapper - Context refreshed
2020-12-08 16:40:30.127 [main] INFO  s.d.s.w.p.DocumentationPluginsBootstrapper - Found 1 custom documentation plugin(s)
2020-12-08 16:40:30.177 [main] INFO  s.d.s.w.s.ApiListingReferenceScanner - Scanning for api listing references
2020-12-08 16:40:30.424 [main] INFO  o.a.coyote.http11.Http11NioProtocol - Starting ProtocolHandler ["http-nio-8001"]
2020-12-08 16:40:30.464 [main] INFO  o.s.b.w.e.tomcat.TomcatWebServer - Tomcat started on port(s): 8001 (http) with context path '/news/article'
2020-12-08 16:40:30.469 [main] INFO  com.aiolos.news.ArticleApplication - Started ArticleApplication in 53.66 seconds (JVM running for 59.83)
2020-12-08 17:21:26.155 [http-nio-8001-exec-1] INFO  o.a.c.c.C.[.[.[/news/article] - Initializing Spring DispatcherServlet 'dispatcherServlet'
2020-12-08 17:21:26.158 [http-nio-8001-exec-1] INFO  o.s.web.servlet.DispatcherServlet - Initializing Servlet 'dispatcherServlet'
2020-12-08 17:21:26.205 [http-nio-8001-exec-1] INFO  o.s.web.servlet.DispatcherServlet - Completed initialization in 47 ms
2020-12-08 17:21:26.341 [http-nio-8001-exec-1] INFO  c.a.news.aspect.ServiceLogAspect - ============ 开始执行 class com.aiolos.news.service.impl.ArticlePortalServiceImpl.queryHotList ============
2020-12-08 17:21:26.347 [http-nio-8001-exec-2] INFO  c.a.n.c.ArticlePortalController - Enter function article/portal/list, parameter keyword: , category: null, page: 1, pageSize: 15
2020-12-08 17:21:26.347 [http-nio-8001-exec-2] INFO  c.a.news.aspect.ServiceLogAspect - ============ 开始执行 class com.aiolos.news.service.impl.ArticlePortalServiceImpl.queryIndexArticleList ============
2020-12-08 17:21:27.101 [http-nio-8001-exec-1] INFO  c.a.news.aspect.ServiceLogAspect - 当前执行耗时：758
2020-12-08 17:21:29.224 [http-nio-8001-exec-2] WARN  c.a.news.aspect.ServiceLogAspect - 当前执行耗时：2877
2020-12-08 17:29:45.172 [http-nio-8001-exec-5] INFO  c.a.news.aspect.ServiceLogAspect - ============ 开始执行 class com.aiolos.news.service.impl.ArticlePortalServiceImpl.queryHotList ============
2020-12-08 17:29:45.189 [http-nio-8001-exec-6] INFO  c.a.n.c.ArticlePortalController - Enter function article/portal/list, parameter keyword: , category: null, page: 1, pageSize: 15
2020-12-08 17:29:45.189 [http-nio-8001-exec-6] INFO  c.a.news.aspect.ServiceLogAspect - ============ 开始执行 class com.aiolos.news.service.impl.ArticlePortalServiceImpl.queryIndexArticleList ============
2020-12-08 17:29:45.265 [http-nio-8001-exec-5] INFO  c.a.news.aspect.ServiceLogAspect - 当前执行耗时：89
2020-12-08 17:29:45.359 [http-nio-8001-exec-6] INFO  c.a.news.aspect.ServiceLogAspect - 当前执行耗时：170
2020-12-08 17:29:47.310 [http-nio-8001-exec-7] INFO  c.a.news.aspect.ServiceLogAspect - ============ 开始执行 class com.aiolos.news.service.impl.ArticlePortalServiceImpl.queryDetail ============
2020-12-08 17:29:47.347 [http-nio-8001-exec-7] INFO  c.a.news.aspect.ServiceLogAspect - 当前执行耗时：36
2020-12-08 17:29:47.660 [http-nio-8001-exec-7] INFO  io.lettuce.core.EpollProvider - Starting without optional epoll library
2020-12-08 17:29:47.664 [http-nio-8001-exec-7] INFO  io.lettuce.core.KqueueProvider - Starting without optional kqueue library
2020-12-08 17:30:12.997 [http-nio-8001-exec-8] INFO  c.a.n.c.ArticlePortalController - Enter function article/portal/list, parameter keyword: , category: null, page: 1, pageSize: 15
2020-12-08 17:30:12.998 [http-nio-8001-exec-8] INFO  c.a.news.aspect.ServiceLogAspect - ============ 开始执行 class com.aiolos.news.service.impl.ArticlePortalServiceImpl.queryIndexArticleList ============
2020-12-08 17:30:12.998 [http-nio-8001-exec-9] INFO  c.a.news.aspect.ServiceLogAspect - ============ 开始执行 class com.aiolos.news.service.impl.ArticlePortalServiceImpl.queryHotList ============
2020-12-08 17:30:13.030 [http-nio-8001-exec-9] INFO  c.a.news.aspect.ServiceLogAspect - 当前执行耗时：32
2020-12-08 17:30:13.091 [http-nio-8001-exec-8] INFO  c.a.news.aspect.ServiceLogAspect - 当前执行耗时：93
2020-12-08 17:30:13.327 [http-nio-8001-exec-10] INFO  c.a.news.aspect.ServiceLogAspect - ============ 开始执行 class com.aiolos.news.service.impl.ArticlePortalServiceImpl.queryDetail ============
2020-12-08 17:30:13.336 [http-nio-8001-exec-10] INFO  c.a.news.aspect.ServiceLogAspect - 当前执行耗时：8
2020-12-08 17:30:13.346 [http-nio-8001-exec-1] WARN  o.s.web.servlet.PageNotFound - No mapping for GET /news/article/comment/counts
2020-12-08 17:30:13.365 [http-nio-8001-exec-1] INFO  c.a.n.c.advice.GlobalExceptionAdvice - No handler found for GET /news/article/comment/counts
2020-12-08 17:30:13.912 [http-nio-8001-exec-2] INFO  c.a.n.c.ArticlePortalController - Enter function article/portal/list, parameter keyword: , category: null, page: 1, pageSize: 15
2020-12-08 17:30:13.912 [http-nio-8001-exec-3] INFO  c.a.news.aspect.ServiceLogAspect - ============ 开始执行 class com.aiolos.news.service.impl.ArticlePortalServiceImpl.queryHotList ============
2020-12-08 17:30:13.913 [http-nio-8001-exec-2] INFO  c.a.news.aspect.ServiceLogAspect - ============ 开始执行 class com.aiolos.news.service.impl.ArticlePortalServiceImpl.queryIndexArticleList ============
2020-12-08 17:30:13.929 [http-nio-8001-exec-3] INFO  c.a.news.aspect.ServiceLogAspect - 当前执行耗时：16
2020-12-08 17:30:13.952 [http-nio-8001-exec-2] INFO  c.a.news.aspect.ServiceLogAspect - 当前执行耗时：39
2020-12-08 17:30:16.649 [http-nio-8001-exec-4] INFO  c.a.n.c.ArticlePortalController - Enter function article/portal/list, parameter keyword: , category: null, page: 1, pageSize: 15
2020-12-08 17:30:16.650 [http-nio-8001-exec-4] INFO  c.a.news.aspect.ServiceLogAspect - ============ 开始执行 class com.aiolos.news.service.impl.ArticlePortalServiceImpl.queryIndexArticleList ============
2020-12-08 17:30:16.651 [http-nio-8001-exec-5] INFO  c.a.news.aspect.ServiceLogAspect - ============ 开始执行 class com.aiolos.news.service.impl.ArticlePortalServiceImpl.queryHotList ============
2020-12-08 17:30:16.670 [http-nio-8001-exec-5] INFO  c.a.news.aspect.ServiceLogAspect - 当前执行耗时：18
2020-12-08 17:30:16.691 [http-nio-8001-exec-4] INFO  c.a.news.aspect.ServiceLogAspect - 当前执行耗时：41
2020-12-08 17:30:16.869 [http-nio-8001-exec-6] INFO  c.a.news.aspect.ServiceLogAspect - ============ 开始执行 class com.aiolos.news.service.impl.ArticlePortalServiceImpl.queryDetail ============
2020-12-08 17:30:16.877 [http-nio-8001-exec-6] INFO  c.a.news.aspect.ServiceLogAspect - 当前执行耗时：8
2020-12-08 17:30:17.456 [http-nio-8001-exec-9] INFO  c.a.n.c.ArticlePortalController - Enter function article/portal/list, parameter keyword: , category: null, page: 1, pageSize: 15
2020-12-08 17:30:17.456 [http-nio-8001-exec-8] INFO  c.a.news.aspect.ServiceLogAspect - ============ 开始执行 class com.aiolos.news.service.impl.ArticlePortalServiceImpl.queryHotList ============
2020-12-08 17:30:17.456 [http-nio-8001-exec-9] INFO  c.a.news.aspect.ServiceLogAspect - ============ 开始执行 class com.aiolos.news.service.impl.ArticlePortalServiceImpl.queryIndexArticleList ============
2020-12-08 17:30:17.479 [http-nio-8001-exec-8] INFO  c.a.news.aspect.ServiceLogAspect - 当前执行耗时：23
2020-12-08 17:30:17.522 [http-nio-8001-exec-9] INFO  c.a.news.aspect.ServiceLogAspect - 当前执行耗时：66
2020-12-08 17:30:39.654 [http-nio-8001-exec-10] INFO  c.a.news.aspect.ServiceLogAspect - ============ 开始执行 class com.aiolos.news.service.impl.ArticlePortalServiceImpl.queryDetail ============
2020-12-08 17:30:39.665 [http-nio-8001-exec-10] INFO  c.a.news.aspect.ServiceLogAspect - 当前执行耗时：11
2020-12-08 17:30:41.561 [http-nio-8001-exec-3] INFO  c.a.news.aspect.ServiceLogAspect - ============ 开始执行 class com.aiolos.news.service.impl.ArticlePortalServiceImpl.queryDetail ============
2020-12-08 17:30:41.571 [http-nio-8001-exec-3] INFO  c.a.news.aspect.ServiceLogAspect - 当前执行耗时：8
2020-12-08 17:30:47.598 [http-nio-8001-exec-5] INFO  c.a.news.aspect.ServiceLogAspect - ============ 开始执行 class com.aiolos.news.service.impl.ArticlePortalServiceImpl.queryDetail ============
2020-12-08 17:30:47.604 [http-nio-8001-exec-5] INFO  c.a.news.aspect.ServiceLogAspect - 当前执行耗时：6
