2020-12-04 07:31:05.964 [main] INFO  com.aiolos.news.AdminApplication - The following profiles are active: dev
2020-12-04 07:31:06.786 [main] INFO  o.s.d.r.c.RepositoryConfigurationDelegate - Multiple Spring Data modules found, entering strict repository configuration mode!
2020-12-04 07:31:06.787 [main] INFO  o.s.d.r.c.RepositoryConfigurationDelegate - Bootstrapping Spring Data MongoDB repositories in DEFAULT mode.
2020-12-04 07:31:06.855 [main] INFO  o.s.d.r.c.RepositoryConfigurationDelegate - Finished Spring Data repository scanning in 64ms. Found 1 MongoDB repository interfaces.
2020-12-04 07:31:06.868 [main] INFO  o.s.d.r.c.RepositoryConfigurationDelegate - Multiple Spring Data modules found, entering strict repository configuration mode!
2020-12-04 07:31:06.869 [main] INFO  o.s.d.r.c.RepositoryConfigurationDelegate - Bootstrapping Spring Data Redis repositories in DEFAULT mode.
2020-12-04 07:31:06.884 [main] INFO  o.s.d.r.c.RepositoryConfigurationExtensionSupport - Spring Data Redis - Could not safely identify store assignment for repository candidate interface com.aiolos.news.repository.FriendLinkRepository. If you want this repository to be a Redis repository, consider annotating your entities with one of these annotations: org.springframework.data.redis.core.RedisHash (preferred), or consider extending one of the following types with your repository: org.springframework.data.keyvalue.repository.KeyValueRepository.
2020-12-04 07:31:06.884 [main] INFO  o.s.d.r.c.RepositoryConfigurationDelegate - Finished Spring Data repository scanning in 9ms. Found 0 Redis repository interfaces.
2020-12-04 07:31:07.035 [main] WARN  o.m.s.mapper.ClassPathMapperScanner - Skipping MapperFactoryBean with name 'adminUserDao' and 'com.aiolos.news.dao.AdminUserDao' mapperInterface. Bean already defined with the same name!
2020-12-04 07:31:07.035 [main] WARN  o.m.s.mapper.ClassPathMapperScanner - Skipping MapperFactoryBean with name 'categoryDao' and 'com.aiolos.news.dao.CategoryDao' mapperInterface. Bean already defined with the same name!
2020-12-04 07:31:07.036 [main] WARN  o.m.s.mapper.ClassPathMapperScanner - No MyBatis mapper was found in '[com.aiolos.news.dao]' package. Please check your configuration.
2020-12-04 07:31:07.125 [main] INFO  o.s.cloud.context.scope.GenericScope - BeanFactory id=192b9f39-bcb0-3b79-ab2c-4d1973d7aa70
2020-12-04 07:31:07.775 [main] INFO  o.s.b.w.e.tomcat.TomcatWebServer - Tomcat initialized with port(s): 8005 (http)
2020-12-04 07:31:07.787 [main] INFO  o.a.coyote.http11.Http11NioProtocol - Initializing ProtocolHandler ["http-nio-8005"]
2020-12-04 07:31:07.787 [main] INFO  o.a.catalina.core.StandardService - Starting service [Tomcat]
2020-12-04 07:31:07.788 [main] INFO  o.a.catalina.core.StandardEngine - Starting Servlet engine: [Apache Tomcat/9.0.31]
2020-12-04 07:31:07.902 [main] INFO  o.a.c.c.C.[.[.[/news/admin] - Initializing Spring embedded WebApplicationContext
2020-12-04 07:31:07.902 [main] INFO  o.s.web.context.ContextLoader - Root WebApplicationContext: initialization completed in 1921 ms
2020-12-04 07:31:07.984 [main] INFO  c.a.d.s.b.a.DruidDataSourceAutoConfigure - Init DruidDataSource
2020-12-04 07:31:08.086 [main] INFO  c.alibaba.druid.pool.DruidDataSource - {dataSource-1} inited
2020-12-04 07:31:33.956 [main] INFO  org.mongodb.driver.cluster - Cluster created with settings {hosts=[127.0.0.1:27017], mode=SINGLE, requiredClusterType=UNKNOWN, serverSelectionTimeout='30000 ms', maxWaitQueueSize=500}
2020-12-04 07:31:34.015 [main] WARN  o.s.b.w.s.c.AnnotationConfigServletWebServerApplicationContext - Exception encountered during context initialization - cancelling refresh attempt: org.springframework.beans.factory.UnsatisfiedDependencyException: Error creating bean with name 'friendLinkServiceImpl' defined in file [/Users/Aiolos/developer/gitProjects/news/news-service-admin/target/classes/com/aiolos/news/service/FriendLinkServiceImpl.class]: Unsatisfied dependency expressed through constructor parameter 0; nested exception is org.springframework.beans.factory.BeanCreationException: Error creating bean with name 'friendLinkRepository': Cannot resolve reference to bean 'mongoTemplate' while setting bean property 'mongoOperations'; nested exception is org.springframework.beans.factory.UnsatisfiedDependencyException: Error creating bean with name 'mongoTemplate' defined in class path resource [org/springframework/boot/autoconfigure/data/mongo/MongoDbFactoryDependentConfiguration.class]: Unsatisfied dependency expressed through method 'mongoTemplate' parameter 0; nested exception is org.springframework.beans.factory.BeanCreationException: Error creating bean with name 'mongoDbFactory' defined in class path resource [org/springframework/boot/autoconfigure/data/mongo/MongoDbFactoryConfiguration.class]: Bean instantiation via factory method failed; nested exception is org.springframework.beans.BeanInstantiationException: Failed to instantiate [org.springframework.data.mongodb.core.MongoDbFactorySupport]: Factory method 'mongoDbFactory' threw exception; nested exception is java.lang.IllegalArgumentException: Database name must not be empty!
2020-12-04 07:31:34.030 [main] INFO  c.alibaba.druid.pool.DruidDataSource - {dataSource-1} closed
2020-12-04 07:31:34.031 [main] INFO  o.a.catalina.core.StandardService - Stopping service [Tomcat]
2020-12-04 07:31:34.041 [main] INFO  o.s.b.a.l.ConditionEvaluationReportLoggingListener - 

Error starting ApplicationContext. To display the conditions report re-run your application with 'debug' enabled.
2020-12-04 07:31:34.050 [main] ERROR o.s.boot.SpringApplication - Application run failed
org.springframework.beans.factory.UnsatisfiedDependencyException: Error creating bean with name 'friendLinkServiceImpl' defined in file [/Users/Aiolos/developer/gitProjects/news/news-service-admin/target/classes/com/aiolos/news/service/FriendLinkServiceImpl.class]: Unsatisfied dependency expressed through constructor parameter 0; nested exception is org.springframework.beans.factory.BeanCreationException: Error creating bean with name 'friendLinkRepository': Cannot resolve reference to bean 'mongoTemplate' while setting bean property 'mongoOperations'; nested exception is org.springframework.beans.factory.UnsatisfiedDependencyException: Error creating bean with name 'mongoTemplate' defined in class path resource [org/springframework/boot/autoconfigure/data/mongo/MongoDbFactoryDependentConfiguration.class]: Unsatisfied dependency expressed through method 'mongoTemplate' parameter 0; nested exception is org.springframework.beans.factory.BeanCreationException: Error creating bean with name 'mongoDbFactory' defined in class path resource [org/springframework/boot/autoconfigure/data/mongo/MongoDbFactoryConfiguration.class]: Bean instantiation via factory method failed; nested exception is org.springframework.beans.BeanInstantiationException: Failed to instantiate [org.springframework.data.mongodb.core.MongoDbFactorySupport]: Factory method 'mongoDbFactory' threw exception; nested exception is java.lang.IllegalArgumentException: Database name must not be empty!
	at org.springframework.beans.factory.support.ConstructorResolver.createArgumentArray(ConstructorResolver.java:798)
	at org.springframework.beans.factory.support.ConstructorResolver.autowireConstructor(ConstructorResolver.java:228)
	at org.springframework.beans.factory.support.AbstractAutowireCapableBeanFactory.autowireConstructor(AbstractAutowireCapableBeanFactory.java:1358)
	at org.springframework.beans.factory.support.AbstractAutowireCapableBeanFactory.createBeanInstance(AbstractAutowireCapableBeanFactory.java:1204)
	at org.springframework.beans.factory.support.AbstractAutowireCapableBeanFactory.doCreateBean(AbstractAutowireCapableBeanFactory.java:557)
	at org.springframework.beans.factory.support.AbstractAutowireCapableBeanFactory.createBean(AbstractAutowireCapableBeanFactory.java:517)
	at org.springframework.beans.factory.support.AbstractBeanFactory.lambda$doGetBean$0(AbstractBeanFactory.java:323)
	at org.springframework.beans.factory.support.DefaultSingletonBeanRegistry.getSingleton(DefaultSingletonBeanRegistry.java:222)
	at org.springframework.beans.factory.support.AbstractBeanFactory.doGetBean(AbstractBeanFactory.java:321)
	at org.springframework.beans.factory.support.AbstractBeanFactory.getBean(AbstractBeanFactory.java:202)
	at org.springframework.beans.factory.support.DefaultListableBeanFactory.preInstantiateSingletons(DefaultListableBeanFactory.java:879)
	at org.springframework.context.support.AbstractApplicationContext.finishBeanFactoryInitialization(AbstractApplicationContext.java:878)
	at org.springframework.context.support.AbstractApplicationContext.refresh(AbstractApplicationContext.java:550)
	at org.springframework.boot.web.servlet.context.ServletWebServerApplicationContext.refresh(ServletWebServerApplicationContext.java:141)
	at org.springframework.boot.SpringApplication.refresh(SpringApplication.java:747)
	at org.springframework.boot.SpringApplication.refreshContext(SpringApplication.java:397)
	at org.springframework.boot.SpringApplication.run(SpringApplication.java:315)
	at org.springframework.boot.SpringApplication.run(SpringApplication.java:1226)
	at org.springframework.boot.SpringApplication.run(SpringApplication.java:1215)
	at com.aiolos.news.AdminApplication.main(AdminApplication.java:17)
Caused by: org.springframework.beans.factory.BeanCreationException: Error creating bean with name 'friendLinkRepository': Cannot resolve reference to bean 'mongoTemplate' while setting bean property 'mongoOperations'; nested exception is org.springframework.beans.factory.UnsatisfiedDependencyException: Error creating bean with name 'mongoTemplate' defined in class path resource [org/springframework/boot/autoconfigure/data/mongo/MongoDbFactoryDependentConfiguration.class]: Unsatisfied dependency expressed through method 'mongoTemplate' parameter 0; nested exception is org.springframework.beans.factory.BeanCreationException: Error creating bean with name 'mongoDbFactory' defined in class path resource [org/springframework/boot/autoconfigure/data/mongo/MongoDbFactoryConfiguration.class]: Bean instantiation via factory method failed; nested exception is org.springframework.beans.BeanInstantiationException: Failed to instantiate [org.springframework.data.mongodb.core.MongoDbFactorySupport]: Factory method 'mongoDbFactory' threw exception; nested exception is java.lang.IllegalArgumentException: Database name must not be empty!
	at org.springframework.beans.factory.support.BeanDefinitionValueResolver.resolveReference(BeanDefinitionValueResolver.java:342)
	at org.springframework.beans.factory.support.BeanDefinitionValueResolver.resolveValueIfNecessary(BeanDefinitionValueResolver.java:113)
	at org.springframework.beans.factory.support.AbstractAutowireCapableBeanFactory.applyPropertyValues(AbstractAutowireCapableBeanFactory.java:1699)
	at org.springframework.beans.factory.support.AbstractAutowireCapableBeanFactory.populateBean(AbstractAutowireCapableBeanFactory.java:1444)
	at org.springframework.beans.factory.support.AbstractAutowireCapableBeanFactory.doCreateBean(AbstractAutowireCapableBeanFactory.java:594)
	at org.springframework.beans.factory.support.AbstractAutowireCapableBeanFactory.createBean(AbstractAutowireCapableBeanFactory.java:517)
	at org.springframework.beans.factory.support.AbstractBeanFactory.lambda$doGetBean$0(AbstractBeanFactory.java:323)
	at org.springframework.beans.factory.support.DefaultSingletonBeanRegistry.getSingleton(DefaultSingletonBeanRegistry.java:222)
	at org.springframework.beans.factory.support.AbstractBeanFactory.doGetBean(AbstractBeanFactory.java:321)
	at org.springframework.beans.factory.support.AbstractBeanFactory.getBean(AbstractBeanFactory.java:202)
	at org.springframework.beans.factory.config.DependencyDescriptor.resolveCandidate(DependencyDescriptor.java:276)
	at org.springframework.beans.factory.support.DefaultListableBeanFactory.doResolveDependency(DefaultListableBeanFactory.java:1287)
	at org.springframework.beans.factory.support.DefaultListableBeanFactory.resolveDependency(DefaultListableBeanFactory.java:1207)
	at org.springframework.beans.factory.support.ConstructorResolver.resolveAutowiredArgument(ConstructorResolver.java:885)
	at org.springframework.beans.factory.support.ConstructorResolver.createArgumentArray(ConstructorResolver.java:789)
	... 19 common frames omitted
Caused by: org.springframework.beans.factory.UnsatisfiedDependencyException: Error creating bean with name 'mongoTemplate' defined in class path resource [org/springframework/boot/autoconfigure/data/mongo/MongoDbFactoryDependentConfiguration.class]: Unsatisfied dependency expressed through method 'mongoTemplate' parameter 0; nested exception is org.springframework.beans.factory.BeanCreationException: Error creating bean with name 'mongoDbFactory' defined in class path resource [org/springframework/boot/autoconfigure/data/mongo/MongoDbFactoryConfiguration.class]: Bean instantiation via factory method failed; nested exception is org.springframework.beans.BeanInstantiationException: Failed to instantiate [org.springframework.data.mongodb.core.MongoDbFactorySupport]: Factory method 'mongoDbFactory' threw exception; nested exception is java.lang.IllegalArgumentException: Database name must not be empty!
	at org.springframework.beans.factory.support.ConstructorResolver.createArgumentArray(ConstructorResolver.java:798)
	at org.springframework.beans.factory.support.ConstructorResolver.instantiateUsingFactoryMethod(ConstructorResolver.java:539)
	at org.springframework.beans.factory.support.AbstractAutowireCapableBeanFactory.instantiateUsingFactoryMethod(AbstractAutowireCapableBeanFactory.java:1338)
	at org.springframework.beans.factory.support.AbstractAutowireCapableBeanFactory.createBeanInstance(AbstractAutowireCapableBeanFactory.java:1177)
	at org.springframework.beans.factory.support.AbstractAutowireCapableBeanFactory.doCreateBean(AbstractAutowireCapableBeanFactory.java:557)
	at org.springframework.beans.factory.support.AbstractAutowireCapableBeanFactory.createBean(AbstractAutowireCapableBeanFactory.java:517)
	at org.springframework.beans.factory.support.AbstractBeanFactory.lambda$doGetBean$0(AbstractBeanFactory.java:323)
	at org.springframework.beans.factory.support.DefaultSingletonBeanRegistry.getSingleton(DefaultSingletonBeanRegistry.java:222)
	at org.springframework.beans.factory.support.AbstractBeanFactory.doGetBean(AbstractBeanFactory.java:321)
	at org.springframework.beans.factory.support.AbstractBeanFactory.getBean(AbstractBeanFactory.java:202)
	at org.springframework.beans.factory.support.BeanDefinitionValueResolver.resolveReference(BeanDefinitionValueResolver.java:330)
	... 33 common frames omitted
Caused by: org.springframework.beans.factory.BeanCreationException: Error creating bean with name 'mongoDbFactory' defined in class path resource [org/springframework/boot/autoconfigure/data/mongo/MongoDbFactoryConfiguration.class]: Bean instantiation via factory method failed; nested exception is org.springframework.beans.BeanInstantiationException: Failed to instantiate [org.springframework.data.mongodb.core.MongoDbFactorySupport]: Factory method 'mongoDbFactory' threw exception; nested exception is java.lang.IllegalArgumentException: Database name must not be empty!
	at org.springframework.beans.factory.support.ConstructorResolver.instantiate(ConstructorResolver.java:656)
	at org.springframework.beans.factory.support.ConstructorResolver.instantiateUsingFactoryMethod(ConstructorResolver.java:636)
	at org.springframework.beans.factory.support.AbstractAutowireCapableBeanFactory.instantiateUsingFactoryMethod(AbstractAutowireCapableBeanFactory.java:1338)
	at org.springframework.beans.factory.support.AbstractAutowireCapableBeanFactory.createBeanInstance(AbstractAutowireCapableBeanFactory.java:1177)
	at org.springframework.beans.factory.support.AbstractAutowireCapableBeanFactory.doCreateBean(AbstractAutowireCapableBeanFactory.java:557)
	at org.springframework.beans.factory.support.AbstractAutowireCapableBeanFactory.createBean(AbstractAutowireCapableBeanFactory.java:517)
	at org.springframework.beans.factory.support.AbstractBeanFactory.lambda$doGetBean$0(AbstractBeanFactory.java:323)
	at org.springframework.beans.factory.support.DefaultSingletonBeanRegistry.getSingleton(DefaultSingletonBeanRegistry.java:222)
	at org.springframework.beans.factory.support.AbstractBeanFactory.doGetBean(AbstractBeanFactory.java:321)
	at org.springframework.beans.factory.support.AbstractBeanFactory.getBean(AbstractBeanFactory.java:202)
	at org.springframework.beans.factory.config.DependencyDescriptor.resolveCandidate(DependencyDescriptor.java:276)
	at org.springframework.beans.factory.support.DefaultListableBeanFactory.doResolveDependency(DefaultListableBeanFactory.java:1287)
	at org.springframework.beans.factory.support.DefaultListableBeanFactory.resolveDependency(DefaultListableBeanFactory.java:1207)
	at org.springframework.beans.factory.support.ConstructorResolver.resolveAutowiredArgument(ConstructorResolver.java:885)
	at org.springframework.beans.factory.support.ConstructorResolver.createArgumentArray(ConstructorResolver.java:789)
	... 43 common frames omitted
Caused by: org.springframework.beans.BeanInstantiationException: Failed to instantiate [org.springframework.data.mongodb.core.MongoDbFactorySupport]: Factory method 'mongoDbFactory' threw exception; nested exception is java.lang.IllegalArgumentException: Database name must not be empty!
	at org.springframework.beans.factory.support.SimpleInstantiationStrategy.instantiate(SimpleInstantiationStrategy.java:185)
	at org.springframework.beans.factory.support.ConstructorResolver.instantiate(ConstructorResolver.java:651)
	... 57 common frames omitted
Caused by: java.lang.IllegalArgumentException: Database name must not be empty!
	at org.springframework.util.Assert.hasText(Assert.java:284)
	at org.springframework.data.mongodb.core.MongoDbFactorySupport.<init>(MongoDbFactorySupport.java:71)
	at org.springframework.data.mongodb.core.SimpleMongoDbFactory.<init>(SimpleMongoDbFactory.java:69)
	at org.springframework.data.mongodb.core.SimpleMongoDbFactory.<init>(SimpleMongoDbFactory.java:59)
	at org.springframework.boot.autoconfigure.data.mongo.MongoDbFactoryConfiguration.mongoDbFactory(MongoDbFactoryConfiguration.java:50)
	at sun.reflect.NativeMethodAccessorImpl.invoke0(Native Method)
	at sun.reflect.NativeMethodAccessorImpl.invoke(NativeMethodAccessorImpl.java:62)
	at sun.reflect.DelegatingMethodAccessorImpl.invoke(DelegatingMethodAccessorImpl.java:43)
	at java.lang.reflect.Method.invoke(Method.java:498)
	at org.springframework.beans.factory.support.SimpleInstantiationStrategy.instantiate(SimpleInstantiationStrategy.java:154)
	... 58 common frames omitted
2020-12-04 08:39:45.547 [main] INFO  com.aiolos.news.AdminApplication - The following profiles are active: dev
2020-12-04 08:39:46.336 [main] INFO  o.s.d.r.c.RepositoryConfigurationDelegate - Multiple Spring Data modules found, entering strict repository configuration mode!
2020-12-04 08:39:46.337 [main] INFO  o.s.d.r.c.RepositoryConfigurationDelegate - Bootstrapping Spring Data MongoDB repositories in DEFAULT mode.
2020-12-04 08:39:46.401 [main] INFO  o.s.d.r.c.RepositoryConfigurationDelegate - Finished Spring Data repository scanning in 61ms. Found 1 MongoDB repository interfaces.
2020-12-04 08:39:46.412 [main] INFO  o.s.d.r.c.RepositoryConfigurationDelegate - Multiple Spring Data modules found, entering strict repository configuration mode!
2020-12-04 08:39:46.413 [main] INFO  o.s.d.r.c.RepositoryConfigurationDelegate - Bootstrapping Spring Data Redis repositories in DEFAULT mode.
2020-12-04 08:39:46.430 [main] INFO  o.s.d.r.c.RepositoryConfigurationExtensionSupport - Spring Data Redis - Could not safely identify store assignment for repository candidate interface com.aiolos.news.repository.FriendLinkRepository. If you want this repository to be a Redis repository, consider annotating your entities with one of these annotations: org.springframework.data.redis.core.RedisHash (preferred), or consider extending one of the following types with your repository: org.springframework.data.keyvalue.repository.KeyValueRepository.
2020-12-04 08:39:46.430 [main] INFO  o.s.d.r.c.RepositoryConfigurationDelegate - Finished Spring Data repository scanning in 9ms. Found 0 Redis repository interfaces.
2020-12-04 08:39:46.574 [main] WARN  o.m.s.mapper.ClassPathMapperScanner - Skipping MapperFactoryBean with name 'adminUserDao' and 'com.aiolos.news.dao.AdminUserDao' mapperInterface. Bean already defined with the same name!
2020-12-04 08:39:46.575 [main] WARN  o.m.s.mapper.ClassPathMapperScanner - Skipping MapperFactoryBean with name 'categoryDao' and 'com.aiolos.news.dao.CategoryDao' mapperInterface. Bean already defined with the same name!
2020-12-04 08:39:46.575 [main] WARN  o.m.s.mapper.ClassPathMapperScanner - No MyBatis mapper was found in '[com.aiolos.news.dao]' package. Please check your configuration.
2020-12-04 08:39:46.660 [main] INFO  o.s.cloud.context.scope.GenericScope - BeanFactory id=192b9f39-bcb0-3b79-ab2c-4d1973d7aa70
2020-12-04 08:39:47.275 [main] INFO  o.s.b.w.e.tomcat.TomcatWebServer - Tomcat initialized with port(s): 8005 (http)
2020-12-04 08:39:47.288 [main] INFO  o.a.coyote.http11.Http11NioProtocol - Initializing ProtocolHandler ["http-nio-8005"]
2020-12-04 08:39:47.288 [main] INFO  o.a.catalina.core.StandardService - Starting service [Tomcat]
2020-12-04 08:39:47.289 [main] INFO  o.a.catalina.core.StandardEngine - Starting Servlet engine: [Apache Tomcat/9.0.31]
2020-12-04 08:39:47.393 [main] INFO  o.a.c.c.C.[.[.[/news/admin] - Initializing Spring embedded WebApplicationContext
2020-12-04 08:39:47.394 [main] INFO  o.s.web.context.ContextLoader - Root WebApplicationContext: initialization completed in 1829 ms
2020-12-04 08:39:47.472 [main] INFO  c.a.d.s.b.a.DruidDataSourceAutoConfigure - Init DruidDataSource
2020-12-04 08:39:47.570 [main] INFO  c.alibaba.druid.pool.DruidDataSource - {dataSource-1} inited
2020-12-04 08:40:13.460 [main] INFO  org.mongodb.driver.cluster - Cluster created with settings {hosts=[127.0.0.1:27017], mode=SINGLE, requiredClusterType=UNKNOWN, serverSelectionTimeout='30000 ms', maxWaitQueueSize=500}
2020-12-04 08:40:13.519 [cluster-ClusterId{value='5fc9856d22166c571e5c4bc4', description='null'}-127.0.0.1:27017] INFO  org.mongodb.driver.connection - Opened connection [connectionId{localValue:1, serverValue:7}] to 127.0.0.1:27017
2020-12-04 08:40:13.525 [cluster-ClusterId{value='5fc9856d22166c571e5c4bc4', description='null'}-127.0.0.1:27017] INFO  org.mongodb.driver.cluster - Monitor thread successfully connected to server with description ServerDescription{address=127.0.0.1:27017, type=STANDALONE, state=CONNECTED, ok=true, version=ServerVersion{versionList=[4, 4, 2]}, minWireVersion=0, maxWireVersion=9, maxDocumentSize=16777216, logicalSessionTimeoutMinutes=30, roundTripTimeNanos=3940704}
2020-12-04 08:40:14.353 [main] INFO  s.d.s.w.PropertySourcedRequestMappingHandlerMapping - Mapped URL path [/v2/api-docs] onto method [springfox.documentation.swagger2.web.Swagger2Controller#getDocumentation(String, HttpServletRequest)]
2020-12-04 08:40:14.378 [main] WARN  c.n.c.sources.URLConfigurationSource - No URLs will be polled as dynamic configuration sources.
2020-12-04 08:40:14.378 [main] INFO  c.n.c.sources.URLConfigurationSource - To enable URLs as dynamic configuration sources, define System property archaius.configurationSource.additionalUrls or make config.properties available on classpath.
2020-12-04 08:40:14.383 [main] WARN  c.n.c.sources.URLConfigurationSource - No URLs will be polled as dynamic configuration sources.
2020-12-04 08:40:14.384 [main] INFO  c.n.c.sources.URLConfigurationSource - To enable URLs as dynamic configuration sources, define System property archaius.configurationSource.additionalUrls or make config.properties available on classpath.
2020-12-04 08:40:14.592 [main] INFO  o.s.s.c.ThreadPoolTaskExecutor - Initializing ExecutorService 'applicationTaskExecutor'
2020-12-04 08:40:15.068 [main] INFO  t.m.m.a.MapperCacheDisabler - Clear tk.mybatis.mapper.util.MsUtil CLASS_CACHE cache.
2020-12-04 08:40:15.069 [main] INFO  t.m.m.a.MapperCacheDisabler - Clear tk.mybatis.mapper.genid.GenIdUtil CACHE cache.
2020-12-04 08:40:15.069 [main] INFO  t.m.m.a.MapperCacheDisabler - Clear tk.mybatis.mapper.version.VersionUtil CACHE cache.
2020-12-04 08:40:15.071 [main] INFO  t.m.m.a.MapperCacheDisabler - Clear EntityHelper entityTableMap cache.
2020-12-04 08:40:15.135 [main] INFO  s.d.s.w.p.DocumentationPluginsBootstrapper - Context refreshed
2020-12-04 08:40:15.290 [main] INFO  s.d.s.w.p.DocumentationPluginsBootstrapper - Found 1 custom documentation plugin(s)
2020-12-04 08:40:15.336 [main] INFO  s.d.s.w.s.ApiListingReferenceScanner - Scanning for api listing references
2020-12-04 08:40:15.512 [main] INFO  o.a.coyote.http11.Http11NioProtocol - Starting ProtocolHandler ["http-nio-8005"]
2020-12-04 08:40:15.544 [main] INFO  o.s.b.w.e.tomcat.TomcatWebServer - Tomcat started on port(s): 8005 (http) with context path '/news/admin'
2020-12-04 08:40:15.549 [main] INFO  com.aiolos.news.AdminApplication - Started AdminApplication in 51.761 seconds (JVM running for 57.401)
2020-12-04 09:25:39.457 [SpringContextShutdownHook] INFO  o.s.s.c.ThreadPoolTaskExecutor - Shutting down ExecutorService 'applicationTaskExecutor'
2020-12-04 09:25:39.507 [SpringContextShutdownHook] INFO  c.alibaba.druid.pool.DruidDataSource - {dataSource-1} closed
2020-12-04 18:00:47.697 [main] INFO  com.aiolos.news.AdminApplication - The following profiles are active: dev
2020-12-04 18:00:48.735 [main] INFO  o.s.d.r.c.RepositoryConfigurationDelegate - Multiple Spring Data modules found, entering strict repository configuration mode!
2020-12-04 18:00:48.736 [main] INFO  o.s.d.r.c.RepositoryConfigurationDelegate - Bootstrapping Spring Data MongoDB repositories in DEFAULT mode.
2020-12-04 18:00:48.847 [main] INFO  o.s.d.r.c.RepositoryConfigurationDelegate - Finished Spring Data repository scanning in 98ms. Found 1 MongoDB repository interfaces.
2020-12-04 18:00:48.864 [main] INFO  o.s.d.r.c.RepositoryConfigurationDelegate - Multiple Spring Data modules found, entering strict repository configuration mode!
2020-12-04 18:00:48.865 [main] INFO  o.s.d.r.c.RepositoryConfigurationDelegate - Bootstrapping Spring Data Redis repositories in DEFAULT mode.
2020-12-04 18:00:48.885 [main] INFO  o.s.d.r.c.RepositoryConfigurationExtensionSupport - Spring Data Redis - Could not safely identify store assignment for repository candidate interface com.aiolos.news.repository.FriendLinkRepository. If you want this repository to be a Redis repository, consider annotating your entities with one of these annotations: org.springframework.data.redis.core.RedisHash (preferred), or consider extending one of the following types with your repository: org.springframework.data.keyvalue.repository.KeyValueRepository.
2020-12-04 18:00:48.886 [main] INFO  o.s.d.r.c.RepositoryConfigurationDelegate - Finished Spring Data repository scanning in 10ms. Found 0 Redis repository interfaces.
2020-12-04 18:00:49.089 [main] WARN  o.m.s.mapper.ClassPathMapperScanner - Skipping MapperFactoryBean with name 'adminUserDao' and 'com.aiolos.news.dao.AdminUserDao' mapperInterface. Bean already defined with the same name!
2020-12-04 18:00:49.089 [main] WARN  o.m.s.mapper.ClassPathMapperScanner - Skipping MapperFactoryBean with name 'categoryDao' and 'com.aiolos.news.dao.CategoryDao' mapperInterface. Bean already defined with the same name!
2020-12-04 18:00:49.089 [main] WARN  o.m.s.mapper.ClassPathMapperScanner - No MyBatis mapper was found in '[com.aiolos.news.dao]' package. Please check your configuration.
2020-12-04 18:00:49.204 [main] INFO  o.s.cloud.context.scope.GenericScope - BeanFactory id=192b9f39-bcb0-3b79-ab2c-4d1973d7aa70
2020-12-04 18:00:49.928 [main] INFO  o.s.b.w.e.tomcat.TomcatWebServer - Tomcat initialized with port(s): 8005 (http)
2020-12-04 18:00:49.940 [main] INFO  o.a.coyote.http11.Http11NioProtocol - Initializing ProtocolHandler ["http-nio-8005"]
2020-12-04 18:00:49.941 [main] INFO  o.a.catalina.core.StandardService - Starting service [Tomcat]
2020-12-04 18:00:49.942 [main] INFO  o.a.catalina.core.StandardEngine - Starting Servlet engine: [Apache Tomcat/9.0.31]
2020-12-04 18:00:50.087 [main] INFO  o.a.c.c.C.[.[.[/news/admin] - Initializing Spring embedded WebApplicationContext
2020-12-04 18:00:50.087 [main] INFO  o.s.web.context.ContextLoader - Root WebApplicationContext: initialization completed in 2362 ms
2020-12-04 18:00:50.188 [main] INFO  c.a.d.s.b.a.DruidDataSourceAutoConfigure - Init DruidDataSource
2020-12-04 18:00:50.327 [main] INFO  c.alibaba.druid.pool.DruidDataSource - {dataSource-1} inited
2020-12-04 18:01:16.423 [main] INFO  org.mongodb.driver.cluster - Cluster created with settings {hosts=[127.0.0.1:27017], mode=SINGLE, requiredClusterType=UNKNOWN, serverSelectionTimeout='30000 ms', maxWaitQueueSize=500}
2020-12-04 18:01:16.500 [cluster-ClusterId{value='5fca08ec66ab0a726ceb0e90', description='null'}-127.0.0.1:27017] INFO  org.mongodb.driver.connection - Opened connection [connectionId{localValue:1, serverValue:12}] to 127.0.0.1:27017
2020-12-04 18:01:16.507 [cluster-ClusterId{value='5fca08ec66ab0a726ceb0e90', description='null'}-127.0.0.1:27017] INFO  org.mongodb.driver.cluster - Monitor thread successfully connected to server with description ServerDescription{address=127.0.0.1:27017, type=STANDALONE, state=CONNECTED, ok=true, version=ServerVersion{versionList=[4, 4, 2]}, minWireVersion=0, maxWireVersion=9, maxDocumentSize=16777216, logicalSessionTimeoutMinutes=30, roundTripTimeNanos=4087318}
2020-12-04 18:01:17.442 [main] INFO  s.d.s.w.PropertySourcedRequestMappingHandlerMapping - Mapped URL path [/v2/api-docs] onto method [springfox.documentation.swagger2.web.Swagger2Controller#getDocumentation(String, HttpServletRequest)]
2020-12-04 18:01:17.475 [main] WARN  c.n.c.sources.URLConfigurationSource - No URLs will be polled as dynamic configuration sources.
2020-12-04 18:01:17.475 [main] INFO  c.n.c.sources.URLConfigurationSource - To enable URLs as dynamic configuration sources, define System property archaius.configurationSource.additionalUrls or make config.properties available on classpath.
2020-12-04 18:01:17.481 [main] WARN  c.n.c.sources.URLConfigurationSource - No URLs will be polled as dynamic configuration sources.
2020-12-04 18:01:17.481 [main] INFO  c.n.c.sources.URLConfigurationSource - To enable URLs as dynamic configuration sources, define System property archaius.configurationSource.additionalUrls or make config.properties available on classpath.
2020-12-04 18:01:17.801 [main] INFO  o.s.s.c.ThreadPoolTaskExecutor - Initializing ExecutorService 'applicationTaskExecutor'
2020-12-04 18:01:18.446 [main] INFO  t.m.m.a.MapperCacheDisabler - Clear tk.mybatis.mapper.util.MsUtil CLASS_CACHE cache.
2020-12-04 18:01:18.448 [main] INFO  t.m.m.a.MapperCacheDisabler - Clear tk.mybatis.mapper.genid.GenIdUtil CACHE cache.
2020-12-04 18:01:18.449 [main] INFO  t.m.m.a.MapperCacheDisabler - Clear tk.mybatis.mapper.version.VersionUtil CACHE cache.
2020-12-04 18:01:18.451 [main] INFO  t.m.m.a.MapperCacheDisabler - Clear EntityHelper entityTableMap cache.
2020-12-04 18:01:18.532 [main] INFO  s.d.s.w.p.DocumentationPluginsBootstrapper - Context refreshed
2020-12-04 18:01:18.553 [main] INFO  s.d.s.w.p.DocumentationPluginsBootstrapper - Found 1 custom documentation plugin(s)
2020-12-04 18:01:18.604 [main] INFO  s.d.s.w.s.ApiListingReferenceScanner - Scanning for api listing references
2020-12-04 18:01:18.829 [main] INFO  o.a.coyote.http11.Http11NioProtocol - Starting ProtocolHandler ["http-nio-8005"]
2020-12-04 18:01:18.867 [main] INFO  o.s.b.w.e.tomcat.TomcatWebServer - Tomcat started on port(s): 8005 (http) with context path '/news/admin'
2020-12-04 18:01:18.873 [main] INFO  com.aiolos.news.AdminApplication - Started AdminApplication in 53.238 seconds (JVM running for 59.138)
2020-12-04 18:02:30.032 [http-nio-8005-exec-1] INFO  o.a.c.c.C.[.[.[/news/admin] - Initializing Spring DispatcherServlet 'dispatcherServlet'
2020-12-04 18:02:30.034 [http-nio-8005-exec-1] INFO  o.s.web.servlet.DispatcherServlet - Initializing Servlet 'dispatcherServlet'
2020-12-04 18:02:30.059 [http-nio-8005-exec-1] INFO  o.s.web.servlet.DispatcherServlet - Completed initialization in 25 ms
2020-12-04 18:02:30.286 [http-nio-8005-exec-2] INFO  c.a.news.controller.AdminController - Enter function adminLogin, parameter adminLoginBO: AdminLoginBO(username=admin, password=admin, img64=null)
2020-12-04 18:02:30.295 [http-nio-8005-exec-2] INFO  c.a.news.aspect.ServiceLogAspect - ============ 开始执行 class com.aiolos.news.service.impl.AdminUserServiceImpl.queryAdminByUsername ============
2020-12-04 18:02:30.751 [http-nio-8005-exec-2] INFO  c.a.news.aspect.ServiceLogAspect - 当前执行耗时：455
2020-12-04 18:04:12.078 [http-nio-8005-exec-7] INFO  c.a.news.controller.AdminController - Enter function adminLogin, parameter adminLoginBO: AdminLoginBO(username=aiolos, password=aiolos, img64=null)
2020-12-04 18:04:12.080 [http-nio-8005-exec-7] INFO  c.a.news.aspect.ServiceLogAspect - ============ 开始执行 class com.aiolos.news.service.impl.AdminUserServiceImpl.queryAdminByUsername ============
2020-12-04 18:04:12.107 [http-nio-8005-exec-7] INFO  c.a.news.aspect.ServiceLogAspect - 当前执行耗时：27
2020-12-04 18:04:30.229 [http-nio-8005-exec-8] INFO  c.a.news.controller.AdminController - Enter function adminLogin, parameter adminLoginBO: AdminLoginBO(username=admin, password=aiolosADMIN1204285., img64=null)
2020-12-04 18:04:30.229 [http-nio-8005-exec-8] INFO  c.a.news.aspect.ServiceLogAspect - ============ 开始执行 class com.aiolos.news.service.impl.AdminUserServiceImpl.queryAdminByUsername ============
2020-12-04 18:04:30.235 [http-nio-8005-exec-8] INFO  c.a.news.aspect.ServiceLogAspect - 当前执行耗时：6
2020-12-04 18:04:34.547 [http-nio-8005-exec-9] INFO  c.a.news.controller.AdminController - Enter function adminLogin, parameter adminLoginBO: AdminLoginBO(username=admin, password=aiolosADMIN1204285, img64=null)
2020-12-04 18:04:34.547 [http-nio-8005-exec-9] INFO  c.a.news.aspect.ServiceLogAspect - ============ 开始执行 class com.aiolos.news.service.impl.AdminUserServiceImpl.queryAdminByUsername ============
2020-12-04 18:04:34.553 [http-nio-8005-exec-9] INFO  c.a.news.aspect.ServiceLogAspect - 当前执行耗时：6
2020-12-04 18:04:42.331 [http-nio-8005-exec-1] INFO  c.a.news.controller.AdminController - Enter function adminLogin, parameter adminLoginBO: AdminLoginBO(username=admin, password=aiolosADMIN1204285X., img64=null)
2020-12-04 18:04:42.332 [http-nio-8005-exec-1] INFO  c.a.news.aspect.ServiceLogAspect - ============ 开始执行 class com.aiolos.news.service.impl.AdminUserServiceImpl.queryAdminByUsername ============
2020-12-04 18:04:42.337 [http-nio-8005-exec-1] INFO  c.a.news.aspect.ServiceLogAspect - 当前执行耗时：5
2020-12-04 18:04:55.192 [http-nio-8005-exec-3] INFO  c.a.news.controller.AdminController - Enter function adminLogin, parameter adminLoginBO: AdminLoginBO(username=admin, password=aiolosADMIN1204285X., img64=null)
2020-12-04 18:04:55.193 [http-nio-8005-exec-3] INFO  c.a.news.aspect.ServiceLogAspect - ============ 开始执行 class com.aiolos.news.service.impl.AdminUserServiceImpl.queryAdminByUsername ============
2020-12-04 18:04:55.197 [http-nio-8005-exec-3] INFO  c.a.news.aspect.ServiceLogAspect - 当前执行耗时：4
2020-12-04 18:07:14.470 [http-nio-8005-exec-6] INFO  c.a.news.controller.AdminController - Enter function adminLogin, parameter adminLoginBO: AdminLoginBO(username=admin, password=aiolosADMIN1204285X., img64=null)
2020-12-04 18:07:14.472 [http-nio-8005-exec-6] INFO  c.a.news.aspect.ServiceLogAspect - ============ 开始执行 class com.aiolos.news.service.impl.AdminUserServiceImpl.queryAdminByUsername ============
2020-12-04 18:08:07.573 [http-nio-8005-exec-6] ERROR c.a.news.aspect.ServiceLogAspect - 当前执行耗时：53101
2020-12-04 18:13:00.948 [http-nio-8005-exec-1] INFO  c.a.news.controller.AdminController - Enter function adminLogin, parameter adminLoginBO: AdminLoginBO(username=aiolos, password=aiolosADMIN1204285., img64=null)
2020-12-04 18:13:00.951 [http-nio-8005-exec-1] INFO  c.a.news.aspect.ServiceLogAspect - ============ 开始执行 class com.aiolos.news.service.impl.AdminUserServiceImpl.queryAdminByUsername ============
2020-12-04 18:13:00.992 [http-nio-8005-exec-1] INFO  c.a.news.aspect.ServiceLogAspect - 当前执行耗时：41
2020-12-04 18:13:13.892 [http-nio-8005-exec-1] INFO  io.lettuce.core.EpollProvider - Starting without optional epoll library
2020-12-04 18:13:13.894 [http-nio-8005-exec-1] INFO  io.lettuce.core.KqueueProvider - Starting without optional kqueue library
2020-12-04 18:13:34.220 [http-nio-8005-exec-3] INFO  c.a.news.aspect.ServiceLogAspect - ============ 开始执行 class com.aiolos.news.service.impl.FriendLinkServiceImpl.saveOrUpdateFriendLink ============
2020-12-04 18:13:34.403 [http-nio-8005-exec-3] INFO  org.mongodb.driver.connection - Closed connection [connectionId{localValue:2}] to 127.0.0.1:27017 because there was a socket exception raised by this connection.
2020-12-04 18:13:34.417 [http-nio-8005-exec-3] INFO  c.a.n.c.advice.GlobalExceptionAdvice - Exception authenticating MongoCredential{mechanism=SCRAM-SHA-1, userName='root', source='admin', password=<hidden>, mechanismProperties=<hidden>}; nested exception is com.mongodb.MongoSecurityException: Exception authenticating MongoCredential{mechanism=SCRAM-SHA-1, userName='root', source='admin', password=<hidden>, mechanismProperties=<hidden>}
2020-12-04 18:15:39.974 [http-nio-8005-exec-6] INFO  c.a.news.aspect.ServiceLogAspect - ============ 开始执行 class com.aiolos.news.service.impl.FriendLinkServiceImpl.saveOrUpdateFriendLink ============
2020-12-04 18:15:39.990 [http-nio-8005-exec-6] INFO  org.mongodb.driver.connection - Closed connection [connectionId{localValue:3}] to 127.0.0.1:27017 because there was a socket exception raised by this connection.
2020-12-04 18:15:39.993 [http-nio-8005-exec-6] INFO  c.a.n.c.advice.GlobalExceptionAdvice - Exception authenticating MongoCredential{mechanism=SCRAM-SHA-1, userName='root', source='admin', password=<hidden>, mechanismProperties=<hidden>}; nested exception is com.mongodb.MongoSecurityException: Exception authenticating MongoCredential{mechanism=SCRAM-SHA-1, userName='root', source='admin', password=<hidden>, mechanismProperties=<hidden>}
2020-12-04 18:16:13.295 [http-nio-8005-exec-9] INFO  c.a.news.aspect.ServiceLogAspect - ============ 开始执行 class com.aiolos.news.service.impl.FriendLinkServiceImpl.saveOrUpdateFriendLink ============
2020-12-04 18:16:13.301 [http-nio-8005-exec-9] INFO  org.mongodb.driver.connection - Closed connection [connectionId{localValue:4}] to 127.0.0.1:27017 because there was a socket exception raised by this connection.
2020-12-04 18:16:13.302 [http-nio-8005-exec-9] INFO  c.a.n.c.advice.GlobalExceptionAdvice - Exception authenticating MongoCredential{mechanism=SCRAM-SHA-1, userName='root', source='admin', password=<hidden>, mechanismProperties=<hidden>}; nested exception is com.mongodb.MongoSecurityException: Exception authenticating MongoCredential{mechanism=SCRAM-SHA-1, userName='root', source='admin', password=<hidden>, mechanismProperties=<hidden>}
2020-12-04 18:16:18.778 [http-nio-8005-exec-1] INFO  c.a.news.aspect.ServiceLogAspect - ============ 开始执行 class com.aiolos.news.service.impl.FriendLinkServiceImpl.saveOrUpdateFriendLink ============
2020-12-04 18:16:18.785 [http-nio-8005-exec-1] INFO  org.mongodb.driver.connection - Closed connection [connectionId{localValue:5}] to 127.0.0.1:27017 because there was a socket exception raised by this connection.
2020-12-04 18:16:18.788 [http-nio-8005-exec-1] INFO  c.a.n.c.advice.GlobalExceptionAdvice - Exception authenticating MongoCredential{mechanism=SCRAM-SHA-1, userName='root', source='admin', password=<hidden>, mechanismProperties=<hidden>}; nested exception is com.mongodb.MongoSecurityException: Exception authenticating MongoCredential{mechanism=SCRAM-SHA-1, userName='root', source='admin', password=<hidden>, mechanismProperties=<hidden>}
2020-12-04 18:30:50.646 [http-nio-8005-exec-4] INFO  c.a.news.aspect.ServiceLogAspect - ============ 开始执行 class com.aiolos.news.service.impl.FriendLinkServiceImpl.saveOrUpdateFriendLink ============
2020-12-04 18:30:50.662 [http-nio-8005-exec-4] INFO  org.mongodb.driver.connection - Closed connection [connectionId{localValue:6}] to 127.0.0.1:27017 because there was a socket exception raised by this connection.
2020-12-04 18:30:50.666 [http-nio-8005-exec-4] INFO  c.a.n.c.advice.GlobalExceptionAdvice - Exception authenticating MongoCredential{mechanism=SCRAM-SHA-1, userName='root', source='admin', password=<hidden>, mechanismProperties=<hidden>}; nested exception is com.mongodb.MongoSecurityException: Exception authenticating MongoCredential{mechanism=SCRAM-SHA-1, userName='root', source='admin', password=<hidden>, mechanismProperties=<hidden>}
2020-12-04 18:32:58.169 [cluster-ClusterId{value='5fca08ec66ab0a726ceb0e90', description='null'}-127.0.0.1:27017] INFO  org.mongodb.driver.cluster - Exception in monitor thread while connecting to server 127.0.0.1:27017
com.mongodb.MongoSocketOpenException: Exception opening socket
	at com.mongodb.internal.connection.SocketStream.open(SocketStream.java:70)
	at com.mongodb.internal.connection.InternalStreamConnection.open(InternalStreamConnection.java:128)
	at com.mongodb.internal.connection.DefaultServerMonitor$ServerMonitorRunnable.run(DefaultServerMonitor.java:131)
	at java.lang.Thread.run(Thread.java:748)
Caused by: java.net.ConnectException: Connection refused (Connection refused)
	at java.net.PlainSocketImpl.socketConnect(Native Method)
	at java.net.AbstractPlainSocketImpl.doConnect(AbstractPlainSocketImpl.java:350)
	at java.net.AbstractPlainSocketImpl.connectToAddress(AbstractPlainSocketImpl.java:206)
	at java.net.AbstractPlainSocketImpl.connect(AbstractPlainSocketImpl.java:188)
	at java.net.SocksSocketImpl.connect(SocksSocketImpl.java:392)
	at java.net.Socket.connect(Socket.java:589)
	at com.mongodb.internal.connection.SocketStreamHelper.initialize(SocketStreamHelper.java:64)
	at com.mongodb.internal.connection.SocketStream.initializeSocket(SocketStream.java:79)
	at com.mongodb.internal.connection.SocketStream.open(SocketStream.java:65)
	... 3 common frames omitted
2020-12-04 18:33:58.194 [cluster-ClusterId{value='5fca08ec66ab0a726ceb0e90', description='null'}-127.0.0.1:27017] INFO  org.mongodb.driver.connection - Opened connection [connectionId{localValue:13, serverValue:1}] to 127.0.0.1:27017
2020-12-04 18:33:58.195 [cluster-ClusterId{value='5fca08ec66ab0a726ceb0e90', description='null'}-127.0.0.1:27017] INFO  org.mongodb.driver.cluster - Monitor thread successfully connected to server with description ServerDescription{address=127.0.0.1:27017, type=STANDALONE, state=CONNECTED, ok=true, version=ServerVersion{versionList=[4, 4, 2]}, minWireVersion=0, maxWireVersion=9, maxDocumentSize=16777216, logicalSessionTimeoutMinutes=30, roundTripTimeNanos=556928}
2020-12-04 18:36:08.247 [cluster-ClusterId{value='5fca08ec66ab0a726ceb0e90', description='null'}-127.0.0.1:27017] INFO  org.mongodb.driver.cluster - Exception in monitor thread while connecting to server 127.0.0.1:27017
com.mongodb.MongoSocketOpenException: Exception opening socket
	at com.mongodb.internal.connection.SocketStream.open(SocketStream.java:70)
	at com.mongodb.internal.connection.InternalStreamConnection.open(InternalStreamConnection.java:128)
	at com.mongodb.internal.connection.DefaultServerMonitor$ServerMonitorRunnable.run(DefaultServerMonitor.java:131)
	at java.lang.Thread.run(Thread.java:748)
Caused by: java.net.ConnectException: Connection refused (Connection refused)
	at java.net.PlainSocketImpl.socketConnect(Native Method)
	at java.net.AbstractPlainSocketImpl.doConnect(AbstractPlainSocketImpl.java:350)
	at java.net.AbstractPlainSocketImpl.connectToAddress(AbstractPlainSocketImpl.java:206)
	at java.net.AbstractPlainSocketImpl.connect(AbstractPlainSocketImpl.java:188)
	at java.net.SocksSocketImpl.connect(SocksSocketImpl.java:392)
	at java.net.Socket.connect(Socket.java:589)
	at com.mongodb.internal.connection.SocketStreamHelper.initialize(SocketStreamHelper.java:64)
	at com.mongodb.internal.connection.SocketStream.initializeSocket(SocketStream.java:79)
	at com.mongodb.internal.connection.SocketStream.open(SocketStream.java:65)
	... 3 common frames omitted
2020-12-04 18:37:28.288 [cluster-ClusterId{value='5fca08ec66ab0a726ceb0e90', description='null'}-127.0.0.1:27017] INFO  org.mongodb.driver.connection - Opened connection [connectionId{localValue:22, serverValue:1}] to 127.0.0.1:27017
2020-12-04 18:37:28.289 [cluster-ClusterId{value='5fca08ec66ab0a726ceb0e90', description='null'}-127.0.0.1:27017] INFO  org.mongodb.driver.cluster - Monitor thread successfully connected to server with description ServerDescription{address=127.0.0.1:27017, type=STANDALONE, state=CONNECTED, ok=true, version=ServerVersion{versionList=[4, 4, 2]}, minWireVersion=0, maxWireVersion=9, maxDocumentSize=16777216, logicalSessionTimeoutMinutes=30, roundTripTimeNanos=698490}
2020-12-04 18:39:41.131 [http-nio-8005-exec-9] INFO  c.a.news.aspect.ServiceLogAspect - ============ 开始执行 class com.aiolos.news.service.impl.FriendLinkServiceImpl.saveOrUpdateFriendLink ============
2020-12-04 18:39:41.138 [http-nio-8005-exec-9] INFO  org.mongodb.driver.connection - Closed connection [connectionId{localValue:23}] to 127.0.0.1:27017 because there was a socket exception raised by this connection.
2020-12-04 18:39:41.139 [http-nio-8005-exec-9] INFO  c.a.n.c.advice.GlobalExceptionAdvice - Exception authenticating MongoCredential{mechanism=SCRAM-SHA-1, userName='root', source='admin', password=<hidden>, mechanismProperties=<hidden>}; nested exception is com.mongodb.MongoSecurityException: Exception authenticating MongoCredential{mechanism=SCRAM-SHA-1, userName='root', source='admin', password=<hidden>, mechanismProperties=<hidden>}
2020-12-04 18:40:25.753 [SpringContextShutdownHook] INFO  o.s.s.c.ThreadPoolTaskExecutor - Shutting down ExecutorService 'applicationTaskExecutor'
2020-12-04 18:40:25.919 [SpringContextShutdownHook] INFO  c.alibaba.druid.pool.DruidDataSource - {dataSource-1} closed
2020-12-04 18:41:02.554 [main] INFO  com.aiolos.news.AdminApplication - The following profiles are active: dev
2020-12-04 18:41:03.328 [main] INFO  o.s.d.r.c.RepositoryConfigurationDelegate - Multiple Spring Data modules found, entering strict repository configuration mode!
2020-12-04 18:41:03.329 [main] INFO  o.s.d.r.c.RepositoryConfigurationDelegate - Bootstrapping Spring Data MongoDB repositories in DEFAULT mode.
2020-12-04 18:41:03.400 [main] INFO  o.s.d.r.c.RepositoryConfigurationDelegate - Finished Spring Data repository scanning in 66ms. Found 1 MongoDB repository interfaces.
2020-12-04 18:41:03.413 [main] INFO  o.s.d.r.c.RepositoryConfigurationDelegate - Multiple Spring Data modules found, entering strict repository configuration mode!
2020-12-04 18:41:03.414 [main] INFO  o.s.d.r.c.RepositoryConfigurationDelegate - Bootstrapping Spring Data Redis repositories in DEFAULT mode.
2020-12-04 18:41:03.429 [main] INFO  o.s.d.r.c.RepositoryConfigurationExtensionSupport - Spring Data Redis - Could not safely identify store assignment for repository candidate interface com.aiolos.news.repository.FriendLinkRepository. If you want this repository to be a Redis repository, consider annotating your entities with one of these annotations: org.springframework.data.redis.core.RedisHash (preferred), or consider extending one of the following types with your repository: org.springframework.data.keyvalue.repository.KeyValueRepository.
2020-12-04 18:41:03.429 [main] INFO  o.s.d.r.c.RepositoryConfigurationDelegate - Finished Spring Data repository scanning in 8ms. Found 0 Redis repository interfaces.
2020-12-04 18:41:03.577 [main] WARN  o.m.s.mapper.ClassPathMapperScanner - Skipping MapperFactoryBean with name 'adminUserDao' and 'com.aiolos.news.dao.AdminUserDao' mapperInterface. Bean already defined with the same name!
2020-12-04 18:41:03.577 [main] WARN  o.m.s.mapper.ClassPathMapperScanner - Skipping MapperFactoryBean with name 'categoryDao' and 'com.aiolos.news.dao.CategoryDao' mapperInterface. Bean already defined with the same name!
2020-12-04 18:41:03.577 [main] WARN  o.m.s.mapper.ClassPathMapperScanner - No MyBatis mapper was found in '[com.aiolos.news.dao]' package. Please check your configuration.
2020-12-04 18:41:03.675 [main] INFO  o.s.cloud.context.scope.GenericScope - BeanFactory id=192b9f39-bcb0-3b79-ab2c-4d1973d7aa70
2020-12-04 18:41:04.296 [main] INFO  o.s.b.w.e.tomcat.TomcatWebServer - Tomcat initialized with port(s): 8005 (http)
2020-12-04 18:41:04.306 [main] INFO  o.a.coyote.http11.Http11NioProtocol - Initializing ProtocolHandler ["http-nio-8005"]
2020-12-04 18:41:04.307 [main] INFO  o.a.catalina.core.StandardService - Starting service [Tomcat]
2020-12-04 18:41:04.307 [main] INFO  o.a.catalina.core.StandardEngine - Starting Servlet engine: [Apache Tomcat/9.0.31]
2020-12-04 18:41:04.408 [main] INFO  o.a.c.c.C.[.[.[/news/admin] - Initializing Spring embedded WebApplicationContext
2020-12-04 18:41:04.408 [main] INFO  o.s.web.context.ContextLoader - Root WebApplicationContext: initialization completed in 1834 ms
2020-12-04 18:41:04.484 [main] INFO  c.a.d.s.b.a.DruidDataSourceAutoConfigure - Init DruidDataSource
2020-12-04 18:41:04.585 [main] INFO  c.alibaba.druid.pool.DruidDataSource - {dataSource-1} inited
2020-12-04 18:41:30.465 [main] INFO  org.mongodb.driver.cluster - Cluster created with settings {hosts=[127.0.0.1:27017], mode=SINGLE, requiredClusterType=UNKNOWN, serverSelectionTimeout='30000 ms', maxWaitQueueSize=500}
2020-12-04 18:41:30.524 [cluster-ClusterId{value='5fca125ac5ca2e72670faa5f', description='null'}-127.0.0.1:27017] INFO  org.mongodb.driver.connection - Opened connection [connectionId{localValue:1, serverValue:10}] to 127.0.0.1:27017
2020-12-04 18:41:30.530 [cluster-ClusterId{value='5fca125ac5ca2e72670faa5f', description='null'}-127.0.0.1:27017] INFO  org.mongodb.driver.cluster - Monitor thread successfully connected to server with description ServerDescription{address=127.0.0.1:27017, type=STANDALONE, state=CONNECTED, ok=true, version=ServerVersion{versionList=[4, 4, 2]}, minWireVersion=0, maxWireVersion=9, maxDocumentSize=16777216, logicalSessionTimeoutMinutes=30, roundTripTimeNanos=3318427}
2020-12-04 18:41:31.228 [main] INFO  s.d.s.w.PropertySourcedRequestMappingHandlerMapping - Mapped URL path [/v2/api-docs] onto method [springfox.documentation.swagger2.web.Swagger2Controller#getDocumentation(String, HttpServletRequest)]
2020-12-04 18:41:31.253 [main] WARN  c.n.c.sources.URLConfigurationSource - No URLs will be polled as dynamic configuration sources.
2020-12-04 18:41:31.254 [main] INFO  c.n.c.sources.URLConfigurationSource - To enable URLs as dynamic configuration sources, define System property archaius.configurationSource.additionalUrls or make config.properties available on classpath.
2020-12-04 18:41:31.258 [main] WARN  c.n.c.sources.URLConfigurationSource - No URLs will be polled as dynamic configuration sources.
2020-12-04 18:41:31.258 [main] INFO  c.n.c.sources.URLConfigurationSource - To enable URLs as dynamic configuration sources, define System property archaius.configurationSource.additionalUrls or make config.properties available on classpath.
2020-12-04 18:41:31.485 [main] INFO  o.s.s.c.ThreadPoolTaskExecutor - Initializing ExecutorService 'applicationTaskExecutor'
2020-12-04 18:41:32.019 [main] INFO  t.m.m.a.MapperCacheDisabler - Clear tk.mybatis.mapper.util.MsUtil CLASS_CACHE cache.
2020-12-04 18:41:32.020 [main] INFO  t.m.m.a.MapperCacheDisabler - Clear tk.mybatis.mapper.genid.GenIdUtil CACHE cache.
2020-12-04 18:41:32.020 [main] INFO  t.m.m.a.MapperCacheDisabler - Clear tk.mybatis.mapper.version.VersionUtil CACHE cache.
2020-12-04 18:41:32.022 [main] INFO  t.m.m.a.MapperCacheDisabler - Clear EntityHelper entityTableMap cache.
2020-12-04 18:41:32.101 [main] INFO  s.d.s.w.p.DocumentationPluginsBootstrapper - Context refreshed
2020-12-04 18:41:32.117 [main] INFO  s.d.s.w.p.DocumentationPluginsBootstrapper - Found 1 custom documentation plugin(s)
2020-12-04 18:41:32.156 [main] INFO  s.d.s.w.s.ApiListingReferenceScanner - Scanning for api listing references
2020-12-04 18:41:32.344 [main] INFO  o.a.coyote.http11.Http11NioProtocol - Starting ProtocolHandler ["http-nio-8005"]
2020-12-04 18:41:32.375 [main] INFO  o.s.b.w.e.tomcat.TomcatWebServer - Tomcat started on port(s): 8005 (http) with context path '/news/admin'
2020-12-04 18:41:32.380 [main] INFO  com.aiolos.news.AdminApplication - Started AdminApplication in 51.706 seconds (JVM running for 57.399)
2020-12-04 18:44:34.610 [http-nio-8005-exec-1] INFO  o.a.c.c.C.[.[.[/news/admin] - Initializing Spring DispatcherServlet 'dispatcherServlet'
2020-12-04 18:44:34.611 [http-nio-8005-exec-1] INFO  o.s.web.servlet.DispatcherServlet - Initializing Servlet 'dispatcherServlet'
2020-12-04 18:44:34.619 [http-nio-8005-exec-1] INFO  o.s.web.servlet.DispatcherServlet - Completed initialization in 8 ms
2020-12-04 18:44:34.746 [http-nio-8005-exec-2] INFO  c.a.n.c.FriendLinkController - Enter function saveOrUpdateFriendLink, parameter saveFriendLinkBO: SaveFriendLinkBO(id=, linkName=慕课网, linkUrl=http://www.imooc.com, isDelete=0)
2020-12-04 18:44:41.623 [http-nio-8005-exec-2] INFO  c.a.news.aspect.ServiceLogAspect - ============ 开始执行 class com.aiolos.news.service.impl.FriendLinkServiceImpl.saveOrUpdateFriendLink ============
2020-12-04 18:44:41.726 [http-nio-8005-exec-2] INFO  org.mongodb.driver.connection - Opened connection [connectionId{localValue:2, serverValue:11}] to 127.0.0.1:27017
2020-12-04 18:44:41.796 [http-nio-8005-exec-2] INFO  c.a.news.aspect.ServiceLogAspect - 当前执行耗时：173
2020-12-04 19:49:54.878 [SpringContextShutdownHook] INFO  o.s.s.c.ThreadPoolTaskExecutor - Shutting down ExecutorService 'applicationTaskExecutor'
2020-12-04 19:49:54.921 [SpringContextShutdownHook] INFO  org.mongodb.driver.connection - Closed connection [connectionId{localValue:2, serverValue:11}] to 127.0.0.1:27017 because the pool has been closed.
2020-12-04 19:49:54.964 [SpringContextShutdownHook] INFO  c.alibaba.druid.pool.DruidDataSource - {dataSource-1} closed
