2020-12-08 11:49:35.378 [main] INFO  com.aiolos.news.AdminApplication - The following profiles are active: dev
2020-12-08 11:49:36.142 [main] INFO  o.s.d.r.c.RepositoryConfigurationDelegate - Multiple Spring Data modules found, entering strict repository configuration mode!
2020-12-08 11:49:36.143 [main] INFO  o.s.d.r.c.RepositoryConfigurationDelegate - Bootstrapping Spring Data MongoDB repositories in DEFAULT mode.
2020-12-08 11:49:36.221 [main] INFO  o.s.d.r.c.RepositoryConfigurationDelegate - Finished Spring Data repository scanning in 74ms. Found 1 MongoDB repository interfaces.
2020-12-08 11:49:36.233 [main] INFO  o.s.d.r.c.RepositoryConfigurationDelegate - Multiple Spring Data modules found, entering strict repository configuration mode!
2020-12-08 11:49:36.234 [main] INFO  o.s.d.r.c.RepositoryConfigurationDelegate - Bootstrapping Spring Data Redis repositories in DEFAULT mode.
2020-12-08 11:49:36.251 [main] INFO  o.s.d.r.c.RepositoryConfigurationExtensionSupport - Spring Data Redis - Could not safely identify store assignment for repository candidate interface com.aiolos.news.repository.FriendLinkRepository. If you want this repository to be a Redis repository, consider annotating your entities with one of these annotations: org.springframework.data.redis.core.RedisHash (preferred), or consider extending one of the following types with your repository: org.springframework.data.keyvalue.repository.KeyValueRepository.
2020-12-08 11:49:36.251 [main] INFO  o.s.d.r.c.RepositoryConfigurationDelegate - Finished Spring Data repository scanning in 10ms. Found 0 Redis repository interfaces.
2020-12-08 11:49:36.398 [main] WARN  o.m.s.mapper.ClassPathMapperScanner - Skipping MapperFactoryBean with name 'adminUserDao' and 'com.aiolos.news.dao.AdminUserDao' mapperInterface. Bean already defined with the same name!
2020-12-08 11:49:36.398 [main] WARN  o.m.s.mapper.ClassPathMapperScanner - Skipping MapperFactoryBean with name 'categoryDao' and 'com.aiolos.news.dao.CategoryDao' mapperInterface. Bean already defined with the same name!
2020-12-08 11:49:36.398 [main] WARN  o.m.s.mapper.ClassPathMapperScanner - No MyBatis mapper was found in '[com.aiolos.news.dao]' package. Please check your configuration.
2020-12-08 11:49:36.496 [main] INFO  o.s.cloud.context.scope.GenericScope - BeanFactory id=33ddf2a5-73f0-3aa1-9077-5d0fc44cbe09
2020-12-08 11:49:37.081 [main] INFO  o.s.b.w.e.tomcat.TomcatWebServer - Tomcat initialized with port(s): 8005 (http)
2020-12-08 11:49:37.089 [main] INFO  o.a.coyote.http11.Http11NioProtocol - Initializing ProtocolHandler ["http-nio-8005"]
2020-12-08 11:49:37.090 [main] INFO  o.a.catalina.core.StandardService - Starting service [Tomcat]
2020-12-08 11:49:37.090 [main] INFO  o.a.catalina.core.StandardEngine - Starting Servlet engine: [Apache Tomcat/9.0.31]
2020-12-08 11:49:37.193 [main] INFO  o.a.c.c.C.[.[.[/news/admin] - Initializing Spring embedded WebApplicationContext
2020-12-08 11:49:37.193 [main] INFO  o.s.web.context.ContextLoader - Root WebApplicationContext: initialization completed in 1797 ms
2020-12-08 11:49:37.268 [main] INFO  c.a.d.s.b.a.DruidDataSourceAutoConfigure - Init DruidDataSource
2020-12-08 11:49:37.362 [main] INFO  c.alibaba.druid.pool.DruidDataSource - {dataSource-1} inited
2020-12-08 11:50:03.257 [main] INFO  org.mongodb.driver.cluster - Cluster created with settings {hosts=[127.0.0.1:27017], mode=SINGLE, requiredClusterType=UNKNOWN, serverSelectionTimeout='30000 ms', maxWaitQueueSize=500}
2020-12-08 11:50:03.315 [cluster-ClusterId{value='5fcef7eb992b2b5260cf65bc', description='null'}-127.0.0.1:27017] INFO  org.mongodb.driver.connection - Opened connection [connectionId{localValue:1, serverValue:44}] to 127.0.0.1:27017
2020-12-08 11:50:03.321 [cluster-ClusterId{value='5fcef7eb992b2b5260cf65bc', description='null'}-127.0.0.1:27017] INFO  org.mongodb.driver.cluster - Monitor thread successfully connected to server with description ServerDescription{address=127.0.0.1:27017, type=STANDALONE, state=CONNECTED, ok=true, version=ServerVersion{versionList=[4, 4, 2]}, minWireVersion=0, maxWireVersion=9, maxDocumentSize=16777216, logicalSessionTimeoutMinutes=30, roundTripTimeNanos=3282659}
2020-12-08 11:50:04.210 [main] INFO  s.d.s.w.PropertySourcedRequestMappingHandlerMapping - Mapped URL path [/v2/api-docs] onto method [springfox.documentation.swagger2.web.Swagger2Controller#getDocumentation(String, HttpServletRequest)]
2020-12-08 11:50:04.237 [main] WARN  c.n.c.sources.URLConfigurationSource - No URLs will be polled as dynamic configuration sources.
2020-12-08 11:50:04.237 [main] INFO  c.n.c.sources.URLConfigurationSource - To enable URLs as dynamic configuration sources, define System property archaius.configurationSource.additionalUrls or make config.properties available on classpath.
2020-12-08 11:50:04.241 [main] WARN  c.n.c.sources.URLConfigurationSource - No URLs will be polled as dynamic configuration sources.
2020-12-08 11:50:04.241 [main] INFO  c.n.c.sources.URLConfigurationSource - To enable URLs as dynamic configuration sources, define System property archaius.configurationSource.additionalUrls or make config.properties available on classpath.
2020-12-08 11:50:04.460 [main] INFO  o.s.s.c.ThreadPoolTaskExecutor - Initializing ExecutorService 'applicationTaskExecutor'
2020-12-08 11:50:04.989 [main] INFO  t.m.m.a.MapperCacheDisabler - Clear tk.mybatis.mapper.util.MsUtil CLASS_CACHE cache.
2020-12-08 11:50:04.989 [main] INFO  t.m.m.a.MapperCacheDisabler - Clear tk.mybatis.mapper.genid.GenIdUtil CACHE cache.
2020-12-08 11:50:04.990 [main] INFO  t.m.m.a.MapperCacheDisabler - Clear tk.mybatis.mapper.version.VersionUtil CACHE cache.
2020-12-08 11:50:04.991 [main] INFO  t.m.m.a.MapperCacheDisabler - Clear EntityHelper entityTableMap cache.
2020-12-08 11:50:05.060 [main] INFO  s.d.s.w.p.DocumentationPluginsBootstrapper - Context refreshed
2020-12-08 11:50:05.073 [main] INFO  s.d.s.w.p.DocumentationPluginsBootstrapper - Found 1 custom documentation plugin(s)
2020-12-08 11:50:05.109 [main] INFO  s.d.s.w.s.ApiListingReferenceScanner - Scanning for api listing references
2020-12-08 11:50:05.277 [main] INFO  o.a.coyote.http11.Http11NioProtocol - Starting ProtocolHandler ["http-nio-8005"]
2020-12-08 11:50:05.307 [main] INFO  o.s.b.w.e.tomcat.TomcatWebServer - Tomcat started on port(s): 8005 (http) with context path '/news/admin'
2020-12-08 11:50:05.312 [main] INFO  com.aiolos.news.AdminApplication - Started AdminApplication in 51.793 seconds (JVM running for 57.563)
2020-12-08 11:52:10.087 [http-nio-8005-exec-1] INFO  o.a.c.c.C.[.[.[/news/admin] - Initializing Spring DispatcherServlet 'dispatcherServlet'
2020-12-08 11:52:10.088 [http-nio-8005-exec-1] INFO  o.s.web.servlet.DispatcherServlet - Initializing Servlet 'dispatcherServlet'
2020-12-08 11:52:10.103 [http-nio-8005-exec-1] INFO  o.s.web.servlet.DispatcherServlet - Completed initialization in 15 ms
2020-12-08 11:52:10.177 [http-nio-8005-exec-1] INFO  c.a.n.c.FriendLinkController - Enter function admin/friendLinkMng/portal/list
2020-12-08 11:52:10.177 [http-nio-8005-exec-2] INFO  c.a.n.c.CategoryMngController - Enter function getCats
2020-12-08 11:52:10.190 [http-nio-8005-exec-1] INFO  c.a.news.aspect.ServiceLogAspect - ============ 开始执行 class com.aiolos.news.service.impl.FriendLinkServiceImpl.queryPortalAllFriendLinkList ============
2020-12-08 11:52:10.341 [http-nio-8005-exec-2] INFO  io.lettuce.core.EpollProvider - Starting without optional epoll library
2020-12-08 11:52:10.344 [http-nio-8005-exec-2] INFO  io.lettuce.core.KqueueProvider - Starting without optional kqueue library
2020-12-08 11:52:10.405 [http-nio-8005-exec-1] INFO  org.mongodb.driver.connection - Opened connection [connectionId{localValue:2, serverValue:45}] to 127.0.0.1:27017
2020-12-08 11:52:10.493 [http-nio-8005-exec-1] INFO  c.a.news.aspect.ServiceLogAspect - 当前执行耗时：302
2020-12-08 11:52:18.488 [http-nio-8005-exec-4] INFO  c.a.n.c.FriendLinkController - Enter function admin/friendLinkMng/portal/list
2020-12-08 11:52:18.488 [http-nio-8005-exec-3] INFO  c.a.n.c.CategoryMngController - Enter function getCats
2020-12-08 11:52:18.491 [http-nio-8005-exec-4] INFO  c.a.news.aspect.ServiceLogAspect - ============ 开始执行 class com.aiolos.news.service.impl.FriendLinkServiceImpl.queryPortalAllFriendLinkList ============
2020-12-08 11:52:18.498 [http-nio-8005-exec-4] INFO  c.a.news.aspect.ServiceLogAspect - 当前执行耗时：7
2020-12-08 11:52:42.339 [http-nio-8005-exec-5] INFO  c.a.n.c.CategoryMngController - Enter function getCats
2020-12-08 11:54:14.382 [http-nio-8005-exec-8] INFO  c.a.n.c.CategoryMngController - Enter function getCats
2020-12-08 11:54:38.325 [http-nio-8005-exec-9] INFO  c.a.n.c.CategoryMngController - Enter function getCats
2020-12-08 11:55:57.343 [http-nio-8005-exec-1] INFO  c.a.n.c.CategoryMngController - Enter function getCats
2020-12-08 11:57:25.497 [http-nio-8005-exec-3] INFO  c.a.n.c.CategoryMngController - Enter function getCats
2020-12-08 11:58:29.336 [http-nio-8005-exec-5] INFO  c.a.n.c.CategoryMngController - Enter function getCats
2020-12-08 12:02:20.560 [http-nio-8005-exec-7] INFO  c.a.n.c.CategoryMngController - Enter function getCats
2020-12-08 12:02:20.560 [http-nio-8005-exec-8] INFO  c.a.n.c.FriendLinkController - Enter function admin/friendLinkMng/portal/list
2020-12-08 12:02:20.566 [http-nio-8005-exec-8] INFO  c.a.news.aspect.ServiceLogAspect - ============ 开始执行 class com.aiolos.news.service.impl.FriendLinkServiceImpl.queryPortalAllFriendLinkList ============
2020-12-08 12:02:20.591 [http-nio-8005-exec-8] INFO  c.a.news.aspect.ServiceLogAspect - 当前执行耗时：24
2020-12-08 12:02:26.290 [http-nio-8005-exec-9] INFO  c.a.n.c.CategoryMngController - Enter function getCats
2020-12-08 12:02:26.294 [http-nio-8005-exec-10] INFO  c.a.n.c.FriendLinkController - Enter function admin/friendLinkMng/portal/list
2020-12-08 12:02:26.294 [http-nio-8005-exec-10] INFO  c.a.news.aspect.ServiceLogAspect - ============ 开始执行 class com.aiolos.news.service.impl.FriendLinkServiceImpl.queryPortalAllFriendLinkList ============
2020-12-08 12:02:26.297 [http-nio-8005-exec-10] INFO  c.a.news.aspect.ServiceLogAspect - 当前执行耗时：3
2020-12-08 12:05:39.131 [http-nio-8005-exec-3] INFO  c.a.n.c.CategoryMngController - Enter function getCats
2020-12-08 12:05:39.132 [http-nio-8005-exec-4] INFO  c.a.n.c.FriendLinkController - Enter function admin/friendLinkMng/portal/list
2020-12-08 12:05:39.132 [http-nio-8005-exec-4] INFO  c.a.news.aspect.ServiceLogAspect - ============ 开始执行 class com.aiolos.news.service.impl.FriendLinkServiceImpl.queryPortalAllFriendLinkList ============
2020-12-08 12:05:39.137 [http-nio-8005-exec-4] INFO  c.a.news.aspect.ServiceLogAspect - 当前执行耗时：5
2020-12-08 12:05:47.473 [http-nio-8005-exec-5] INFO  c.a.n.c.CategoryMngController - Enter function getCats
2020-12-08 12:05:47.477 [http-nio-8005-exec-6] INFO  c.a.n.c.FriendLinkController - Enter function admin/friendLinkMng/portal/list
2020-12-08 12:05:47.478 [http-nio-8005-exec-6] INFO  c.a.news.aspect.ServiceLogAspect - ============ 开始执行 class com.aiolos.news.service.impl.FriendLinkServiceImpl.queryPortalAllFriendLinkList ============
2020-12-08 12:05:47.487 [http-nio-8005-exec-6] INFO  c.a.news.aspect.ServiceLogAspect - 当前执行耗时：9
2020-12-08 12:05:59.418 [http-nio-8005-exec-7] INFO  c.a.n.c.CategoryMngController - Enter function getCats
2020-12-08 12:07:04.852 [http-nio-8005-exec-10] INFO  c.a.n.c.CategoryMngController - Enter function getCats
2020-12-08 12:07:04.857 [http-nio-8005-exec-1] INFO  c.a.n.c.FriendLinkController - Enter function admin/friendLinkMng/portal/list
2020-12-08 12:07:04.858 [http-nio-8005-exec-1] INFO  c.a.news.aspect.ServiceLogAspect - ============ 开始执行 class com.aiolos.news.service.impl.FriendLinkServiceImpl.queryPortalAllFriendLinkList ============
2020-12-08 12:07:04.861 [http-nio-8005-exec-1] INFO  c.a.news.aspect.ServiceLogAspect - 当前执行耗时：3
2020-12-08 12:07:14.459 [http-nio-8005-exec-2] INFO  c.a.n.c.CategoryMngController - Enter function getCats
2020-12-08 12:07:14.459 [http-nio-8005-exec-3] INFO  c.a.n.c.FriendLinkController - Enter function admin/friendLinkMng/portal/list
2020-12-08 12:07:14.460 [http-nio-8005-exec-3] INFO  c.a.news.aspect.ServiceLogAspect - ============ 开始执行 class com.aiolos.news.service.impl.FriendLinkServiceImpl.queryPortalAllFriendLinkList ============
2020-12-08 12:07:14.465 [http-nio-8005-exec-3] INFO  c.a.news.aspect.ServiceLogAspect - 当前执行耗时：4
2020-12-08 12:07:47.444 [http-nio-8005-exec-4] INFO  c.a.n.c.CategoryMngController - Enter function getCats
2020-12-08 12:07:47.445 [http-nio-8005-exec-5] INFO  c.a.n.c.FriendLinkController - Enter function admin/friendLinkMng/portal/list
2020-12-08 12:07:47.445 [http-nio-8005-exec-5] INFO  c.a.news.aspect.ServiceLogAspect - ============ 开始执行 class com.aiolos.news.service.impl.FriendLinkServiceImpl.queryPortalAllFriendLinkList ============
2020-12-08 12:07:47.450 [http-nio-8005-exec-5] INFO  c.a.news.aspect.ServiceLogAspect - 当前执行耗时：4
2020-12-08 12:07:52.054 [http-nio-8005-exec-6] INFO  c.a.n.c.CategoryMngController - Enter function getCats
2020-12-08 12:07:52.057 [http-nio-8005-exec-7] INFO  c.a.n.c.FriendLinkController - Enter function admin/friendLinkMng/portal/list
2020-12-08 12:07:52.058 [http-nio-8005-exec-7] INFO  c.a.news.aspect.ServiceLogAspect - ============ 开始执行 class com.aiolos.news.service.impl.FriendLinkServiceImpl.queryPortalAllFriendLinkList ============
2020-12-08 12:07:52.060 [http-nio-8005-exec-7] INFO  c.a.news.aspect.ServiceLogAspect - 当前执行耗时：2
2020-12-08 12:07:58.054 [http-nio-8005-exec-8] INFO  c.a.n.c.CategoryMngController - Enter function getCats
2020-12-08 12:07:58.056 [http-nio-8005-exec-9] INFO  c.a.n.c.FriendLinkController - Enter function admin/friendLinkMng/portal/list
2020-12-08 12:07:58.056 [http-nio-8005-exec-9] INFO  c.a.news.aspect.ServiceLogAspect - ============ 开始执行 class com.aiolos.news.service.impl.FriendLinkServiceImpl.queryPortalAllFriendLinkList ============
2020-12-08 12:07:58.059 [http-nio-8005-exec-9] INFO  c.a.news.aspect.ServiceLogAspect - 当前执行耗时：2
2020-12-08 12:08:21.330 [http-nio-8005-exec-10] INFO  c.a.n.c.CategoryMngController - Enter function getCats
2020-12-08 12:08:22.069 [SpringContextShutdownHook] INFO  o.s.s.c.ThreadPoolTaskExecutor - Shutting down ExecutorService 'applicationTaskExecutor'
2020-12-08 12:08:22.088 [SpringContextShutdownHook] INFO  org.mongodb.driver.connection - Closed connection [connectionId{localValue:2, serverValue:45}] to 127.0.0.1:27017 because the pool has been closed.
2020-12-08 12:08:22.226 [SpringContextShutdownHook] INFO  c.alibaba.druid.pool.DruidDataSource - {dataSource-1} closed
2020-12-08 12:08:58.051 [main] INFO  com.aiolos.news.AdminApplication - The following profiles are active: dev
2020-12-08 12:08:59.157 [main] INFO  o.s.d.r.c.RepositoryConfigurationDelegate - Multiple Spring Data modules found, entering strict repository configuration mode!
2020-12-08 12:08:59.158 [main] INFO  o.s.d.r.c.RepositoryConfigurationDelegate - Bootstrapping Spring Data MongoDB repositories in DEFAULT mode.
2020-12-08 12:08:59.247 [main] INFO  o.s.d.r.c.RepositoryConfigurationDelegate - Finished Spring Data repository scanning in 82ms. Found 1 MongoDB repository interfaces.
2020-12-08 12:08:59.266 [main] INFO  o.s.d.r.c.RepositoryConfigurationDelegate - Multiple Spring Data modules found, entering strict repository configuration mode!
2020-12-08 12:08:59.267 [main] INFO  o.s.d.r.c.RepositoryConfigurationDelegate - Bootstrapping Spring Data Redis repositories in DEFAULT mode.
2020-12-08 12:08:59.291 [main] INFO  o.s.d.r.c.RepositoryConfigurationExtensionSupport - Spring Data Redis - Could not safely identify store assignment for repository candidate interface com.aiolos.news.repository.FriendLinkRepository. If you want this repository to be a Redis repository, consider annotating your entities with one of these annotations: org.springframework.data.redis.core.RedisHash (preferred), or consider extending one of the following types with your repository: org.springframework.data.keyvalue.repository.KeyValueRepository.
2020-12-08 12:08:59.291 [main] INFO  o.s.d.r.c.RepositoryConfigurationDelegate - Finished Spring Data repository scanning in 13ms. Found 0 Redis repository interfaces.
2020-12-08 12:08:59.489 [main] WARN  o.m.s.mapper.ClassPathMapperScanner - Skipping MapperFactoryBean with name 'adminUserDao' and 'com.aiolos.news.dao.AdminUserDao' mapperInterface. Bean already defined with the same name!
2020-12-08 12:08:59.489 [main] WARN  o.m.s.mapper.ClassPathMapperScanner - Skipping MapperFactoryBean with name 'categoryDao' and 'com.aiolos.news.dao.CategoryDao' mapperInterface. Bean already defined with the same name!
2020-12-08 12:08:59.489 [main] WARN  o.m.s.mapper.ClassPathMapperScanner - No MyBatis mapper was found in '[com.aiolos.news.dao]' package. Please check your configuration.
2020-12-08 12:08:59.594 [main] INFO  o.s.cloud.context.scope.GenericScope - BeanFactory id=33ddf2a5-73f0-3aa1-9077-5d0fc44cbe09
2020-12-08 12:09:00.318 [main] INFO  o.s.b.w.e.tomcat.TomcatWebServer - Tomcat initialized with port(s): 8005 (http)
2020-12-08 12:09:00.332 [main] INFO  o.a.coyote.http11.Http11NioProtocol - Initializing ProtocolHandler ["http-nio-8005"]
2020-12-08 12:09:00.333 [main] INFO  o.a.catalina.core.StandardService - Starting service [Tomcat]
2020-12-08 12:09:00.334 [main] INFO  o.a.catalina.core.StandardEngine - Starting Servlet engine: [Apache Tomcat/9.0.31]
2020-12-08 12:09:00.466 [main] INFO  o.a.c.c.C.[.[.[/news/admin] - Initializing Spring embedded WebApplicationContext
2020-12-08 12:09:00.467 [main] INFO  o.s.web.context.ContextLoader - Root WebApplicationContext: initialization completed in 2390 ms
2020-12-08 12:09:00.581 [main] INFO  c.a.d.s.b.a.DruidDataSourceAutoConfigure - Init DruidDataSource
2020-12-08 12:09:00.713 [main] INFO  c.alibaba.druid.pool.DruidDataSource - {dataSource-1} inited
2020-12-08 12:09:26.824 [main] INFO  org.mongodb.driver.cluster - Cluster created with settings {hosts=[127.0.0.1:27017], mode=SINGLE, requiredClusterType=UNKNOWN, serverSelectionTimeout='30000 ms', maxWaitQueueSize=500}
2020-12-08 12:09:26.892 [cluster-ClusterId{value='5fcefc76af0a365bb341d172', description='null'}-127.0.0.1:27017] INFO  org.mongodb.driver.connection - Opened connection [connectionId{localValue:1, serverValue:46}] to 127.0.0.1:27017
2020-12-08 12:09:26.898 [cluster-ClusterId{value='5fcefc76af0a365bb341d172', description='null'}-127.0.0.1:27017] INFO  org.mongodb.driver.cluster - Monitor thread successfully connected to server with description ServerDescription{address=127.0.0.1:27017, type=STANDALONE, state=CONNECTED, ok=true, version=ServerVersion{versionList=[4, 4, 2]}, minWireVersion=0, maxWireVersion=9, maxDocumentSize=16777216, logicalSessionTimeoutMinutes=30, roundTripTimeNanos=3264706}
2020-12-08 12:09:27.932 [main] INFO  s.d.s.w.PropertySourcedRequestMappingHandlerMapping - Mapped URL path [/v2/api-docs] onto method [springfox.documentation.swagger2.web.Swagger2Controller#getDocumentation(String, HttpServletRequest)]
2020-12-08 12:09:27.962 [main] WARN  c.n.c.sources.URLConfigurationSource - No URLs will be polled as dynamic configuration sources.
2020-12-08 12:09:27.962 [main] INFO  c.n.c.sources.URLConfigurationSource - To enable URLs as dynamic configuration sources, define System property archaius.configurationSource.additionalUrls or make config.properties available on classpath.
2020-12-08 12:09:27.968 [main] WARN  c.n.c.sources.URLConfigurationSource - No URLs will be polled as dynamic configuration sources.
2020-12-08 12:09:27.968 [main] INFO  c.n.c.sources.URLConfigurationSource - To enable URLs as dynamic configuration sources, define System property archaius.configurationSource.additionalUrls or make config.properties available on classpath.
2020-12-08 12:09:28.203 [main] INFO  o.s.s.c.ThreadPoolTaskExecutor - Initializing ExecutorService 'applicationTaskExecutor'
2020-12-08 12:09:28.814 [main] INFO  t.m.m.a.MapperCacheDisabler - Clear tk.mybatis.mapper.util.MsUtil CLASS_CACHE cache.
2020-12-08 12:09:28.815 [main] INFO  t.m.m.a.MapperCacheDisabler - Clear tk.mybatis.mapper.genid.GenIdUtil CACHE cache.
2020-12-08 12:09:28.816 [main] INFO  t.m.m.a.MapperCacheDisabler - Clear tk.mybatis.mapper.version.VersionUtil CACHE cache.
2020-12-08 12:09:28.818 [main] INFO  t.m.m.a.MapperCacheDisabler - Clear EntityHelper entityTableMap cache.
2020-12-08 12:09:28.894 [main] INFO  s.d.s.w.p.DocumentationPluginsBootstrapper - Context refreshed
2020-12-08 12:09:28.915 [main] INFO  s.d.s.w.p.DocumentationPluginsBootstrapper - Found 1 custom documentation plugin(s)
2020-12-08 12:09:28.961 [main] INFO  s.d.s.w.s.ApiListingReferenceScanner - Scanning for api listing references
2020-12-08 12:09:29.166 [main] INFO  o.a.coyote.http11.Http11NioProtocol - Starting ProtocolHandler ["http-nio-8005"]
2020-12-08 12:09:29.199 [main] INFO  o.s.b.w.e.tomcat.TomcatWebServer - Tomcat started on port(s): 8005 (http) with context path '/news/admin'
2020-12-08 12:09:29.204 [main] INFO  com.aiolos.news.AdminApplication - Started AdminApplication in 53.255 seconds (JVM running for 59.175)
2020-12-08 12:14:35.927 [http-nio-8005-exec-1] INFO  o.a.c.c.C.[.[.[/news/admin] - Initializing Spring DispatcherServlet 'dispatcherServlet'
2020-12-08 12:14:35.927 [http-nio-8005-exec-1] INFO  o.s.web.servlet.DispatcherServlet - Initializing Servlet 'dispatcherServlet'
2020-12-08 12:14:35.944 [http-nio-8005-exec-1] INFO  o.s.web.servlet.DispatcherServlet - Completed initialization in 16 ms
2020-12-08 12:14:36.001 [http-nio-8005-exec-1] INFO  c.a.n.c.CategoryMngController - Enter function getCats
2020-12-08 12:14:36.159 [http-nio-8005-exec-1] INFO  io.lettuce.core.EpollProvider - Starting without optional epoll library
2020-12-08 12:14:36.161 [http-nio-8005-exec-1] INFO  io.lettuce.core.KqueueProvider - Starting without optional kqueue library
2020-12-08 12:15:30.397 [http-nio-8005-exec-2] INFO  c.a.n.c.CategoryMngController - Enter function getCats
2020-12-08 12:25:47.359 [http-nio-8005-exec-4] INFO  c.a.n.c.CategoryMngController - Enter function getCats
2020-12-08 12:26:26.497 [http-nio-8005-exec-5] INFO  c.a.n.c.CategoryMngController - Enter function getCats
2020-12-08 12:26:26.506 [http-nio-8005-exec-6] INFO  c.a.n.c.FriendLinkController - Enter function admin/friendLinkMng/portal/list
2020-12-08 12:26:26.552 [http-nio-8005-exec-6] INFO  c.a.news.aspect.ServiceLogAspect - ============ 开始执行 class com.aiolos.news.service.impl.FriendLinkServiceImpl.queryPortalAllFriendLinkList ============
2020-12-08 12:26:26.822 [http-nio-8005-exec-6] INFO  org.mongodb.driver.connection - Opened connection [connectionId{localValue:2, serverValue:48}] to 127.0.0.1:27017
2020-12-08 12:26:26.920 [http-nio-8005-exec-6] INFO  c.a.news.aspect.ServiceLogAspect - 当前执行耗时：368
2020-12-08 12:26:47.593 [http-nio-8005-exec-7] INFO  c.a.n.c.CategoryMngController - Enter function getCats
2020-12-08 12:27:26.887 [http-nio-8005-exec-9] INFO  c.a.n.c.CategoryMngController - Enter function getCats
2020-12-08 12:27:52.332 [http-nio-8005-exec-10] INFO  c.a.n.c.CategoryMngController - Enter function getCats
2020-12-08 12:29:11.372 [http-nio-8005-exec-2] INFO  c.a.n.c.CategoryMngController - Enter function getCats
2020-12-08 12:30:13.235 [http-nio-8005-exec-4] INFO  c.a.n.c.CategoryMngController - Enter function getCats
2020-12-08 12:30:13.238 [http-nio-8005-exec-5] INFO  c.a.n.c.FriendLinkController - Enter function admin/friendLinkMng/portal/list
2020-12-08 12:30:13.243 [http-nio-8005-exec-5] INFO  c.a.news.aspect.ServiceLogAspect - ============ 开始执行 class com.aiolos.news.service.impl.FriendLinkServiceImpl.queryPortalAllFriendLinkList ============
2020-12-08 12:30:13.251 [http-nio-8005-exec-5] INFO  c.a.news.aspect.ServiceLogAspect - 当前执行耗时：8
2020-12-08 12:30:35.405 [http-nio-8005-exec-6] INFO  c.a.n.c.CategoryMngController - Enter function getCats
2020-12-08 12:38:50.362 [http-nio-8005-exec-9] INFO  c.a.n.c.CategoryMngController - Enter function getCats
2020-12-08 14:27:21.352 [http-nio-8005-exec-1] INFO  c.a.n.c.CategoryMngController - Enter function getCats
2020-12-08 14:29:27.098 [http-nio-8005-exec-3] INFO  c.a.n.c.CategoryMngController - Enter function getCats
2020-12-08 14:29:27.121 [http-nio-8005-exec-4] INFO  c.a.n.c.FriendLinkController - Enter function admin/friendLinkMng/portal/list
2020-12-08 14:29:27.124 [http-nio-8005-exec-4] INFO  c.a.news.aspect.ServiceLogAspect - ============ 开始执行 class com.aiolos.news.service.impl.FriendLinkServiceImpl.queryPortalAllFriendLinkList ============
2020-12-08 14:29:27.204 [http-nio-8005-exec-4] INFO  c.a.news.aspect.ServiceLogAspect - 当前执行耗时：79
2020-12-08 14:29:56.194 [http-nio-8005-exec-5] INFO  c.a.n.c.CategoryMngController - Enter function getCats
2020-12-08 14:32:14.674 [http-nio-8005-exec-7] INFO  c.a.n.c.CategoryMngController - Enter function getCats
2020-12-08 14:32:14.676 [http-nio-8005-exec-8] INFO  c.a.n.c.FriendLinkController - Enter function admin/friendLinkMng/portal/list
2020-12-08 14:32:14.679 [http-nio-8005-exec-8] INFO  c.a.news.aspect.ServiceLogAspect - ============ 开始执行 class com.aiolos.news.service.impl.FriendLinkServiceImpl.queryPortalAllFriendLinkList ============
2020-12-08 14:32:14.681 [http-nio-8005-exec-8] INFO  c.a.news.aspect.ServiceLogAspect - 当前执行耗时：2
2020-12-08 14:32:33.381 [http-nio-8005-exec-9] INFO  c.a.n.c.CategoryMngController - Enter function getCats
2020-12-08 14:33:20.647 [http-nio-8005-exec-1] INFO  c.a.n.c.CategoryMngController - Enter function getCats
2020-12-08 14:33:21.207 [http-nio-8005-exec-2] INFO  c.a.n.c.CategoryMngController - Enter function getCats
2020-12-08 14:33:21.210 [http-nio-8005-exec-3] INFO  c.a.n.c.FriendLinkController - Enter function admin/friendLinkMng/portal/list
2020-12-08 14:33:21.210 [http-nio-8005-exec-3] INFO  c.a.news.aspect.ServiceLogAspect - ============ 开始执行 class com.aiolos.news.service.impl.FriendLinkServiceImpl.queryPortalAllFriendLinkList ============
2020-12-08 14:33:21.213 [http-nio-8005-exec-3] INFO  c.a.news.aspect.ServiceLogAspect - 当前执行耗时：2
2020-12-08 14:33:22.316 [http-nio-8005-exec-4] INFO  c.a.n.c.CategoryMngController - Enter function getCats
2020-12-08 14:33:23.409 [http-nio-8005-exec-5] INFO  c.a.n.c.CategoryMngController - Enter function getCats
2020-12-08 14:33:29.849 [http-nio-8005-exec-6] INFO  c.a.n.c.CategoryMngController - Enter function getCats
2020-12-08 14:33:33.174 [http-nio-8005-exec-7] INFO  c.a.n.c.CategoryMngController - Enter function getCats
2020-12-08 14:34:49.733 [http-nio-8005-exec-10] INFO  c.a.n.c.CategoryMngController - Enter function getCats
2020-12-08 17:21:25.918 [http-nio-8005-exec-3] INFO  c.a.n.c.FriendLinkController - Enter function admin/friendLinkMng/portal/list
2020-12-08 17:21:25.918 [http-nio-8005-exec-2] INFO  c.a.n.c.CategoryMngController - Enter function getCats
2020-12-08 17:21:25.937 [http-nio-8005-exec-3] INFO  c.a.news.aspect.ServiceLogAspect - ============ 开始执行 class com.aiolos.news.service.impl.FriendLinkServiceImpl.queryPortalAllFriendLinkList ============
2020-12-08 17:21:26.165 [http-nio-8005-exec-3] INFO  c.a.news.aspect.ServiceLogAspect - 当前执行耗时：226
2020-12-08 17:29:45.176 [http-nio-8005-exec-7] INFO  c.a.n.c.CategoryMngController - Enter function getCats
2020-12-08 17:29:45.176 [http-nio-8005-exec-6] INFO  c.a.n.c.FriendLinkController - Enter function admin/friendLinkMng/portal/list
2020-12-08 17:29:45.182 [http-nio-8005-exec-6] INFO  c.a.news.aspect.ServiceLogAspect - ============ 开始执行 class com.aiolos.news.service.impl.FriendLinkServiceImpl.queryPortalAllFriendLinkList ============
2020-12-08 17:29:45.207 [http-nio-8005-exec-6] INFO  c.a.news.aspect.ServiceLogAspect - 当前执行耗时：24
2020-12-08 17:29:47.311 [http-nio-8005-exec-8] INFO  c.a.n.c.CategoryMngController - Enter function getCats
2020-12-08 17:30:12.996 [http-nio-8005-exec-9] INFO  c.a.n.c.CategoryMngController - Enter function getCats
2020-12-08 17:30:12.999 [http-nio-8005-exec-10] INFO  c.a.n.c.FriendLinkController - Enter function admin/friendLinkMng/portal/list
2020-12-08 17:30:13.000 [http-nio-8005-exec-10] INFO  c.a.news.aspect.ServiceLogAspect - ============ 开始执行 class com.aiolos.news.service.impl.FriendLinkServiceImpl.queryPortalAllFriendLinkList ============
2020-12-08 17:30:13.101 [http-nio-8005-exec-10] INFO  c.a.news.aspect.ServiceLogAspect - 当前执行耗时：100
2020-12-08 17:30:13.335 [http-nio-8005-exec-1] INFO  c.a.n.c.CategoryMngController - Enter function getCats
2020-12-08 17:30:13.910 [http-nio-8005-exec-2] INFO  c.a.n.c.CategoryMngController - Enter function getCats
2020-12-08 17:30:13.910 [http-nio-8005-exec-3] INFO  c.a.n.c.FriendLinkController - Enter function admin/friendLinkMng/portal/list
2020-12-08 17:30:13.910 [http-nio-8005-exec-3] INFO  c.a.news.aspect.ServiceLogAspect - ============ 开始执行 class com.aiolos.news.service.impl.FriendLinkServiceImpl.queryPortalAllFriendLinkList ============
2020-12-08 17:30:13.914 [http-nio-8005-exec-3] INFO  c.a.news.aspect.ServiceLogAspect - 当前执行耗时：3
2020-12-08 17:30:16.649 [http-nio-8005-exec-4] INFO  c.a.n.c.CategoryMngController - Enter function getCats
2020-12-08 17:30:16.655 [http-nio-8005-exec-5] INFO  c.a.n.c.FriendLinkController - Enter function admin/friendLinkMng/portal/list
2020-12-08 17:30:16.656 [http-nio-8005-exec-5] INFO  c.a.news.aspect.ServiceLogAspect - ============ 开始执行 class com.aiolos.news.service.impl.FriendLinkServiceImpl.queryPortalAllFriendLinkList ============
2020-12-08 17:30:16.671 [http-nio-8005-exec-5] INFO  c.a.news.aspect.ServiceLogAspect - 当前执行耗时：4
2020-12-08 17:30:16.885 [http-nio-8005-exec-7] INFO  c.a.n.c.CategoryMngController - Enter function getCats
2020-12-08 17:30:17.454 [http-nio-8005-exec-6] INFO  c.a.n.c.CategoryMngController - Enter function getCats
2020-12-08 17:30:17.456 [http-nio-8005-exec-8] INFO  c.a.n.c.FriendLinkController - Enter function admin/friendLinkMng/portal/list
2020-12-08 17:30:17.457 [http-nio-8005-exec-8] INFO  c.a.news.aspect.ServiceLogAspect - ============ 开始执行 class com.aiolos.news.service.impl.FriendLinkServiceImpl.queryPortalAllFriendLinkList ============
2020-12-08 17:30:17.460 [http-nio-8005-exec-8] INFO  c.a.news.aspect.ServiceLogAspect - 当前执行耗时：2
2020-12-08 17:30:39.654 [http-nio-8005-exec-9] INFO  c.a.n.c.CategoryMngController - Enter function getCats
2020-12-08 17:30:41.562 [http-nio-8005-exec-10] INFO  c.a.n.c.CategoryMngController - Enter function getCats
2020-12-08 17:30:47.599 [http-nio-8005-exec-1] INFO  c.a.n.c.CategoryMngController - Enter function getCats
