2020-11-08 15:29:56.872 [main] WARN  o.s.boot.StartupInfoLogger - InetAddress.getLocalHost().getHostName() took 5002 milliseconds to respond. Please verify your network configuration (macOS machines may need to add entries to /etc/hosts).
2020-11-08 15:30:01.879 [main] INFO  com.aiolos.news.FilesApplication - Starting FilesApplication on Aiolos-mbp.local with PID 63783 (/Users/Aiolos/developer/gitProjects/news/news-service-files/target/classes started by Aiolos in /Users/Aiolos/developer/gitProjects/news)
2020-11-08 15:30:01.879 [main] INFO  com.aiolos.news.FilesApplication - The following profiles are active: dev
2020-11-08 15:30:02.647 [main] INFO  o.s.d.r.c.RepositoryConfigurationDelegate - Multiple Spring Data modules found, entering strict repository configuration mode!
2020-11-08 15:30:02.648 [main] INFO  o.s.d.r.c.RepositoryConfigurationDelegate - Bootstrapping Spring Data Redis repositories in DEFAULT mode.
2020-11-08 15:30:02.676 [main] INFO  o.s.d.r.c.RepositoryConfigurationDelegate - Finished Spring Data repository scanning in 16ms. Found 0 Redis repository interfaces.
2020-11-08 15:30:03.216 [main] INFO  o.s.b.w.e.tomcat.TomcatWebServer - Tomcat initialized with port(s): 8004 (http)
2020-11-08 15:30:03.224 [main] INFO  o.a.coyote.http11.Http11NioProtocol - Initializing ProtocolHandler ["http-nio-8004"]
2020-11-08 15:30:03.225 [main] INFO  o.a.catalina.core.StandardService - Starting service [Tomcat]
2020-11-08 15:30:03.225 [main] INFO  o.a.catalina.core.StandardEngine - Starting Servlet engine: [Apache Tomcat/9.0.31]
2020-11-08 15:30:03.305 [main] INFO  o.a.c.c.C.[Tomcat].[localhost].[/] - Initializing Spring embedded WebApplicationContext
2020-11-08 15:30:03.306 [main] INFO  o.s.web.context.ContextLoader - Root WebApplicationContext: initialization completed in 1392 ms
2020-11-08 15:30:09.020 [main] INFO  s.d.s.w.PropertySourcedRequestMappingHandlerMapping - Mapped URL path [/v2/api-docs] onto method [springfox.documentation.swagger2.web.Swagger2Controller#getDocumentation(String, HttpServletRequest)]
2020-11-08 15:30:09.157 [main] INFO  o.s.s.c.ThreadPoolTaskExecutor - Initializing ExecutorService 'applicationTaskExecutor'
2020-11-08 15:30:09.444 [main] INFO  s.d.s.w.p.DocumentationPluginsBootstrapper - Context refreshed
2020-11-08 15:30:09.457 [main] INFO  s.d.s.w.p.DocumentationPluginsBootstrapper - Found 1 custom documentation plugin(s)
2020-11-08 15:30:09.493 [main] INFO  s.d.s.w.s.ApiListingReferenceScanner - Scanning for api listing references
2020-11-08 15:30:09.628 [main] INFO  o.a.coyote.http11.Http11NioProtocol - Starting ProtocolHandler ["http-nio-8004"]
2020-11-08 15:30:09.682 [main] INFO  o.s.b.w.e.tomcat.TomcatWebServer - Tomcat started on port(s): 8004 (http) with context path ''
2020-11-08 15:30:09.686 [main] INFO  com.aiolos.news.FilesApplication - Started FilesApplication in 28.283 seconds (JVM running for 33.847)
2020-11-08 15:35:13.388 [http-nio-8004-exec-1] INFO  o.a.c.c.C.[Tomcat].[localhost].[/] - Initializing Spring DispatcherServlet 'dispatcherServlet'
2020-11-08 15:35:13.390 [http-nio-8004-exec-1] INFO  o.s.web.servlet.DispatcherServlet - Initializing Servlet 'dispatcherServlet'
2020-11-08 15:35:13.414 [http-nio-8004-exec-1] INFO  o.s.web.servlet.DispatcherServlet - Completed initialization in 24 ms
2020-11-08 15:35:13.507 [http-nio-8004-exec-2] INFO  c.a.n.c.advice.GlobalExceptionAdvice - Maximum upload size exceeded; nested exception is java.lang.IllegalStateException: org.apache.tomcat.util.http.fileupload.impl.FileSizeLimitExceededException: The field file exceeds its maximum permitted size of 1048576 bytes.
2020-11-08 15:35:53.719 [SpringContextShutdownHook] INFO  o.s.j.e.a.AnnotationMBeanExporter - Could not unregister MBean [com.github.tobato.fastdfs.domain.conn:name=fdfsConnectionPool,type=FdfsConnectionPool] as said MBean is not registered (perhaps already unregistered by an external process)
2020-11-08 15:35:53.720 [SpringContextShutdownHook] INFO  o.s.s.c.ThreadPoolTaskExecutor - Shutting down ExecutorService 'applicationTaskExecutor'
2020-11-08 15:36:16.805 [main] WARN  o.s.boot.StartupInfoLogger - InetAddress.getLocalHost().getHostName() took 5003 milliseconds to respond. Please verify your network configuration (macOS machines may need to add entries to /etc/hosts).
2020-11-08 15:36:21.811 [main] INFO  com.aiolos.news.FilesApplication - Starting FilesApplication on Aiolos-mbp.local with PID 64031 (/Users/Aiolos/developer/gitProjects/news/news-service-files/target/classes started by Aiolos in /Users/Aiolos/developer/gitProjects/news)
2020-11-08 15:36:21.812 [main] INFO  com.aiolos.news.FilesApplication - The following profiles are active: dev
2020-11-08 15:36:22.618 [main] INFO  o.s.d.r.c.RepositoryConfigurationDelegate - Multiple Spring Data modules found, entering strict repository configuration mode!
2020-11-08 15:36:22.620 [main] INFO  o.s.d.r.c.RepositoryConfigurationDelegate - Bootstrapping Spring Data Redis repositories in DEFAULT mode.
2020-11-08 15:36:22.650 [main] INFO  o.s.d.r.c.RepositoryConfigurationDelegate - Finished Spring Data repository scanning in 17ms. Found 0 Redis repository interfaces.
2020-11-08 15:36:23.179 [main] INFO  o.s.b.w.e.tomcat.TomcatWebServer - Tomcat initialized with port(s): 8004 (http)
2020-11-08 15:36:23.186 [main] INFO  o.a.coyote.http11.Http11NioProtocol - Initializing ProtocolHandler ["http-nio-8004"]
2020-11-08 15:36:23.187 [main] INFO  o.a.catalina.core.StandardService - Starting service [Tomcat]
2020-11-08 15:36:23.187 [main] INFO  o.a.catalina.core.StandardEngine - Starting Servlet engine: [Apache Tomcat/9.0.31]
2020-11-08 15:36:23.272 [main] INFO  o.a.c.c.C.[Tomcat].[localhost].[/] - Initializing Spring embedded WebApplicationContext
2020-11-08 15:36:23.272 [main] INFO  o.s.web.context.ContextLoader - Root WebApplicationContext: initialization completed in 1426 ms
2020-11-08 15:36:28.975 [main] INFO  s.d.s.w.PropertySourcedRequestMappingHandlerMapping - Mapped URL path [/v2/api-docs] onto method [springfox.documentation.swagger2.web.Swagger2Controller#getDocumentation(String, HttpServletRequest)]
2020-11-08 15:36:29.114 [main] INFO  o.s.s.c.ThreadPoolTaskExecutor - Initializing ExecutorService 'applicationTaskExecutor'
2020-11-08 15:36:29.418 [main] INFO  s.d.s.w.p.DocumentationPluginsBootstrapper - Context refreshed
2020-11-08 15:36:29.433 [main] INFO  s.d.s.w.p.DocumentationPluginsBootstrapper - Found 1 custom documentation plugin(s)
2020-11-08 15:36:29.467 [main] INFO  s.d.s.w.s.ApiListingReferenceScanner - Scanning for api listing references
2020-11-08 15:36:29.627 [main] INFO  o.a.coyote.http11.Http11NioProtocol - Starting ProtocolHandler ["http-nio-8004"]
2020-11-08 15:36:29.658 [main] INFO  o.s.b.w.e.tomcat.TomcatWebServer - Tomcat started on port(s): 8004 (http) with context path ''
2020-11-08 15:36:29.661 [main] INFO  com.aiolos.news.FilesApplication - Started FilesApplication in 28.317 seconds (JVM running for 33.885)
2020-11-08 15:40:02.132 [http-nio-8004-exec-1] INFO  o.a.c.c.C.[Tomcat].[localhost].[/] - Initializing Spring DispatcherServlet 'dispatcherServlet'
2020-11-08 15:40:02.134 [http-nio-8004-exec-1] INFO  o.s.web.servlet.DispatcherServlet - Initializing Servlet 'dispatcherServlet'
2020-11-08 15:40:02.160 [http-nio-8004-exec-1] INFO  o.s.web.servlet.DispatcherServlet - Completed initialization in 26 ms
2020-11-08 15:40:02.293 [http-nio-8004-exec-2] INFO  c.a.news.aspect.ServiceLogAspect - ============ 开始执行 class com.aiolos.news.service.impl.UploadServiceImpl.uploadFastDFS ============
2020-11-08 15:40:02.349 [http-nio-8004-exec-2] INFO  c.a.n.c.advice.GlobalExceptionAdvice - 无法获取服务端连接资源：can't create connection to/120.26.73.8:22122
